<?xml version="1.0" encoding="UTF-8"?>
<testsuite xmlns:xsi="http://www.w3.org/2001/XMLSchema-instance" xsi:noNamespaceSchemaLocation="https://maven.apache.org/surefire/maven-surefire-plugin/xsd/surefire-test-report-3.0.xsd" version="3.0" name="com.example.employee_managment.controller.EmployeeControllerTest" time="0.37" tests="18" errors="0" skipped="0" failures="0">
  <properties>
    <property name="java.specification.version" value="24"/>
    <property name="sun.jnu.encoding" value="UTF-8"/>
    <property name="java.class.path" value="/Users/apeksha/Desktop/spring-boot-learning/employee_managment/target/test-classes:/Users/apeksha/Desktop/spring-boot-learning/employee_managment/target/classes:/Users/apeksha/.m2/repository/org/springframework/boot/spring-boot-starter-web/3.5.4/spring-boot-starter-web-3.5.4.jar:/Users/apeksha/.m2/repository/org/springframework/boot/spring-boot-starter/3.5.4/spring-boot-starter-3.5.4.jar:/Users/apeksha/.m2/repository/org/springframework/boot/spring-boot-starter-logging/3.5.4/spring-boot-starter-logging-3.5.4.jar:/Users/apeksha/.m2/repository/ch/qos/logback/logback-classic/1.5.18/logback-classic-1.5.18.jar:/Users/apeksha/.m2/repository/ch/qos/logback/logback-core/1.5.18/logback-core-1.5.18.jar:/Users/apeksha/.m2/repository/org/apache/logging/log4j/log4j-to-slf4j/2.24.3/log4j-to-slf4j-2.24.3.jar:/Users/apeksha/.m2/repository/org/apache/logging/log4j/log4j-api/2.24.3/log4j-api-2.24.3.jar:/Users/apeksha/.m2/repository/org/slf4j/jul-to-slf4j/2.0.17/jul-to-slf4j-2.0.17.jar:/Users/apeksha/.m2/repository/jakarta/annotation/jakarta.annotation-api/2.1.1/jakarta.annotation-api-2.1.1.jar:/Users/apeksha/.m2/repository/org/yaml/snakeyaml/2.4/snakeyaml-2.4.jar:/Users/apeksha/.m2/repository/org/springframework/boot/spring-boot-starter-json/3.5.4/spring-boot-starter-json-3.5.4.jar:/Users/apeksha/.m2/repository/com/fasterxml/jackson/core/jackson-databind/2.19.2/jackson-databind-2.19.2.jar:/Users/apeksha/.m2/repository/com/fasterxml/jackson/core/jackson-annotations/2.19.2/jackson-annotations-2.19.2.jar:/Users/apeksha/.m2/repository/com/fasterxml/jackson/core/jackson-core/2.19.2/jackson-core-2.19.2.jar:/Users/apeksha/.m2/repository/com/fasterxml/jackson/datatype/jackson-datatype-jdk8/2.19.2/jackson-datatype-jdk8-2.19.2.jar:/Users/apeksha/.m2/repository/com/fasterxml/jackson/datatype/jackson-datatype-jsr310/2.19.2/jackson-datatype-jsr310-2.19.2.jar:/Users/apeksha/.m2/repository/com/fasterxml/jackson/module/jackson-module-parameter-names/2.19.2/jackson-module-parameter-names-2.19.2.jar:/Users/apeksha/.m2/repository/org/springframework/boot/spring-boot-starter-tomcat/3.5.4/spring-boot-starter-tomcat-3.5.4.jar:/Users/apeksha/.m2/repository/org/apache/tomcat/embed/tomcat-embed-core/10.1.43/tomcat-embed-core-10.1.43.jar:/Users/apeksha/.m2/repository/org/apache/tomcat/embed/tomcat-embed-websocket/10.1.43/tomcat-embed-websocket-10.1.43.jar:/Users/apeksha/.m2/repository/org/springframework/spring-web/6.2.9/spring-web-6.2.9.jar:/Users/apeksha/.m2/repository/org/springframework/spring-beans/6.2.9/spring-beans-6.2.9.jar:/Users/apeksha/.m2/repository/io/micrometer/micrometer-observation/1.15.2/micrometer-observation-1.15.2.jar:/Users/apeksha/.m2/repository/io/micrometer/micrometer-commons/1.15.2/micrometer-commons-1.15.2.jar:/Users/apeksha/.m2/repository/org/springframework/spring-webmvc/6.2.9/spring-webmvc-6.2.9.jar:/Users/apeksha/.m2/repository/org/springframework/spring-aop/6.2.9/spring-aop-6.2.9.jar:/Users/apeksha/.m2/repository/org/springframework/spring-context/6.2.9/spring-context-6.2.9.jar:/Users/apeksha/.m2/repository/org/springframework/spring-expression/6.2.9/spring-expression-6.2.9.jar:/Users/apeksha/.m2/repository/org/springframework/boot/spring-boot-starter-data-jpa/3.5.4/spring-boot-starter-data-jpa-3.5.4.jar:/Users/apeksha/.m2/repository/org/springframework/boot/spring-boot-starter-jdbc/3.5.4/spring-boot-starter-jdbc-3.5.4.jar:/Users/apeksha/.m2/repository/com/zaxxer/HikariCP/6.3.1/HikariCP-6.3.1.jar:/Users/apeksha/.m2/repository/org/springframework/spring-jdbc/6.2.9/spring-jdbc-6.2.9.jar:/Users/apeksha/.m2/repository/org/hibernate/orm/hibernate-core/6.6.22.Final/hibernate-core-6.6.22.Final.jar:/Users/apeksha/.m2/repository/jakarta/persistence/jakarta.persistence-api/3.1.0/jakarta.persistence-api-3.1.0.jar:/Users/apeksha/.m2/repository/jakarta/transaction/jakarta.transaction-api/2.0.1/jakarta.transaction-api-2.0.1.jar:/Users/apeksha/.m2/repository/org/jboss/logging/jboss-logging/3.6.1.Final/jboss-logging-3.6.1.Final.jar:/Users/apeksha/.m2/repository/org/hibernate/common/hibernate-commons-annotations/7.0.3.Final/hibernate-commons-annotations-7.0.3.Final.jar:/Users/apeksha/.m2/repository/io/smallrye/jandex/3.2.0/jandex-3.2.0.jar:/Users/apeksha/.m2/repository/com/fasterxml/classmate/1.7.0/classmate-1.7.0.jar:/Users/apeksha/.m2/repository/org/glassfish/jaxb/jaxb-runtime/4.0.5/jaxb-runtime-4.0.5.jar:/Users/apeksha/.m2/repository/org/glassfish/jaxb/jaxb-core/4.0.5/jaxb-core-4.0.5.jar:/Users/apeksha/.m2/repository/org/eclipse/angus/angus-activation/2.0.2/angus-activation-2.0.2.jar:/Users/apeksha/.m2/repository/org/glassfish/jaxb/txw2/4.0.5/txw2-4.0.5.jar:/Users/apeksha/.m2/repository/com/sun/istack/istack-commons-runtime/4.1.2/istack-commons-runtime-4.1.2.jar:/Users/apeksha/.m2/repository/jakarta/inject/jakarta.inject-api/2.0.1/jakarta.inject-api-2.0.1.jar:/Users/apeksha/.m2/repository/org/antlr/antlr4-runtime/4.13.0/antlr4-runtime-4.13.0.jar:/Users/apeksha/.m2/repository/org/springframework/data/spring-data-jpa/3.5.2/spring-data-jpa-3.5.2.jar:/Users/apeksha/.m2/repository/org/springframework/data/spring-data-commons/3.5.2/spring-data-commons-3.5.2.jar:/Users/apeksha/.m2/repository/org/springframework/spring-orm/6.2.9/spring-orm-6.2.9.jar:/Users/apeksha/.m2/repository/org/springframework/spring-tx/6.2.9/spring-tx-6.2.9.jar:/Users/apeksha/.m2/repository/org/slf4j/slf4j-api/2.0.17/slf4j-api-2.0.17.jar:/Users/apeksha/.m2/repository/org/springframework/spring-aspects/6.2.9/spring-aspects-6.2.9.jar:/Users/apeksha/.m2/repository/org/aspectj/aspectjweaver/1.9.24/aspectjweaver-1.9.24.jar:/Users/apeksha/.m2/repository/org/springframework/boot/spring-boot-starter-validation/3.5.4/spring-boot-starter-validation-3.5.4.jar:/Users/apeksha/.m2/repository/org/apache/tomcat/embed/tomcat-embed-el/10.1.43/tomcat-embed-el-10.1.43.jar:/Users/apeksha/.m2/repository/org/hibernate/validator/hibernate-validator/8.0.2.Final/hibernate-validator-8.0.2.Final.jar:/Users/apeksha/.m2/repository/jakarta/validation/jakarta.validation-api/3.0.2/jakarta.validation-api-3.0.2.jar:/Users/apeksha/.m2/repository/com/mysql/mysql-connector-j/9.3.0/mysql-connector-j-9.3.0.jar:/Users/apeksha/.m2/repository/com/h2database/h2/2.3.232/h2-2.3.232.jar:/Users/apeksha/.m2/repository/org/springframework/boot/spring-boot-devtools/3.5.4/spring-boot-devtools-3.5.4.jar:/Users/apeksha/.m2/repository/org/springframework/boot/spring-boot/3.5.4/spring-boot-3.5.4.jar:/Users/apeksha/.m2/repository/org/springframework/boot/spring-boot-autoconfigure/3.5.4/spring-boot-autoconfigure-3.5.4.jar:/Users/apeksha/.m2/repository/org/springframework/boot/spring-boot-starter-test/3.5.4/spring-boot-starter-test-3.5.4.jar:/Users/apeksha/.m2/repository/org/springframework/boot/spring-boot-test/3.5.4/spring-boot-test-3.5.4.jar:/Users/apeksha/.m2/repository/org/springframework/boot/spring-boot-test-autoconfigure/3.5.4/spring-boot-test-autoconfigure-3.5.4.jar:/Users/apeksha/.m2/repository/com/jayway/jsonpath/json-path/2.9.0/json-path-2.9.0.jar:/Users/apeksha/.m2/repository/jakarta/xml/bind/jakarta.xml.bind-api/4.0.2/jakarta.xml.bind-api-4.0.2.jar:/Users/apeksha/.m2/repository/jakarta/activation/jakarta.activation-api/2.1.3/jakarta.activation-api-2.1.3.jar:/Users/apeksha/.m2/repository/net/minidev/json-smart/2.5.2/json-smart-2.5.2.jar:/Users/apeksha/.m2/repository/net/minidev/accessors-smart/2.5.2/accessors-smart-2.5.2.jar:/Users/apeksha/.m2/repository/org/ow2/asm/asm/9.7.1/asm-9.7.1.jar:/Users/apeksha/.m2/repository/org/assertj/assertj-core/3.27.3/assertj-core-3.27.3.jar:/Users/apeksha/.m2/repository/org/awaitility/awaitility/4.2.2/awaitility-4.2.2.jar:/Users/apeksha/.m2/repository/org/hamcrest/hamcrest/3.0/hamcrest-3.0.jar:/Users/apeksha/.m2/repository/org/junit/jupiter/junit-jupiter/5.12.2/junit-jupiter-5.12.2.jar:/Users/apeksha/.m2/repository/org/junit/jupiter/junit-jupiter-params/5.12.2/junit-jupiter-params-5.12.2.jar:/Users/apeksha/.m2/repository/org/skyscreamer/jsonassert/1.5.3/jsonassert-1.5.3.jar:/Users/apeksha/.m2/repository/com/vaadin/external/google/android-json/0.0.20131108.vaadin1/android-json-0.0.20131108.vaadin1.jar:/Users/apeksha/.m2/repository/org/springframework/spring-core/6.2.9/spring-core-6.2.9.jar:/Users/apeksha/.m2/repository/org/springframework/spring-jcl/6.2.9/spring-jcl-6.2.9.jar:/Users/apeksha/.m2/repository/org/springframework/spring-test/6.2.9/spring-test-6.2.9.jar:/Users/apeksha/.m2/repository/org/xmlunit/xmlunit-core/2.10.3/xmlunit-core-2.10.3.jar:/Users/apeksha/.m2/repository/org/junit/jupiter/junit-jupiter-api/5.12.2/junit-jupiter-api-5.12.2.jar:/Users/apeksha/.m2/repository/org/opentest4j/opentest4j/1.3.0/opentest4j-1.3.0.jar:/Users/apeksha/.m2/repository/org/junit/platform/junit-platform-commons/1.12.2/junit-platform-commons-1.12.2.jar:/Users/apeksha/.m2/repository/org/apiguardian/apiguardian-api/1.1.2/apiguardian-api-1.1.2.jar:/Users/apeksha/.m2/repository/org/junit/jupiter/junit-jupiter-engine/5.12.2/junit-jupiter-engine-5.12.2.jar:/Users/apeksha/.m2/repository/org/junit/platform/junit-platform-engine/1.12.2/junit-platform-engine-1.12.2.jar:/Users/apeksha/.m2/repository/org/mockito/mockito-core/5.17.0/mockito-core-5.17.0.jar:/Users/apeksha/.m2/repository/net/bytebuddy/byte-buddy/1.17.6/byte-buddy-1.17.6.jar:/Users/apeksha/.m2/repository/net/bytebuddy/byte-buddy-agent/1.17.6/byte-buddy-agent-1.17.6.jar:/Users/apeksha/.m2/repository/org/objenesis/objenesis/3.3/objenesis-3.3.jar:/Users/apeksha/.m2/repository/org/mockito/mockito-junit-jupiter/5.17.0/mockito-junit-jupiter-5.17.0.jar:"/>
    <property name="java.vm.vendor" value="Homebrew"/>
    <property name="sun.arch.data.model" value="64"/>
    <property name="java.vendor.url" value="https://github.com/Homebrew/homebrew-core/issues"/>
    <property name="user.timezone" value="Asia/Kolkata"/>
    <property name="org.jboss.logging.provider" value="slf4j"/>
    <property name="os.name" value="Mac OS X"/>
    <property name="java.vm.specification.version" value="24"/>
    <property name="APPLICATION_NAME" value="employee_management"/>
    <property name="sun.java.launcher" value="SUN_STANDARD"/>
    <property name="user.country" value="IN"/>
    <property name="sun.boot.library.path" value="/opt/homebrew/Cellar/openjdk/24.0.1/libexec/openjdk.jdk/Contents/Home/lib"/>
    <property name="sun.java.command" value="/Users/apeksha/Desktop/spring-boot-learning/employee_managment/target/surefire/surefirebooter-20250820103211629_3.jar /Users/apeksha/Desktop/spring-boot-learning/employee_managment/target/surefire 2025-08-20T10-32-11_587-jvmRun1 surefire-20250820103211629_1tmp surefire_0-20250820103211629_2tmp"/>
    <property name="http.nonProxyHosts" value="local|*.local|169.254/16|*.169.254/16"/>
    <property name="jdk.debug" value="release"/>
    <property name="surefire.test.class.path" value="/Users/apeksha/Desktop/spring-boot-learning/employee_managment/target/test-classes:/Users/apeksha/Desktop/spring-boot-learning/employee_managment/target/classes:/Users/apeksha/.m2/repository/org/springframework/boot/spring-boot-starter-web/3.5.4/spring-boot-starter-web-3.5.4.jar:/Users/apeksha/.m2/repository/org/springframework/boot/spring-boot-starter/3.5.4/spring-boot-starter-3.5.4.jar:/Users/apeksha/.m2/repository/org/springframework/boot/spring-boot-starter-logging/3.5.4/spring-boot-starter-logging-3.5.4.jar:/Users/apeksha/.m2/repository/ch/qos/logback/logback-classic/1.5.18/logback-classic-1.5.18.jar:/Users/apeksha/.m2/repository/ch/qos/logback/logback-core/1.5.18/logback-core-1.5.18.jar:/Users/apeksha/.m2/repository/org/apache/logging/log4j/log4j-to-slf4j/2.24.3/log4j-to-slf4j-2.24.3.jar:/Users/apeksha/.m2/repository/org/apache/logging/log4j/log4j-api/2.24.3/log4j-api-2.24.3.jar:/Users/apeksha/.m2/repository/org/slf4j/jul-to-slf4j/2.0.17/jul-to-slf4j-2.0.17.jar:/Users/apeksha/.m2/repository/jakarta/annotation/jakarta.annotation-api/2.1.1/jakarta.annotation-api-2.1.1.jar:/Users/apeksha/.m2/repository/org/yaml/snakeyaml/2.4/snakeyaml-2.4.jar:/Users/apeksha/.m2/repository/org/springframework/boot/spring-boot-starter-json/3.5.4/spring-boot-starter-json-3.5.4.jar:/Users/apeksha/.m2/repository/com/fasterxml/jackson/core/jackson-databind/2.19.2/jackson-databind-2.19.2.jar:/Users/apeksha/.m2/repository/com/fasterxml/jackson/core/jackson-annotations/2.19.2/jackson-annotations-2.19.2.jar:/Users/apeksha/.m2/repository/com/fasterxml/jackson/core/jackson-core/2.19.2/jackson-core-2.19.2.jar:/Users/apeksha/.m2/repository/com/fasterxml/jackson/datatype/jackson-datatype-jdk8/2.19.2/jackson-datatype-jdk8-2.19.2.jar:/Users/apeksha/.m2/repository/com/fasterxml/jackson/datatype/jackson-datatype-jsr310/2.19.2/jackson-datatype-jsr310-2.19.2.jar:/Users/apeksha/.m2/repository/com/fasterxml/jackson/module/jackson-module-parameter-names/2.19.2/jackson-module-parameter-names-2.19.2.jar:/Users/apeksha/.m2/repository/org/springframework/boot/spring-boot-starter-tomcat/3.5.4/spring-boot-starter-tomcat-3.5.4.jar:/Users/apeksha/.m2/repository/org/apache/tomcat/embed/tomcat-embed-core/10.1.43/tomcat-embed-core-10.1.43.jar:/Users/apeksha/.m2/repository/org/apache/tomcat/embed/tomcat-embed-websocket/10.1.43/tomcat-embed-websocket-10.1.43.jar:/Users/apeksha/.m2/repository/org/springframework/spring-web/6.2.9/spring-web-6.2.9.jar:/Users/apeksha/.m2/repository/org/springframework/spring-beans/6.2.9/spring-beans-6.2.9.jar:/Users/apeksha/.m2/repository/io/micrometer/micrometer-observation/1.15.2/micrometer-observation-1.15.2.jar:/Users/apeksha/.m2/repository/io/micrometer/micrometer-commons/1.15.2/micrometer-commons-1.15.2.jar:/Users/apeksha/.m2/repository/org/springframework/spring-webmvc/6.2.9/spring-webmvc-6.2.9.jar:/Users/apeksha/.m2/repository/org/springframework/spring-aop/6.2.9/spring-aop-6.2.9.jar:/Users/apeksha/.m2/repository/org/springframework/spring-context/6.2.9/spring-context-6.2.9.jar:/Users/apeksha/.m2/repository/org/springframework/spring-expression/6.2.9/spring-expression-6.2.9.jar:/Users/apeksha/.m2/repository/org/springframework/boot/spring-boot-starter-data-jpa/3.5.4/spring-boot-starter-data-jpa-3.5.4.jar:/Users/apeksha/.m2/repository/org/springframework/boot/spring-boot-starter-jdbc/3.5.4/spring-boot-starter-jdbc-3.5.4.jar:/Users/apeksha/.m2/repository/com/zaxxer/HikariCP/6.3.1/HikariCP-6.3.1.jar:/Users/apeksha/.m2/repository/org/springframework/spring-jdbc/6.2.9/spring-jdbc-6.2.9.jar:/Users/apeksha/.m2/repository/org/hibernate/orm/hibernate-core/6.6.22.Final/hibernate-core-6.6.22.Final.jar:/Users/apeksha/.m2/repository/jakarta/persistence/jakarta.persistence-api/3.1.0/jakarta.persistence-api-3.1.0.jar:/Users/apeksha/.m2/repository/jakarta/transaction/jakarta.transaction-api/2.0.1/jakarta.transaction-api-2.0.1.jar:/Users/apeksha/.m2/repository/org/jboss/logging/jboss-logging/3.6.1.Final/jboss-logging-3.6.1.Final.jar:/Users/apeksha/.m2/repository/org/hibernate/common/hibernate-commons-annotations/7.0.3.Final/hibernate-commons-annotations-7.0.3.Final.jar:/Users/apeksha/.m2/repository/io/smallrye/jandex/3.2.0/jandex-3.2.0.jar:/Users/apeksha/.m2/repository/com/fasterxml/classmate/1.7.0/classmate-1.7.0.jar:/Users/apeksha/.m2/repository/org/glassfish/jaxb/jaxb-runtime/4.0.5/jaxb-runtime-4.0.5.jar:/Users/apeksha/.m2/repository/org/glassfish/jaxb/jaxb-core/4.0.5/jaxb-core-4.0.5.jar:/Users/apeksha/.m2/repository/org/eclipse/angus/angus-activation/2.0.2/angus-activation-2.0.2.jar:/Users/apeksha/.m2/repository/org/glassfish/jaxb/txw2/4.0.5/txw2-4.0.5.jar:/Users/apeksha/.m2/repository/com/sun/istack/istack-commons-runtime/4.1.2/istack-commons-runtime-4.1.2.jar:/Users/apeksha/.m2/repository/jakarta/inject/jakarta.inject-api/2.0.1/jakarta.inject-api-2.0.1.jar:/Users/apeksha/.m2/repository/org/antlr/antlr4-runtime/4.13.0/antlr4-runtime-4.13.0.jar:/Users/apeksha/.m2/repository/org/springframework/data/spring-data-jpa/3.5.2/spring-data-jpa-3.5.2.jar:/Users/apeksha/.m2/repository/org/springframework/data/spring-data-commons/3.5.2/spring-data-commons-3.5.2.jar:/Users/apeksha/.m2/repository/org/springframework/spring-orm/6.2.9/spring-orm-6.2.9.jar:/Users/apeksha/.m2/repository/org/springframework/spring-tx/6.2.9/spring-tx-6.2.9.jar:/Users/apeksha/.m2/repository/org/slf4j/slf4j-api/2.0.17/slf4j-api-2.0.17.jar:/Users/apeksha/.m2/repository/org/springframework/spring-aspects/6.2.9/spring-aspects-6.2.9.jar:/Users/apeksha/.m2/repository/org/aspectj/aspectjweaver/1.9.24/aspectjweaver-1.9.24.jar:/Users/apeksha/.m2/repository/org/springframework/boot/spring-boot-starter-validation/3.5.4/spring-boot-starter-validation-3.5.4.jar:/Users/apeksha/.m2/repository/org/apache/tomcat/embed/tomcat-embed-el/10.1.43/tomcat-embed-el-10.1.43.jar:/Users/apeksha/.m2/repository/org/hibernate/validator/hibernate-validator/8.0.2.Final/hibernate-validator-8.0.2.Final.jar:/Users/apeksha/.m2/repository/jakarta/validation/jakarta.validation-api/3.0.2/jakarta.validation-api-3.0.2.jar:/Users/apeksha/.m2/repository/com/mysql/mysql-connector-j/9.3.0/mysql-connector-j-9.3.0.jar:/Users/apeksha/.m2/repository/com/h2database/h2/2.3.232/h2-2.3.232.jar:/Users/apeksha/.m2/repository/org/springframework/boot/spring-boot-devtools/3.5.4/spring-boot-devtools-3.5.4.jar:/Users/apeksha/.m2/repository/org/springframework/boot/spring-boot/3.5.4/spring-boot-3.5.4.jar:/Users/apeksha/.m2/repository/org/springframework/boot/spring-boot-autoconfigure/3.5.4/spring-boot-autoconfigure-3.5.4.jar:/Users/apeksha/.m2/repository/org/springframework/boot/spring-boot-starter-test/3.5.4/spring-boot-starter-test-3.5.4.jar:/Users/apeksha/.m2/repository/org/springframework/boot/spring-boot-test/3.5.4/spring-boot-test-3.5.4.jar:/Users/apeksha/.m2/repository/org/springframework/boot/spring-boot-test-autoconfigure/3.5.4/spring-boot-test-autoconfigure-3.5.4.jar:/Users/apeksha/.m2/repository/com/jayway/jsonpath/json-path/2.9.0/json-path-2.9.0.jar:/Users/apeksha/.m2/repository/jakarta/xml/bind/jakarta.xml.bind-api/4.0.2/jakarta.xml.bind-api-4.0.2.jar:/Users/apeksha/.m2/repository/jakarta/activation/jakarta.activation-api/2.1.3/jakarta.activation-api-2.1.3.jar:/Users/apeksha/.m2/repository/net/minidev/json-smart/2.5.2/json-smart-2.5.2.jar:/Users/apeksha/.m2/repository/net/minidev/accessors-smart/2.5.2/accessors-smart-2.5.2.jar:/Users/apeksha/.m2/repository/org/ow2/asm/asm/9.7.1/asm-9.7.1.jar:/Users/apeksha/.m2/repository/org/assertj/assertj-core/3.27.3/assertj-core-3.27.3.jar:/Users/apeksha/.m2/repository/org/awaitility/awaitility/4.2.2/awaitility-4.2.2.jar:/Users/apeksha/.m2/repository/org/hamcrest/hamcrest/3.0/hamcrest-3.0.jar:/Users/apeksha/.m2/repository/org/junit/jupiter/junit-jupiter/5.12.2/junit-jupiter-5.12.2.jar:/Users/apeksha/.m2/repository/org/junit/jupiter/junit-jupiter-params/5.12.2/junit-jupiter-params-5.12.2.jar:/Users/apeksha/.m2/repository/org/skyscreamer/jsonassert/1.5.3/jsonassert-1.5.3.jar:/Users/apeksha/.m2/repository/com/vaadin/external/google/android-json/0.0.20131108.vaadin1/android-json-0.0.20131108.vaadin1.jar:/Users/apeksha/.m2/repository/org/springframework/spring-core/6.2.9/spring-core-6.2.9.jar:/Users/apeksha/.m2/repository/org/springframework/spring-jcl/6.2.9/spring-jcl-6.2.9.jar:/Users/apeksha/.m2/repository/org/springframework/spring-test/6.2.9/spring-test-6.2.9.jar:/Users/apeksha/.m2/repository/org/xmlunit/xmlunit-core/2.10.3/xmlunit-core-2.10.3.jar:/Users/apeksha/.m2/repository/org/junit/jupiter/junit-jupiter-api/5.12.2/junit-jupiter-api-5.12.2.jar:/Users/apeksha/.m2/repository/org/opentest4j/opentest4j/1.3.0/opentest4j-1.3.0.jar:/Users/apeksha/.m2/repository/org/junit/platform/junit-platform-commons/1.12.2/junit-platform-commons-1.12.2.jar:/Users/apeksha/.m2/repository/org/apiguardian/apiguardian-api/1.1.2/apiguardian-api-1.1.2.jar:/Users/apeksha/.m2/repository/org/junit/jupiter/junit-jupiter-engine/5.12.2/junit-jupiter-engine-5.12.2.jar:/Users/apeksha/.m2/repository/org/junit/platform/junit-platform-engine/1.12.2/junit-platform-engine-1.12.2.jar:/Users/apeksha/.m2/repository/org/mockito/mockito-core/5.17.0/mockito-core-5.17.0.jar:/Users/apeksha/.m2/repository/net/bytebuddy/byte-buddy/1.17.6/byte-buddy-1.17.6.jar:/Users/apeksha/.m2/repository/net/bytebuddy/byte-buddy-agent/1.17.6/byte-buddy-agent-1.17.6.jar:/Users/apeksha/.m2/repository/org/objenesis/objenesis/3.3/objenesis-3.3.jar:/Users/apeksha/.m2/repository/org/mockito/mockito-junit-jupiter/5.17.0/mockito-junit-jupiter-5.17.0.jar:"/>
    <property name="sun.cpu.endian" value="little"/>
    <property name="user.home" value="/Users/apeksha"/>
    <property name="user.language" value="en"/>
    <property name="java.specification.vendor" value="Oracle Corporation"/>
    <property name="java.version.date" value="2025-04-15"/>
    <property name="java.home" value="/opt/homebrew/Cellar/openjdk/24.0.1/libexec/openjdk.jdk/Contents/Home"/>
    <property name="file.separator" value="/"/>
    <property name="basedir" value="/Users/apeksha/Desktop/spring-boot-learning/employee_managment"/>
    <property name="java.vm.compressedOopsMode" value="Zero based"/>
    <property name="line.separator" value="&#10;"/>
    <property name="java.vm.specification.vendor" value="Oracle Corporation"/>
    <property name="java.specification.name" value="Java Platform API Specification"/>
    <property name="FILE_LOG_CHARSET" value="UTF-8"/>
    <property name="java.awt.headless" value="true"/>
    <property name="apple.awt.application.name" value="ForkedBooter"/>
    <property name="surefire.real.class.path" value="/Users/apeksha/Desktop/spring-boot-learning/employee_managment/target/surefire/surefirebooter-20250820103211629_3.jar"/>
    <property name="sun.management.compiler" value="HotSpot 64-Bit Tiered Compilers"/>
    <property name="ftp.nonProxyHosts" value="local|*.local|169.254/16|*.169.254/16"/>
    <property name="java.runtime.version" value="24.0.1"/>
    <property name="user.name" value="apeksha"/>
    <property name="stdout.encoding" value="UTF-8"/>
    <property name="path.separator" value=":"/>
    <property name="os.version" value="14.0"/>
    <property name="java.runtime.name" value="OpenJDK Runtime Environment"/>
    <property name="file.encoding" value="UTF-8"/>
    <property name="java.vm.name" value="OpenJDK 64-Bit Server VM"/>
    <property name="java.vendor.version" value="Homebrew"/>
    <property name="localRepository" value="/Users/apeksha/.m2/repository"/>
    <property name="java.vendor.url.bug" value="https://github.com/Homebrew/homebrew-core/issues"/>
    <property name="java.io.tmpdir" value="/var/folders/98/v974bq093gl7dkyvwsx1dv5w0000gn/T/"/>
    <property name="com.zaxxer.hikari.pool_number" value="1"/>
    <property name="java.version" value="24.0.1"/>
    <property name="user.dir" value="/Users/apeksha/Desktop/spring-boot-learning/employee_managment"/>
    <property name="os.arch" value="aarch64"/>
    <property name="java.vm.specification.name" value="Java Virtual Machine Specification"/>
    <property name="PID" value="34558"/>
    <property name="CONSOLE_LOG_CHARSET" value="UTF-8"/>
    <property name="native.encoding" value="UTF-8"/>
    <property name="java.library.path" value="/Users/apeksha/Library/Java/Extensions:/Library/Java/Extensions:/Network/Library/Java/Extensions:/System/Library/Java/Extensions:/usr/lib/java:."/>
    <property name="java.vm.info" value="mixed mode, sharing"/>
    <property name="stderr.encoding" value="UTF-8"/>
    <property name="java.vendor" value="Homebrew"/>
    <property name="java.vm.version" value="24.0.1"/>
    <property name="sun.io.unicode.encoding" value="UnicodeBig"/>
    <property name="socksNonProxyHosts" value="local|*.local|169.254/16|*.169.254/16"/>
    <property name="java.class.version" value="68.0"/>
    <property name="LOGGED_APPLICATION_NAME" value="[employee_management] "/>
  </properties>
  <testcase name="testGetEmployeesByPosition" classname="com.example.employee_managment.controller.EmployeeControllerTest" time="0.078">
    <system-out><![CDATA[2025-08-20T10:32:14.838+05:30 DEBUG 34558 --- [employee_management] [           main] o.s.t.c.support.AbstractContextLoader    : Could not detect default resource locations for test class [com.example.employee_managment.controller.EmployeeControllerTest]: no resource found for suffixes {-context.xml, Context.groovy}.
2025-08-20T10:32:14.838+05:30  INFO 34558 --- [employee_management] [           main] t.c.s.AnnotationConfigContextLoaderUtils : Could not detect default configuration classes for test class [com.example.employee_managment.controller.EmployeeControllerTest]: EmployeeControllerTest does not declare any static, non-private, non-final, nested classes annotated with @Configuration.
2025-08-20T10:32:14.847+05:30  INFO 34558 --- [employee_management] [           main] .b.t.c.SpringBootTestContextBootstrapper : Found @SpringBootConfiguration com.example.employee_managment.EmployeeManagmentApplication for test class com.example.employee_managment.controller.EmployeeControllerTest
2025-08-20T10:32:14.847+05:30 DEBUG 34558 --- [employee_management] [           main] .s.t.c.u.TestContextSpringFactoriesUtils : Skipping candidate TestExecutionListener [org.springframework.test.context.observation.MicrometerObservationRegistryTestExecutionListener] due to a missing dependency. Specify custom TestExecutionListener classes or make the default TestExecutionListener classes and their required dependencies available. Offending class: io.micrometer.context.ThreadLocalAccessor. MicrometerObservationRegistryTestExecutionListener requires io.micrometer:micrometer-observation:1.10.8 or higher and io.micrometer:context-propagation:1.0.3 or higher.
2025-08-20T10:32:14.847+05:30 DEBUG 34558 --- [employee_management] [           main] sContextBeforeModesTestExecutionListener : Before test class: class [EmployeeControllerTest], class annotated with @DirtiesContext [false] with mode [null]
2025-08-20T10:32:14.848+05:30  INFO 34558 --- [employee_management] [           main] o.s.b.d.r.RestartApplicationListener     : Restart disabled due to context in which it is running

  .   ____          _            __ _ _
 /\\ / ___'_ __ _ _(_)_ __  __ _ \ \ \ \
( ( )\___ | '_ | '_| | '_ \/ _` | \ \ \ \
 \\/  ___)| |_)| | | | | || (_| |  ) ) ) )
  '  |____| .__|_| |_|_| |_\__, | / / / /
 =========|_|==============|___/=/_/_/_/

 :: Spring Boot ::                (v3.5.4)

2025-08-20T10:32:14.856+05:30  INFO 34558 --- [employee_management] [           main] c.e.e.controller.EmployeeControllerTest  : Starting EmployeeControllerTest using Java 24.0.1 with PID 34558 (started by apeksha in /Users/apeksha/Desktop/spring-boot-learning/employee_managment)
2025-08-20T10:32:14.856+05:30  INFO 34558 --- [employee_management] [           main] c.e.e.controller.EmployeeControllerTest  : No active profile set, falling back to 1 default profile: "default"
2025-08-20T10:32:14.856+05:30 DEBUG 34558 --- [employee_management] [           main] o.s.w.c.s.GenericWebApplicationContext   : Refreshing org.springframework.web.context.support.GenericWebApplicationContext@33458d84
2025-08-20T10:32:14.990+05:30 DEBUG 34558 --- [employee_management] [           main] s.w.s.m.m.a.RequestMappingHandlerMapping : 12 mappings in 'requestMappingHandlerMapping'
2025-08-20T10:32:15.003+05:30 DEBUG 34558 --- [employee_management] [           main] o.s.w.s.handler.SimpleUrlHandlerMapping  : Patterns [/webjars/**, /**] in 'resourceHandlerMapping'
2025-08-20T10:32:15.005+05:30 DEBUG 34558 --- [employee_management] [           main] s.w.s.m.m.a.RequestMappingHandlerAdapter : ControllerAdvice beans: 0 @ModelAttribute, 0 @InitBinder, 1 RequestBodyAdvice, 1 ResponseBodyAdvice
2025-08-20T10:32:15.007+05:30 DEBUG 34558 --- [employee_management] [           main] .m.m.a.ExceptionHandlerExceptionResolver : ControllerAdvice beans: 0 @ExceptionHandler, 1 ResponseBodyAdvice
2025-08-20T10:32:15.021+05:30  INFO 34558 --- [employee_management] [           main] o.s.b.t.m.w.SpringBootMockServletContext : Initializing Spring TestDispatcherServlet ''
2025-08-20T10:32:15.021+05:30  INFO 34558 --- [employee_management] [           main] o.s.t.web.servlet.TestDispatcherServlet  : Initializing Servlet ''
2025-08-20T10:32:15.021+05:30 DEBUG 34558 --- [employee_management] [           main] o.s.t.web.servlet.TestDispatcherServlet  : Detected AcceptHeaderLocaleResolver
2025-08-20T10:32:15.021+05:30 DEBUG 34558 --- [employee_management] [           main] o.s.t.web.servlet.TestDispatcherServlet  : Detected FixedThemeResolver
2025-08-20T10:32:15.021+05:30 DEBUG 34558 --- [employee_management] [           main] o.s.t.web.servlet.TestDispatcherServlet  : Detected org.springframework.web.servlet.view.DefaultRequestToViewNameTranslator@7655a302
2025-08-20T10:32:15.021+05:30 DEBUG 34558 --- [employee_management] [           main] o.s.t.web.servlet.TestDispatcherServlet  : Detected org.springframework.web.servlet.support.SessionFlashMapManager@1ef46efc
2025-08-20T10:32:15.022+05:30 DEBUG 34558 --- [employee_management] [           main] o.s.t.web.servlet.TestDispatcherServlet  : enableLoggingRequestDetails='false': request parameters and headers will be masked to prevent unsafe logging of potentially sensitive data
2025-08-20T10:32:15.022+05:30  INFO 34558 --- [employee_management] [           main] o.s.t.web.servlet.TestDispatcherServlet  : Completed initialization in 1 ms
2025-08-20T10:32:15.030+05:30  INFO 34558 --- [employee_management] [           main] c.e.e.controller.EmployeeControllerTest  : Started EmployeeControllerTest in 0.182 seconds (process running for 3.363)
2025-08-20T10:32:15.030+05:30 DEBUG 34558 --- [employee_management] [           main] org.springframework.test.context.cache   : Spring test ApplicationContext cache statistics: [DefaultContextCache@5834298c size = 3, maxSize = 32, parentContextCount = 0, hitCount = 226, missCount = 3, failureCount = 0]
2025-08-20T10:32:15.031+05:30 DEBUG 34558 --- [employee_management] [           main] DependencyInjectionTestExecutionListener : Performing dependency injection for test class com.example.employee_managment.controller.EmployeeControllerTest
2025-08-20T10:32:15.031+05:30 DEBUG 34558 --- [employee_management] [           main] org.springframework.test.context.cache   : Spring test ApplicationContext cache statistics: [DefaultContextCache@5834298c size = 3, maxSize = 32, parentContextCount = 0, hitCount = 227, missCount = 3, failureCount = 0]
2025-08-20T10:32:15.033+05:30 DEBUG 34558 --- [employee_management] [           main] org.springframework.test.context.cache   : Spring test ApplicationContext cache statistics: [DefaultContextCache@5834298c size = 3, maxSize = 32, parentContextCount = 0, hitCount = 228, missCount = 3, failureCount = 0]
2025-08-20T10:32:15.033+05:30 DEBUG 34558 --- [employee_management] [           main] sContextBeforeModesTestExecutionListener : Before test method: class [EmployeeControllerTest], method [testGetEmployeesByPosition], class annotated with @DirtiesContext [false] with mode [null], method annotated with @DirtiesContext [false] with mode [null]
2025-08-20T10:32:15.034+05:30 DEBUG 34558 --- [employee_management] [           main] org.springframework.test.context.cache   : Spring test ApplicationContext cache statistics: [DefaultContextCache@5834298c size = 3, maxSize = 32, parentContextCount = 0, hitCount = 229, missCount = 3, failureCount = 0]
2025-08-20T10:32:15.034+05:30 DEBUG 34558 --- [employee_management] [           main] org.springframework.test.context.cache   : Spring test ApplicationContext cache statistics: [DefaultContextCache@5834298c size = 3, maxSize = 32, parentContextCount = 0, hitCount = 230, missCount = 3, failureCount = 0]
2025-08-20T10:32:15.035+05:30 DEBUG 34558 --- [employee_management] [           main] org.springframework.test.context.cache   : Spring test ApplicationContext cache statistics: [DefaultContextCache@5834298c size = 3, maxSize = 32, parentContextCount = 0, hitCount = 231, missCount = 3, failureCount = 0]
2025-08-20T10:32:15.035+05:30 DEBUG 34558 --- [employee_management] [           main] org.springframework.test.context.cache   : Spring test ApplicationContext cache statistics: [DefaultContextCache@5834298c size = 3, maxSize = 32, parentContextCount = 0, hitCount = 232, missCount = 3, failureCount = 0]
2025-08-20T10:32:15.053+05:30 DEBUG 34558 --- [employee_management] [           main] o.s.t.web.servlet.TestDispatcherServlet  : GET "/api/employees/position/Software%20Engineer", parameters={}
2025-08-20T10:32:15.057+05:30 DEBUG 34558 --- [employee_management] [           main] s.w.s.m.m.a.RequestMappingHandlerMapping : Mapped to com.example.employee_managment.controller.EmployeeController#getEmployeesByPosition(String)
2025-08-20T10:32:15.078+05:30 DEBUG 34558 --- [employee_management] [           main] o.s.w.s.m.m.a.HttpEntityMethodProcessor  : Using 'application/json', given [*/*] and supported [application/json, application/*+json]
2025-08-20T10:32:15.079+05:30 DEBUG 34558 --- [employee_management] [           main] o.s.w.s.m.m.a.HttpEntityMethodProcessor  : Writing [[Employee{id=1, firstName='John', lastName='Doe', email='john.doe@example.com', position='Software E (truncated)...]
2025-08-20T10:32:15.090+05:30 DEBUG 34558 --- [employee_management] [           main] o.s.t.web.servlet.TestDispatcherServlet  : Completed 200 OK
2025-08-20T10:32:15.110+05:30 DEBUG 34558 --- [employee_management] [           main] org.springframework.test.context.cache   : Spring test ApplicationContext cache statistics: [DefaultContextCache@5834298c size = 3, maxSize = 32, parentContextCount = 0, hitCount = 233, missCount = 3, failureCount = 0]
2025-08-20T10:32:15.110+05:30 DEBUG 34558 --- [employee_management] [           main] org.springframework.test.context.cache   : Spring test ApplicationContext cache statistics: [DefaultContextCache@5834298c size = 3, maxSize = 32, parentContextCount = 0, hitCount = 234, missCount = 3, failureCount = 0]
2025-08-20T10:32:15.110+05:30 DEBUG 34558 --- [employee_management] [           main] org.springframework.test.context.cache   : Spring test ApplicationContext cache statistics: [DefaultContextCache@5834298c size = 3, maxSize = 32, parentContextCount = 0, hitCount = 235, missCount = 3, failureCount = 0]
2025-08-20T10:32:15.110+05:30 DEBUG 34558 --- [employee_management] [           main] org.springframework.test.context.cache   : Spring test ApplicationContext cache statistics: [DefaultContextCache@5834298c size = 3, maxSize = 32, parentContextCount = 0, hitCount = 236, missCount = 3, failureCount = 0]
2025-08-20T10:32:15.110+05:30 DEBUG 34558 --- [employee_management] [           main] org.springframework.test.context.cache   : Spring test ApplicationContext cache statistics: [DefaultContextCache@5834298c size = 3, maxSize = 32, parentContextCount = 0, hitCount = 237, missCount = 3, failureCount = 0]
2025-08-20T10:32:15.110+05:30 DEBUG 34558 --- [employee_management] [           main] org.springframework.test.context.cache   : Spring test ApplicationContext cache statistics: [DefaultContextCache@5834298c size = 3, maxSize = 32, parentContextCount = 0, hitCount = 238, missCount = 3, failureCount = 0]
2025-08-20T10:32:15.110+05:30 DEBUG 34558 --- [employee_management] [           main] org.springframework.test.context.cache   : Spring test ApplicationContext cache statistics: [DefaultContextCache@5834298c size = 3, maxSize = 32, parentContextCount = 0, hitCount = 239, missCount = 3, failureCount = 0]
2025-08-20T10:32:15.111+05:30 DEBUG 34558 --- [employee_management] [           main] .c.s.DirtiesContextTestExecutionListener : After test method: class [EmployeeControllerTest], method [testGetEmployeesByPosition], class annotated with @DirtiesContext [false] with mode [null], method annotated with @DirtiesContext [false] with mode [null]
]]></system-out>
  </testcase>
  <testcase name="testDeleteEmployeeSuccess" classname="com.example.employee_managment.controller.EmployeeControllerTest" time="0.004">
    <system-out><![CDATA[2025-08-20T10:32:15.111+05:30 DEBUG 34558 --- [employee_management] [           main] org.springframework.test.context.cache   : Spring test ApplicationContext cache statistics: [DefaultContextCache@5834298c size = 3, maxSize = 32, parentContextCount = 0, hitCount = 240, missCount = 3, failureCount = 0]
2025-08-20T10:32:15.112+05:30 DEBUG 34558 --- [employee_management] [           main] DependencyInjectionTestExecutionListener : Performing dependency injection for test class com.example.employee_managment.controller.EmployeeControllerTest
2025-08-20T10:32:15.112+05:30 DEBUG 34558 --- [employee_management] [           main] org.springframework.test.context.cache   : Spring test ApplicationContext cache statistics: [DefaultContextCache@5834298c size = 3, maxSize = 32, parentContextCount = 0, hitCount = 241, missCount = 3, failureCount = 0]
2025-08-20T10:32:15.112+05:30 DEBUG 34558 --- [employee_management] [           main] org.springframework.test.context.cache   : Spring test ApplicationContext cache statistics: [DefaultContextCache@5834298c size = 3, maxSize = 32, parentContextCount = 0, hitCount = 242, missCount = 3, failureCount = 0]
2025-08-20T10:32:15.112+05:30 DEBUG 34558 --- [employee_management] [           main] sContextBeforeModesTestExecutionListener : Before test method: class [EmployeeControllerTest], method [testDeleteEmployeeSuccess], class annotated with @DirtiesContext [false] with mode [null], method annotated with @DirtiesContext [false] with mode [null]
2025-08-20T10:32:15.112+05:30 DEBUG 34558 --- [employee_management] [           main] org.springframework.test.context.cache   : Spring test ApplicationContext cache statistics: [DefaultContextCache@5834298c size = 3, maxSize = 32, parentContextCount = 0, hitCount = 243, missCount = 3, failureCount = 0]
2025-08-20T10:32:15.112+05:30 DEBUG 34558 --- [employee_management] [           main] org.springframework.test.context.cache   : Spring test ApplicationContext cache statistics: [DefaultContextCache@5834298c size = 3, maxSize = 32, parentContextCount = 0, hitCount = 244, missCount = 3, failureCount = 0]
2025-08-20T10:32:15.113+05:30 DEBUG 34558 --- [employee_management] [           main] org.springframework.test.context.cache   : Spring test ApplicationContext cache statistics: [DefaultContextCache@5834298c size = 3, maxSize = 32, parentContextCount = 0, hitCount = 245, missCount = 3, failureCount = 0]
2025-08-20T10:32:15.113+05:30 DEBUG 34558 --- [employee_management] [           main] org.springframework.test.context.cache   : Spring test ApplicationContext cache statistics: [DefaultContextCache@5834298c size = 3, maxSize = 32, parentContextCount = 0, hitCount = 246, missCount = 3, failureCount = 0]
2025-08-20T10:32:15.114+05:30 DEBUG 34558 --- [employee_management] [           main] o.s.t.web.servlet.TestDispatcherServlet  : DELETE "/api/employees/1", parameters={}
2025-08-20T10:32:15.114+05:30 DEBUG 34558 --- [employee_management] [           main] s.w.s.m.m.a.RequestMappingHandlerMapping : Mapped to com.example.employee_managment.controller.EmployeeController#deleteEmployee(Long)
2025-08-20T10:32:15.115+05:30 DEBUG 34558 --- [employee_management] [           main] o.s.w.s.m.m.a.HttpEntityMethodProcessor  : Using 'application/json', given [*/*] and supported [application/json, application/*+json]
2025-08-20T10:32:15.115+05:30 DEBUG 34558 --- [employee_management] [           main] o.s.w.s.m.m.a.HttpEntityMethodProcessor  : Nothing to write: null body
2025-08-20T10:32:15.115+05:30 DEBUG 34558 --- [employee_management] [           main] o.s.t.web.servlet.TestDispatcherServlet  : Completed 204 NO_CONTENT
2025-08-20T10:32:15.115+05:30 DEBUG 34558 --- [employee_management] [           main] org.springframework.test.context.cache   : Spring test ApplicationContext cache statistics: [DefaultContextCache@5834298c size = 3, maxSize = 32, parentContextCount = 0, hitCount = 247, missCount = 3, failureCount = 0]
2025-08-20T10:32:15.115+05:30 DEBUG 34558 --- [employee_management] [           main] org.springframework.test.context.cache   : Spring test ApplicationContext cache statistics: [DefaultContextCache@5834298c size = 3, maxSize = 32, parentContextCount = 0, hitCount = 248, missCount = 3, failureCount = 0]
2025-08-20T10:32:15.115+05:30 DEBUG 34558 --- [employee_management] [           main] org.springframework.test.context.cache   : Spring test ApplicationContext cache statistics: [DefaultContextCache@5834298c size = 3, maxSize = 32, parentContextCount = 0, hitCount = 249, missCount = 3, failureCount = 0]
2025-08-20T10:32:15.115+05:30 DEBUG 34558 --- [employee_management] [           main] org.springframework.test.context.cache   : Spring test ApplicationContext cache statistics: [DefaultContextCache@5834298c size = 3, maxSize = 32, parentContextCount = 0, hitCount = 250, missCount = 3, failureCount = 0]
2025-08-20T10:32:15.116+05:30 DEBUG 34558 --- [employee_management] [           main] org.springframework.test.context.cache   : Spring test ApplicationContext cache statistics: [DefaultContextCache@5834298c size = 3, maxSize = 32, parentContextCount = 0, hitCount = 251, missCount = 3, failureCount = 0]
2025-08-20T10:32:15.116+05:30 DEBUG 34558 --- [employee_management] [           main] org.springframework.test.context.cache   : Spring test ApplicationContext cache statistics: [DefaultContextCache@5834298c size = 3, maxSize = 32, parentContextCount = 0, hitCount = 252, missCount = 3, failureCount = 0]
2025-08-20T10:32:15.116+05:30 DEBUG 34558 --- [employee_management] [           main] org.springframework.test.context.cache   : Spring test ApplicationContext cache statistics: [DefaultContextCache@5834298c size = 3, maxSize = 32, parentContextCount = 0, hitCount = 253, missCount = 3, failureCount = 0]
2025-08-20T10:32:15.116+05:30 DEBUG 34558 --- [employee_management] [           main] .c.s.DirtiesContextTestExecutionListener : After test method: class [EmployeeControllerTest], method [testDeleteEmployeeSuccess], class annotated with @DirtiesContext [false] with mode [null], method annotated with @DirtiesContext [false] with mode [null]
]]></system-out>
  </testcase>
  <testcase name="testCreateEmployeeSuccess" classname="com.example.employee_managment.controller.EmployeeControllerTest" time="0.027">
    <system-out><![CDATA[2025-08-20T10:32:15.116+05:30 DEBUG 34558 --- [employee_management] [           main] org.springframework.test.context.cache   : Spring test ApplicationContext cache statistics: [DefaultContextCache@5834298c size = 3, maxSize = 32, parentContextCount = 0, hitCount = 254, missCount = 3, failureCount = 0]
2025-08-20T10:32:15.116+05:30 DEBUG 34558 --- [employee_management] [           main] DependencyInjectionTestExecutionListener : Performing dependency injection for test class com.example.employee_managment.controller.EmployeeControllerTest
2025-08-20T10:32:15.116+05:30 DEBUG 34558 --- [employee_management] [           main] org.springframework.test.context.cache   : Spring test ApplicationContext cache statistics: [DefaultContextCache@5834298c size = 3, maxSize = 32, parentContextCount = 0, hitCount = 255, missCount = 3, failureCount = 0]
2025-08-20T10:32:15.117+05:30 DEBUG 34558 --- [employee_management] [           main] org.springframework.test.context.cache   : Spring test ApplicationContext cache statistics: [DefaultContextCache@5834298c size = 3, maxSize = 32, parentContextCount = 0, hitCount = 256, missCount = 3, failureCount = 0]
2025-08-20T10:32:15.117+05:30 DEBUG 34558 --- [employee_management] [           main] sContextBeforeModesTestExecutionListener : Before test method: class [EmployeeControllerTest], method [testCreateEmployeeSuccess], class annotated with @DirtiesContext [false] with mode [null], method annotated with @DirtiesContext [false] with mode [null]
2025-08-20T10:32:15.117+05:30 DEBUG 34558 --- [employee_management] [           main] org.springframework.test.context.cache   : Spring test ApplicationContext cache statistics: [DefaultContextCache@5834298c size = 3, maxSize = 32, parentContextCount = 0, hitCount = 257, missCount = 3, failureCount = 0]
2025-08-20T10:32:15.117+05:30 DEBUG 34558 --- [employee_management] [           main] org.springframework.test.context.cache   : Spring test ApplicationContext cache statistics: [DefaultContextCache@5834298c size = 3, maxSize = 32, parentContextCount = 0, hitCount = 258, missCount = 3, failureCount = 0]
2025-08-20T10:32:15.117+05:30 DEBUG 34558 --- [employee_management] [           main] org.springframework.test.context.cache   : Spring test ApplicationContext cache statistics: [DefaultContextCache@5834298c size = 3, maxSize = 32, parentContextCount = 0, hitCount = 259, missCount = 3, failureCount = 0]
2025-08-20T10:32:15.118+05:30 DEBUG 34558 --- [employee_management] [           main] org.springframework.test.context.cache   : Spring test ApplicationContext cache statistics: [DefaultContextCache@5834298c size = 3, maxSize = 32, parentContextCount = 0, hitCount = 260, missCount = 3, failureCount = 0]
2025-08-20T10:32:15.120+05:30 DEBUG 34558 --- [employee_management] [           main] o.s.t.web.servlet.TestDispatcherServlet  : POST "/api/employees", parameters={}
2025-08-20T10:32:15.120+05:30 DEBUG 34558 --- [employee_management] [           main] s.w.s.m.m.a.RequestMappingHandlerMapping : Mapped to com.example.employee_managment.controller.EmployeeController#createEmployee(Employee)
2025-08-20T10:32:15.133+05:30 DEBUG 34558 --- [employee_management] [           main] m.m.a.RequestResponseBodyMethodProcessor : Read "application/json;charset=UTF-8" to [Employee{id=null, firstName='Alice', lastName='Brown', email='alice.brown@example.com', position='De (truncated)...]
2025-08-20T10:32:15.142+05:30 DEBUG 34558 --- [employee_management] [           main] o.s.w.s.m.m.a.HttpEntityMethodProcessor  : Using 'application/json', given [*/*] and supported [application/json, application/*+json]
2025-08-20T10:32:15.142+05:30 DEBUG 34558 --- [employee_management] [           main] o.s.w.s.m.m.a.HttpEntityMethodProcessor  : Writing [Employee{id=null, firstName='Alice', lastName='Brown', email='alice.brown@example.com', position='De (truncated)...]
2025-08-20T10:32:15.142+05:30 DEBUG 34558 --- [employee_management] [           main] o.s.t.web.servlet.TestDispatcherServlet  : Completed 201 CREATED
2025-08-20T10:32:15.143+05:30 DEBUG 34558 --- [employee_management] [           main] org.springframework.test.context.cache   : Spring test ApplicationContext cache statistics: [DefaultContextCache@5834298c size = 3, maxSize = 32, parentContextCount = 0, hitCount = 261, missCount = 3, failureCount = 0]
2025-08-20T10:32:15.143+05:30 DEBUG 34558 --- [employee_management] [           main] org.springframework.test.context.cache   : Spring test ApplicationContext cache statistics: [DefaultContextCache@5834298c size = 3, maxSize = 32, parentContextCount = 0, hitCount = 262, missCount = 3, failureCount = 0]
2025-08-20T10:32:15.143+05:30 DEBUG 34558 --- [employee_management] [           main] org.springframework.test.context.cache   : Spring test ApplicationContext cache statistics: [DefaultContextCache@5834298c size = 3, maxSize = 32, parentContextCount = 0, hitCount = 263, missCount = 3, failureCount = 0]
2025-08-20T10:32:15.143+05:30 DEBUG 34558 --- [employee_management] [           main] org.springframework.test.context.cache   : Spring test ApplicationContext cache statistics: [DefaultContextCache@5834298c size = 3, maxSize = 32, parentContextCount = 0, hitCount = 264, missCount = 3, failureCount = 0]
2025-08-20T10:32:15.143+05:30 DEBUG 34558 --- [employee_management] [           main] org.springframework.test.context.cache   : Spring test ApplicationContext cache statistics: [DefaultContextCache@5834298c size = 3, maxSize = 32, parentContextCount = 0, hitCount = 265, missCount = 3, failureCount = 0]
2025-08-20T10:32:15.143+05:30 DEBUG 34558 --- [employee_management] [           main] org.springframework.test.context.cache   : Spring test ApplicationContext cache statistics: [DefaultContextCache@5834298c size = 3, maxSize = 32, parentContextCount = 0, hitCount = 266, missCount = 3, failureCount = 0]
2025-08-20T10:32:15.143+05:30 DEBUG 34558 --- [employee_management] [           main] org.springframework.test.context.cache   : Spring test ApplicationContext cache statistics: [DefaultContextCache@5834298c size = 3, maxSize = 32, parentContextCount = 0, hitCount = 267, missCount = 3, failureCount = 0]
2025-08-20T10:32:15.143+05:30 DEBUG 34558 --- [employee_management] [           main] .c.s.DirtiesContextTestExecutionListener : After test method: class [EmployeeControllerTest], method [testCreateEmployeeSuccess], class annotated with @DirtiesContext [false] with mode [null], method annotated with @DirtiesContext [false] with mode [null]
]]></system-out>
  </testcase>
  <testcase name="testCreateEmployeeValidationFailure" classname="com.example.employee_managment.controller.EmployeeControllerTest" time="0.008">
    <system-out><![CDATA[2025-08-20T10:32:15.144+05:30 DEBUG 34558 --- [employee_management] [           main] org.springframework.test.context.cache   : Spring test ApplicationContext cache statistics: [DefaultContextCache@5834298c size = 3, maxSize = 32, parentContextCount = 0, hitCount = 268, missCount = 3, failureCount = 0]
2025-08-20T10:32:15.144+05:30 DEBUG 34558 --- [employee_management] [           main] DependencyInjectionTestExecutionListener : Performing dependency injection for test class com.example.employee_managment.controller.EmployeeControllerTest
2025-08-20T10:32:15.144+05:30 DEBUG 34558 --- [employee_management] [           main] org.springframework.test.context.cache   : Spring test ApplicationContext cache statistics: [DefaultContextCache@5834298c size = 3, maxSize = 32, parentContextCount = 0, hitCount = 269, missCount = 3, failureCount = 0]
2025-08-20T10:32:15.144+05:30 DEBUG 34558 --- [employee_management] [           main] org.springframework.test.context.cache   : Spring test ApplicationContext cache statistics: [DefaultContextCache@5834298c size = 3, maxSize = 32, parentContextCount = 0, hitCount = 270, missCount = 3, failureCount = 0]
2025-08-20T10:32:15.145+05:30 DEBUG 34558 --- [employee_management] [           main] sContextBeforeModesTestExecutionListener : Before test method: class [EmployeeControllerTest], method [testCreateEmployeeValidationFailure], class annotated with @DirtiesContext [false] with mode [null], method annotated with @DirtiesContext [false] with mode [null]
2025-08-20T10:32:15.145+05:30 DEBUG 34558 --- [employee_management] [           main] org.springframework.test.context.cache   : Spring test ApplicationContext cache statistics: [DefaultContextCache@5834298c size = 3, maxSize = 32, parentContextCount = 0, hitCount = 271, missCount = 3, failureCount = 0]
2025-08-20T10:32:15.145+05:30 DEBUG 34558 --- [employee_management] [           main] org.springframework.test.context.cache   : Spring test ApplicationContext cache statistics: [DefaultContextCache@5834298c size = 3, maxSize = 32, parentContextCount = 0, hitCount = 272, missCount = 3, failureCount = 0]
2025-08-20T10:32:15.145+05:30 DEBUG 34558 --- [employee_management] [           main] org.springframework.test.context.cache   : Spring test ApplicationContext cache statistics: [DefaultContextCache@5834298c size = 3, maxSize = 32, parentContextCount = 0, hitCount = 273, missCount = 3, failureCount = 0]
2025-08-20T10:32:15.146+05:30 DEBUG 34558 --- [employee_management] [           main] org.springframework.test.context.cache   : Spring test ApplicationContext cache statistics: [DefaultContextCache@5834298c size = 3, maxSize = 32, parentContextCount = 0, hitCount = 274, missCount = 3, failureCount = 0]
2025-08-20T10:32:15.146+05:30 DEBUG 34558 --- [employee_management] [           main] o.s.t.web.servlet.TestDispatcherServlet  : POST "/api/employees", parameters={}
2025-08-20T10:32:15.146+05:30 DEBUG 34558 --- [employee_management] [           main] s.w.s.m.m.a.RequestMappingHandlerMapping : Mapped to com.example.employee_managment.controller.EmployeeController#createEmployee(Employee)
2025-08-20T10:32:15.147+05:30 DEBUG 34558 --- [employee_management] [           main] m.m.a.RequestResponseBodyMethodProcessor : Read "application/json;charset=UTF-8" to [Employee{id=null, firstName='null', lastName='null', email='null', position='null', department='null (truncated)...]
2025-08-20T10:32:15.151+05:30  WARN 34558 --- [employee_management] [           main] .w.s.m.s.DefaultHandlerExceptionResolver : Resolved [org.springframework.web.bind.MethodArgumentNotValidException: Validation failed for argument [0] in public org.springframework.http.ResponseEntity<com.example.employee_managment.model.Employee> com.example.employee_managment.controller.EmployeeController.createEmployee(com.example.employee_managment.model.Employee) with 3 errors: [Field error in object 'employee' on field 'lastName': rejected value [null]; codes [NotBlank.employee.lastName,NotBlank.lastName,NotBlank.java.lang.String,NotBlank]; arguments [org.springframework.context.support.DefaultMessageSourceResolvable: codes [employee.lastName,lastName]; arguments []; default message [lastName]]; default message [Last name is required]] [Field error in object 'employee' on field 'firstName': rejected value [null]; codes [NotBlank.employee.firstName,NotBlank.firstName,NotBlank.java.lang.String,NotBlank]; arguments [org.springframework.context.support.DefaultMessageSourceResolvable: codes [employee.firstName,firstName]; arguments []; default message [firstName]]; default message [First name is required]] [Field error in object 'employee' on field 'email': rejected value [null]; codes [NotBlank.employee.email,NotBlank.email,NotBlank.java.lang.String,NotBlank]; arguments [org.springframework.context.support.DefaultMessageSourceResolvable: codes [employee.email,email]; arguments []; default message [email]]; default message [Email is required]] ]
2025-08-20T10:32:15.151+05:30 DEBUG 34558 --- [employee_management] [           main] o.s.t.web.servlet.TestDispatcherServlet  : Completed 400 BAD_REQUEST
2025-08-20T10:32:15.152+05:30 DEBUG 34558 --- [employee_management] [           main] org.springframework.test.context.cache   : Spring test ApplicationContext cache statistics: [DefaultContextCache@5834298c size = 3, maxSize = 32, parentContextCount = 0, hitCount = 275, missCount = 3, failureCount = 0]
2025-08-20T10:32:15.152+05:30 DEBUG 34558 --- [employee_management] [           main] org.springframework.test.context.cache   : Spring test ApplicationContext cache statistics: [DefaultContextCache@5834298c size = 3, maxSize = 32, parentContextCount = 0, hitCount = 276, missCount = 3, failureCount = 0]
2025-08-20T10:32:15.152+05:30 DEBUG 34558 --- [employee_management] [           main] org.springframework.test.context.cache   : Spring test ApplicationContext cache statistics: [DefaultContextCache@5834298c size = 3, maxSize = 32, parentContextCount = 0, hitCount = 277, missCount = 3, failureCount = 0]
2025-08-20T10:32:15.152+05:30 DEBUG 34558 --- [employee_management] [           main] org.springframework.test.context.cache   : Spring test ApplicationContext cache statistics: [DefaultContextCache@5834298c size = 3, maxSize = 32, parentContextCount = 0, hitCount = 278, missCount = 3, failureCount = 0]
2025-08-20T10:32:15.152+05:30 DEBUG 34558 --- [employee_management] [           main] org.springframework.test.context.cache   : Spring test ApplicationContext cache statistics: [DefaultContextCache@5834298c size = 3, maxSize = 32, parentContextCount = 0, hitCount = 279, missCount = 3, failureCount = 0]
2025-08-20T10:32:15.152+05:30 DEBUG 34558 --- [employee_management] [           main] org.springframework.test.context.cache   : Spring test ApplicationContext cache statistics: [DefaultContextCache@5834298c size = 3, maxSize = 32, parentContextCount = 0, hitCount = 280, missCount = 3, failureCount = 0]
2025-08-20T10:32:15.152+05:30 DEBUG 34558 --- [employee_management] [           main] org.springframework.test.context.cache   : Spring test ApplicationContext cache statistics: [DefaultContextCache@5834298c size = 3, maxSize = 32, parentContextCount = 0, hitCount = 281, missCount = 3, failureCount = 0]
2025-08-20T10:32:15.152+05:30 DEBUG 34558 --- [employee_management] [           main] .c.s.DirtiesContextTestExecutionListener : After test method: class [EmployeeControllerTest], method [testCreateEmployeeValidationFailure], class annotated with @DirtiesContext [false] with mode [null], method annotated with @DirtiesContext [false] with mode [null]
]]></system-out>
  </testcase>
  <testcase name="testGetEmployeeByIdFound" classname="com.example.employee_managment.controller.EmployeeControllerTest" time="0.004">
    <system-out><![CDATA[2025-08-20T10:32:15.153+05:30 DEBUG 34558 --- [employee_management] [           main] org.springframework.test.context.cache   : Spring test ApplicationContext cache statistics: [DefaultContextCache@5834298c size = 3, maxSize = 32, parentContextCount = 0, hitCount = 282, missCount = 3, failureCount = 0]
2025-08-20T10:32:15.153+05:30 DEBUG 34558 --- [employee_management] [           main] DependencyInjectionTestExecutionListener : Performing dependency injection for test class com.example.employee_managment.controller.EmployeeControllerTest
2025-08-20T10:32:15.153+05:30 DEBUG 34558 --- [employee_management] [           main] org.springframework.test.context.cache   : Spring test ApplicationContext cache statistics: [DefaultContextCache@5834298c size = 3, maxSize = 32, parentContextCount = 0, hitCount = 283, missCount = 3, failureCount = 0]
2025-08-20T10:32:15.153+05:30 DEBUG 34558 --- [employee_management] [           main] org.springframework.test.context.cache   : Spring test ApplicationContext cache statistics: [DefaultContextCache@5834298c size = 3, maxSize = 32, parentContextCount = 0, hitCount = 284, missCount = 3, failureCount = 0]
2025-08-20T10:32:15.153+05:30 DEBUG 34558 --- [employee_management] [           main] sContextBeforeModesTestExecutionListener : Before test method: class [EmployeeControllerTest], method [testGetEmployeeByIdFound], class annotated with @DirtiesContext [false] with mode [null], method annotated with @DirtiesContext [false] with mode [null]
2025-08-20T10:32:15.153+05:30 DEBUG 34558 --- [employee_management] [           main] org.springframework.test.context.cache   : Spring test ApplicationContext cache statistics: [DefaultContextCache@5834298c size = 3, maxSize = 32, parentContextCount = 0, hitCount = 285, missCount = 3, failureCount = 0]
2025-08-20T10:32:15.153+05:30 DEBUG 34558 --- [employee_management] [           main] org.springframework.test.context.cache   : Spring test ApplicationContext cache statistics: [DefaultContextCache@5834298c size = 3, maxSize = 32, parentContextCount = 0, hitCount = 286, missCount = 3, failureCount = 0]
2025-08-20T10:32:15.153+05:30 DEBUG 34558 --- [employee_management] [           main] org.springframework.test.context.cache   : Spring test ApplicationContext cache statistics: [DefaultContextCache@5834298c size = 3, maxSize = 32, parentContextCount = 0, hitCount = 287, missCount = 3, failureCount = 0]
2025-08-20T10:32:15.154+05:30 DEBUG 34558 --- [employee_management] [           main] org.springframework.test.context.cache   : Spring test ApplicationContext cache statistics: [DefaultContextCache@5834298c size = 3, maxSize = 32, parentContextCount = 0, hitCount = 288, missCount = 3, failureCount = 0]
2025-08-20T10:32:15.154+05:30 DEBUG 34558 --- [employee_management] [           main] o.s.t.web.servlet.TestDispatcherServlet  : GET "/api/employees/1", parameters={}
2025-08-20T10:32:15.155+05:30 DEBUG 34558 --- [employee_management] [           main] s.w.s.m.m.a.RequestMappingHandlerMapping : Mapped to com.example.employee_managment.controller.EmployeeController#getEmployeeById(Long)
2025-08-20T10:32:15.155+05:30 DEBUG 34558 --- [employee_management] [           main] o.s.w.s.m.m.a.HttpEntityMethodProcessor  : Using 'application/json', given [*/*] and supported [application/json, application/*+json]
2025-08-20T10:32:15.155+05:30 DEBUG 34558 --- [employee_management] [           main] o.s.w.s.m.m.a.HttpEntityMethodProcessor  : Writing [Employee{id=1, firstName='John', lastName='Doe', email='john.doe@example.com', position='Software En (truncated)...]
2025-08-20T10:32:15.155+05:30 DEBUG 34558 --- [employee_management] [           main] o.s.t.web.servlet.TestDispatcherServlet  : Completed 200 OK
2025-08-20T10:32:15.156+05:30 DEBUG 34558 --- [employee_management] [           main] org.springframework.test.context.cache   : Spring test ApplicationContext cache statistics: [DefaultContextCache@5834298c size = 3, maxSize = 32, parentContextCount = 0, hitCount = 289, missCount = 3, failureCount = 0]
2025-08-20T10:32:15.156+05:30 DEBUG 34558 --- [employee_management] [           main] org.springframework.test.context.cache   : Spring test ApplicationContext cache statistics: [DefaultContextCache@5834298c size = 3, maxSize = 32, parentContextCount = 0, hitCount = 290, missCount = 3, failureCount = 0]
2025-08-20T10:32:15.156+05:30 DEBUG 34558 --- [employee_management] [           main] org.springframework.test.context.cache   : Spring test ApplicationContext cache statistics: [DefaultContextCache@5834298c size = 3, maxSize = 32, parentContextCount = 0, hitCount = 291, missCount = 3, failureCount = 0]
2025-08-20T10:32:15.156+05:30 DEBUG 34558 --- [employee_management] [           main] org.springframework.test.context.cache   : Spring test ApplicationContext cache statistics: [DefaultContextCache@5834298c size = 3, maxSize = 32, parentContextCount = 0, hitCount = 292, missCount = 3, failureCount = 0]
2025-08-20T10:32:15.156+05:30 DEBUG 34558 --- [employee_management] [           main] org.springframework.test.context.cache   : Spring test ApplicationContext cache statistics: [DefaultContextCache@5834298c size = 3, maxSize = 32, parentContextCount = 0, hitCount = 293, missCount = 3, failureCount = 0]
2025-08-20T10:32:15.156+05:30 DEBUG 34558 --- [employee_management] [           main] org.springframework.test.context.cache   : Spring test ApplicationContext cache statistics: [DefaultContextCache@5834298c size = 3, maxSize = 32, parentContextCount = 0, hitCount = 294, missCount = 3, failureCount = 0]
2025-08-20T10:32:15.156+05:30 DEBUG 34558 --- [employee_management] [           main] org.springframework.test.context.cache   : Spring test ApplicationContext cache statistics: [DefaultContextCache@5834298c size = 3, maxSize = 32, parentContextCount = 0, hitCount = 295, missCount = 3, failureCount = 0]
2025-08-20T10:32:15.156+05:30 DEBUG 34558 --- [employee_management] [           main] .c.s.DirtiesContextTestExecutionListener : After test method: class [EmployeeControllerTest], method [testGetEmployeeByIdFound], class annotated with @DirtiesContext [false] with mode [null], method annotated with @DirtiesContext [false] with mode [null]
]]></system-out>
  </testcase>
  <testcase name="testDeleteEmployeeNotFound" classname="com.example.employee_managment.controller.EmployeeControllerTest" time="0.003">
    <system-out><![CDATA[2025-08-20T10:32:15.157+05:30 DEBUG 34558 --- [employee_management] [           main] org.springframework.test.context.cache   : Spring test ApplicationContext cache statistics: [DefaultContextCache@5834298c size = 3, maxSize = 32, parentContextCount = 0, hitCount = 296, missCount = 3, failureCount = 0]
2025-08-20T10:32:15.157+05:30 DEBUG 34558 --- [employee_management] [           main] DependencyInjectionTestExecutionListener : Performing dependency injection for test class com.example.employee_managment.controller.EmployeeControllerTest
2025-08-20T10:32:15.157+05:30 DEBUG 34558 --- [employee_management] [           main] org.springframework.test.context.cache   : Spring test ApplicationContext cache statistics: [DefaultContextCache@5834298c size = 3, maxSize = 32, parentContextCount = 0, hitCount = 297, missCount = 3, failureCount = 0]
2025-08-20T10:32:15.157+05:30 DEBUG 34558 --- [employee_management] [           main] org.springframework.test.context.cache   : Spring test ApplicationContext cache statistics: [DefaultContextCache@5834298c size = 3, maxSize = 32, parentContextCount = 0, hitCount = 298, missCount = 3, failureCount = 0]
2025-08-20T10:32:15.157+05:30 DEBUG 34558 --- [employee_management] [           main] sContextBeforeModesTestExecutionListener : Before test method: class [EmployeeControllerTest], method [testDeleteEmployeeNotFound], class annotated with @DirtiesContext [false] with mode [null], method annotated with @DirtiesContext [false] with mode [null]
2025-08-20T10:32:15.158+05:30 DEBUG 34558 --- [employee_management] [           main] org.springframework.test.context.cache   : Spring test ApplicationContext cache statistics: [DefaultContextCache@5834298c size = 3, maxSize = 32, parentContextCount = 0, hitCount = 299, missCount = 3, failureCount = 0]
2025-08-20T10:32:15.158+05:30 DEBUG 34558 --- [employee_management] [           main] org.springframework.test.context.cache   : Spring test ApplicationContext cache statistics: [DefaultContextCache@5834298c size = 3, maxSize = 32, parentContextCount = 0, hitCount = 300, missCount = 3, failureCount = 0]
2025-08-20T10:32:15.158+05:30 DEBUG 34558 --- [employee_management] [           main] org.springframework.test.context.cache   : Spring test ApplicationContext cache statistics: [DefaultContextCache@5834298c size = 3, maxSize = 32, parentContextCount = 0, hitCount = 301, missCount = 3, failureCount = 0]
2025-08-20T10:32:15.158+05:30 DEBUG 34558 --- [employee_management] [           main] org.springframework.test.context.cache   : Spring test ApplicationContext cache statistics: [DefaultContextCache@5834298c size = 3, maxSize = 32, parentContextCount = 0, hitCount = 302, missCount = 3, failureCount = 0]
2025-08-20T10:32:15.159+05:30 DEBUG 34558 --- [employee_management] [           main] o.s.t.web.servlet.TestDispatcherServlet  : DELETE "/api/employees/999", parameters={}
2025-08-20T10:32:15.159+05:30 DEBUG 34558 --- [employee_management] [           main] s.w.s.m.m.a.RequestMappingHandlerMapping : Mapped to com.example.employee_managment.controller.EmployeeController#deleteEmployee(Long)
2025-08-20T10:32:15.160+05:30 DEBUG 34558 --- [employee_management] [           main] o.s.w.s.m.m.a.HttpEntityMethodProcessor  : Using 'application/json', given [*/*] and supported [application/json, application/*+json]
2025-08-20T10:32:15.160+05:30 DEBUG 34558 --- [employee_management] [           main] o.s.w.s.m.m.a.HttpEntityMethodProcessor  : Nothing to write: null body
2025-08-20T10:32:15.160+05:30 DEBUG 34558 --- [employee_management] [           main] o.s.t.web.servlet.TestDispatcherServlet  : Completed 404 NOT_FOUND
2025-08-20T10:32:15.160+05:30 DEBUG 34558 --- [employee_management] [           main] org.springframework.test.context.cache   : Spring test ApplicationContext cache statistics: [DefaultContextCache@5834298c size = 3, maxSize = 32, parentContextCount = 0, hitCount = 303, missCount = 3, failureCount = 0]
2025-08-20T10:32:15.160+05:30 DEBUG 34558 --- [employee_management] [           main] org.springframework.test.context.cache   : Spring test ApplicationContext cache statistics: [DefaultContextCache@5834298c size = 3, maxSize = 32, parentContextCount = 0, hitCount = 304, missCount = 3, failureCount = 0]
2025-08-20T10:32:15.160+05:30 DEBUG 34558 --- [employee_management] [           main] org.springframework.test.context.cache   : Spring test ApplicationContext cache statistics: [DefaultContextCache@5834298c size = 3, maxSize = 32, parentContextCount = 0, hitCount = 305, missCount = 3, failureCount = 0]
2025-08-20T10:32:15.160+05:30 DEBUG 34558 --- [employee_management] [           main] org.springframework.test.context.cache   : Spring test ApplicationContext cache statistics: [DefaultContextCache@5834298c size = 3, maxSize = 32, parentContextCount = 0, hitCount = 306, missCount = 3, failureCount = 0]
2025-08-20T10:32:15.160+05:30 DEBUG 34558 --- [employee_management] [           main] org.springframework.test.context.cache   : Spring test ApplicationContext cache statistics: [DefaultContextCache@5834298c size = 3, maxSize = 32, parentContextCount = 0, hitCount = 307, missCount = 3, failureCount = 0]
2025-08-20T10:32:15.160+05:30 DEBUG 34558 --- [employee_management] [           main] org.springframework.test.context.cache   : Spring test ApplicationContext cache statistics: [DefaultContextCache@5834298c size = 3, maxSize = 32, parentContextCount = 0, hitCount = 308, missCount = 3, failureCount = 0]
2025-08-20T10:32:15.160+05:30 DEBUG 34558 --- [employee_management] [           main] org.springframework.test.context.cache   : Spring test ApplicationContext cache statistics: [DefaultContextCache@5834298c size = 3, maxSize = 32, parentContextCount = 0, hitCount = 309, missCount = 3, failureCount = 0]
2025-08-20T10:32:15.160+05:30 DEBUG 34558 --- [employee_management] [           main] .c.s.DirtiesContextTestExecutionListener : After test method: class [EmployeeControllerTest], method [testDeleteEmployeeNotFound], class annotated with @DirtiesContext [false] with mode [null], method annotated with @DirtiesContext [false] with mode [null]
]]></system-out>
  </testcase>
  <testcase name="testUpdateEmployeeNotFound" classname="com.example.employee_managment.controller.EmployeeControllerTest" time="0.004">
    <system-out><![CDATA[2025-08-20T10:32:15.161+05:30 DEBUG 34558 --- [employee_management] [           main] org.springframework.test.context.cache   : Spring test ApplicationContext cache statistics: [DefaultContextCache@5834298c size = 3, maxSize = 32, parentContextCount = 0, hitCount = 310, missCount = 3, failureCount = 0]
2025-08-20T10:32:15.161+05:30 DEBUG 34558 --- [employee_management] [           main] DependencyInjectionTestExecutionListener : Performing dependency injection for test class com.example.employee_managment.controller.EmployeeControllerTest
2025-08-20T10:32:15.161+05:30 DEBUG 34558 --- [employee_management] [           main] org.springframework.test.context.cache   : Spring test ApplicationContext cache statistics: [DefaultContextCache@5834298c size = 3, maxSize = 32, parentContextCount = 0, hitCount = 311, missCount = 3, failureCount = 0]
2025-08-20T10:32:15.161+05:30 DEBUG 34558 --- [employee_management] [           main] org.springframework.test.context.cache   : Spring test ApplicationContext cache statistics: [DefaultContextCache@5834298c size = 3, maxSize = 32, parentContextCount = 0, hitCount = 312, missCount = 3, failureCount = 0]
2025-08-20T10:32:15.161+05:30 DEBUG 34558 --- [employee_management] [           main] sContextBeforeModesTestExecutionListener : Before test method: class [EmployeeControllerTest], method [testUpdateEmployeeNotFound], class annotated with @DirtiesContext [false] with mode [null], method annotated with @DirtiesContext [false] with mode [null]
2025-08-20T10:32:15.161+05:30 DEBUG 34558 --- [employee_management] [           main] org.springframework.test.context.cache   : Spring test ApplicationContext cache statistics: [DefaultContextCache@5834298c size = 3, maxSize = 32, parentContextCount = 0, hitCount = 313, missCount = 3, failureCount = 0]
2025-08-20T10:32:15.161+05:30 DEBUG 34558 --- [employee_management] [           main] org.springframework.test.context.cache   : Spring test ApplicationContext cache statistics: [DefaultContextCache@5834298c size = 3, maxSize = 32, parentContextCount = 0, hitCount = 314, missCount = 3, failureCount = 0]
2025-08-20T10:32:15.161+05:30 DEBUG 34558 --- [employee_management] [           main] org.springframework.test.context.cache   : Spring test ApplicationContext cache statistics: [DefaultContextCache@5834298c size = 3, maxSize = 32, parentContextCount = 0, hitCount = 315, missCount = 3, failureCount = 0]
2025-08-20T10:32:15.162+05:30 DEBUG 34558 --- [employee_management] [           main] org.springframework.test.context.cache   : Spring test ApplicationContext cache statistics: [DefaultContextCache@5834298c size = 3, maxSize = 32, parentContextCount = 0, hitCount = 316, missCount = 3, failureCount = 0]
2025-08-20T10:32:15.162+05:30 DEBUG 34558 --- [employee_management] [           main] o.s.t.web.servlet.TestDispatcherServlet  : PUT "/api/employees/999", parameters={}
2025-08-20T10:32:15.162+05:30 DEBUG 34558 --- [employee_management] [           main] s.w.s.m.m.a.RequestMappingHandlerMapping : Mapped to com.example.employee_managment.controller.EmployeeController#updateEmployee(Long, Employee)
2025-08-20T10:32:15.163+05:30 DEBUG 34558 --- [employee_management] [           main] m.m.a.RequestResponseBodyMethodProcessor : Read "application/json;charset=UTF-8" to [Employee{id=null, firstName='John Updated', lastName='Doe Updated', email='john.updated@example.com' (truncated)...]
2025-08-20T10:32:15.164+05:30 DEBUG 34558 --- [employee_management] [           main] o.s.w.s.m.m.a.HttpEntityMethodProcessor  : Using 'application/json', given [*/*] and supported [application/json, application/*+json]
2025-08-20T10:32:15.164+05:30 DEBUG 34558 --- [employee_management] [           main] o.s.w.s.m.m.a.HttpEntityMethodProcessor  : Nothing to write: null body
2025-08-20T10:32:15.164+05:30 DEBUG 34558 --- [employee_management] [           main] o.s.t.web.servlet.TestDispatcherServlet  : Completed 404 NOT_FOUND
2025-08-20T10:32:15.164+05:30 DEBUG 34558 --- [employee_management] [           main] org.springframework.test.context.cache   : Spring test ApplicationContext cache statistics: [DefaultContextCache@5834298c size = 3, maxSize = 32, parentContextCount = 0, hitCount = 317, missCount = 3, failureCount = 0]
2025-08-20T10:32:15.164+05:30 DEBUG 34558 --- [employee_management] [           main] org.springframework.test.context.cache   : Spring test ApplicationContext cache statistics: [DefaultContextCache@5834298c size = 3, maxSize = 32, parentContextCount = 0, hitCount = 318, missCount = 3, failureCount = 0]
2025-08-20T10:32:15.164+05:30 DEBUG 34558 --- [employee_management] [           main] org.springframework.test.context.cache   : Spring test ApplicationContext cache statistics: [DefaultContextCache@5834298c size = 3, maxSize = 32, parentContextCount = 0, hitCount = 319, missCount = 3, failureCount = 0]
2025-08-20T10:32:15.164+05:30 DEBUG 34558 --- [employee_management] [           main] org.springframework.test.context.cache   : Spring test ApplicationContext cache statistics: [DefaultContextCache@5834298c size = 3, maxSize = 32, parentContextCount = 0, hitCount = 320, missCount = 3, failureCount = 0]
2025-08-20T10:32:15.164+05:30 DEBUG 34558 --- [employee_management] [           main] org.springframework.test.context.cache   : Spring test ApplicationContext cache statistics: [DefaultContextCache@5834298c size = 3, maxSize = 32, parentContextCount = 0, hitCount = 321, missCount = 3, failureCount = 0]
2025-08-20T10:32:15.165+05:30 DEBUG 34558 --- [employee_management] [           main] org.springframework.test.context.cache   : Spring test ApplicationContext cache statistics: [DefaultContextCache@5834298c size = 3, maxSize = 32, parentContextCount = 0, hitCount = 322, missCount = 3, failureCount = 0]
2025-08-20T10:32:15.165+05:30 DEBUG 34558 --- [employee_management] [           main] org.springframework.test.context.cache   : Spring test ApplicationContext cache statistics: [DefaultContextCache@5834298c size = 3, maxSize = 32, parentContextCount = 0, hitCount = 323, missCount = 3, failureCount = 0]
2025-08-20T10:32:15.165+05:30 DEBUG 34558 --- [employee_management] [           main] .c.s.DirtiesContextTestExecutionListener : After test method: class [EmployeeControllerTest], method [testUpdateEmployeeNotFound], class annotated with @DirtiesContext [false] with mode [null], method annotated with @DirtiesContext [false] with mode [null]
]]></system-out>
  </testcase>
  <testcase name="testGetEmployeesByDepartment" classname="com.example.employee_managment.controller.EmployeeControllerTest" time="0.002">
    <system-out><![CDATA[2025-08-20T10:32:15.165+05:30 DEBUG 34558 --- [employee_management] [           main] org.springframework.test.context.cache   : Spring test ApplicationContext cache statistics: [DefaultContextCache@5834298c size = 3, maxSize = 32, parentContextCount = 0, hitCount = 324, missCount = 3, failureCount = 0]
2025-08-20T10:32:15.165+05:30 DEBUG 34558 --- [employee_management] [           main] DependencyInjectionTestExecutionListener : Performing dependency injection for test class com.example.employee_managment.controller.EmployeeControllerTest
2025-08-20T10:32:15.165+05:30 DEBUG 34558 --- [employee_management] [           main] org.springframework.test.context.cache   : Spring test ApplicationContext cache statistics: [DefaultContextCache@5834298c size = 3, maxSize = 32, parentContextCount = 0, hitCount = 325, missCount = 3, failureCount = 0]
2025-08-20T10:32:15.165+05:30 DEBUG 34558 --- [employee_management] [           main] org.springframework.test.context.cache   : Spring test ApplicationContext cache statistics: [DefaultContextCache@5834298c size = 3, maxSize = 32, parentContextCount = 0, hitCount = 326, missCount = 3, failureCount = 0]
2025-08-20T10:32:15.166+05:30 DEBUG 34558 --- [employee_management] [           main] sContextBeforeModesTestExecutionListener : Before test method: class [EmployeeControllerTest], method [testGetEmployeesByDepartment], class annotated with @DirtiesContext [false] with mode [null], method annotated with @DirtiesContext [false] with mode [null]
2025-08-20T10:32:15.166+05:30 DEBUG 34558 --- [employee_management] [           main] org.springframework.test.context.cache   : Spring test ApplicationContext cache statistics: [DefaultContextCache@5834298c size = 3, maxSize = 32, parentContextCount = 0, hitCount = 327, missCount = 3, failureCount = 0]
2025-08-20T10:32:15.166+05:30 DEBUG 34558 --- [employee_management] [           main] org.springframework.test.context.cache   : Spring test ApplicationContext cache statistics: [DefaultContextCache@5834298c size = 3, maxSize = 32, parentContextCount = 0, hitCount = 328, missCount = 3, failureCount = 0]
2025-08-20T10:32:15.166+05:30 DEBUG 34558 --- [employee_management] [           main] org.springframework.test.context.cache   : Spring test ApplicationContext cache statistics: [DefaultContextCache@5834298c size = 3, maxSize = 32, parentContextCount = 0, hitCount = 329, missCount = 3, failureCount = 0]
2025-08-20T10:32:15.166+05:30 DEBUG 34558 --- [employee_management] [           main] org.springframework.test.context.cache   : Spring test ApplicationContext cache statistics: [DefaultContextCache@5834298c size = 3, maxSize = 32, parentContextCount = 0, hitCount = 330, missCount = 3, failureCount = 0]
2025-08-20T10:32:15.166+05:30 DEBUG 34558 --- [employee_management] [           main] o.s.t.web.servlet.TestDispatcherServlet  : GET "/api/employees/department/Engineering", parameters={}
2025-08-20T10:32:15.166+05:30 DEBUG 34558 --- [employee_management] [           main] s.w.s.m.m.a.RequestMappingHandlerMapping : Mapped to com.example.employee_managment.controller.EmployeeController#getEmployeesByDepartment(String)
2025-08-20T10:32:15.167+05:30 DEBUG 34558 --- [employee_management] [           main] o.s.w.s.m.m.a.HttpEntityMethodProcessor  : Using 'application/json', given [*/*] and supported [application/json, application/*+json]
2025-08-20T10:32:15.167+05:30 DEBUG 34558 --- [employee_management] [           main] o.s.w.s.m.m.a.HttpEntityMethodProcessor  : Writing [[Employee{id=1, firstName='John', lastName='Doe', email='john.doe@example.com', position='Software E (truncated)...]
2025-08-20T10:32:15.167+05:30 DEBUG 34558 --- [employee_management] [           main] o.s.t.web.servlet.TestDispatcherServlet  : Completed 200 OK
2025-08-20T10:32:15.168+05:30 DEBUG 34558 --- [employee_management] [           main] org.springframework.test.context.cache   : Spring test ApplicationContext cache statistics: [DefaultContextCache@5834298c size = 3, maxSize = 32, parentContextCount = 0, hitCount = 331, missCount = 3, failureCount = 0]
2025-08-20T10:32:15.168+05:30 DEBUG 34558 --- [employee_management] [           main] org.springframework.test.context.cache   : Spring test ApplicationContext cache statistics: [DefaultContextCache@5834298c size = 3, maxSize = 32, parentContextCount = 0, hitCount = 332, missCount = 3, failureCount = 0]
2025-08-20T10:32:15.168+05:30 DEBUG 34558 --- [employee_management] [           main] org.springframework.test.context.cache   : Spring test ApplicationContext cache statistics: [DefaultContextCache@5834298c size = 3, maxSize = 32, parentContextCount = 0, hitCount = 333, missCount = 3, failureCount = 0]
2025-08-20T10:32:15.168+05:30 DEBUG 34558 --- [employee_management] [           main] org.springframework.test.context.cache   : Spring test ApplicationContext cache statistics: [DefaultContextCache@5834298c size = 3, maxSize = 32, parentContextCount = 0, hitCount = 334, missCount = 3, failureCount = 0]
2025-08-20T10:32:15.168+05:30 DEBUG 34558 --- [employee_management] [           main] org.springframework.test.context.cache   : Spring test ApplicationContext cache statistics: [DefaultContextCache@5834298c size = 3, maxSize = 32, parentContextCount = 0, hitCount = 335, missCount = 3, failureCount = 0]
2025-08-20T10:32:15.168+05:30 DEBUG 34558 --- [employee_management] [           main] org.springframework.test.context.cache   : Spring test ApplicationContext cache statistics: [DefaultContextCache@5834298c size = 3, maxSize = 32, parentContextCount = 0, hitCount = 336, missCount = 3, failureCount = 0]
2025-08-20T10:32:15.168+05:30 DEBUG 34558 --- [employee_management] [           main] org.springframework.test.context.cache   : Spring test ApplicationContext cache statistics: [DefaultContextCache@5834298c size = 3, maxSize = 32, parentContextCount = 0, hitCount = 337, missCount = 3, failureCount = 0]
2025-08-20T10:32:15.168+05:30 DEBUG 34558 --- [employee_management] [           main] .c.s.DirtiesContextTestExecutionListener : After test method: class [EmployeeControllerTest], method [testGetEmployeesByDepartment], class annotated with @DirtiesContext [false] with mode [null], method annotated with @DirtiesContext [false] with mode [null]
]]></system-out>
  </testcase>
  <testcase name="testCreateEmployeeWithInvalidEmail" classname="com.example.employee_managment.controller.EmployeeControllerTest" time="0.003">
    <system-out><![CDATA[2025-08-20T10:32:15.168+05:30 DEBUG 34558 --- [employee_management] [           main] org.springframework.test.context.cache   : Spring test ApplicationContext cache statistics: [DefaultContextCache@5834298c size = 3, maxSize = 32, parentContextCount = 0, hitCount = 338, missCount = 3, failureCount = 0]
2025-08-20T10:32:15.168+05:30 DEBUG 34558 --- [employee_management] [           main] DependencyInjectionTestExecutionListener : Performing dependency injection for test class com.example.employee_managment.controller.EmployeeControllerTest
2025-08-20T10:32:15.168+05:30 DEBUG 34558 --- [employee_management] [           main] org.springframework.test.context.cache   : Spring test ApplicationContext cache statistics: [DefaultContextCache@5834298c size = 3, maxSize = 32, parentContextCount = 0, hitCount = 339, missCount = 3, failureCount = 0]
2025-08-20T10:32:15.169+05:30 DEBUG 34558 --- [employee_management] [           main] org.springframework.test.context.cache   : Spring test ApplicationContext cache statistics: [DefaultContextCache@5834298c size = 3, maxSize = 32, parentContextCount = 0, hitCount = 340, missCount = 3, failureCount = 0]
2025-08-20T10:32:15.169+05:30 DEBUG 34558 --- [employee_management] [           main] sContextBeforeModesTestExecutionListener : Before test method: class [EmployeeControllerTest], method [testCreateEmployeeWithInvalidEmail], class annotated with @DirtiesContext [false] with mode [null], method annotated with @DirtiesContext [false] with mode [null]
2025-08-20T10:32:15.169+05:30 DEBUG 34558 --- [employee_management] [           main] org.springframework.test.context.cache   : Spring test ApplicationContext cache statistics: [DefaultContextCache@5834298c size = 3, maxSize = 32, parentContextCount = 0, hitCount = 341, missCount = 3, failureCount = 0]
2025-08-20T10:32:15.169+05:30 DEBUG 34558 --- [employee_management] [           main] org.springframework.test.context.cache   : Spring test ApplicationContext cache statistics: [DefaultContextCache@5834298c size = 3, maxSize = 32, parentContextCount = 0, hitCount = 342, missCount = 3, failureCount = 0]
2025-08-20T10:32:15.169+05:30 DEBUG 34558 --- [employee_management] [           main] org.springframework.test.context.cache   : Spring test ApplicationContext cache statistics: [DefaultContextCache@5834298c size = 3, maxSize = 32, parentContextCount = 0, hitCount = 343, missCount = 3, failureCount = 0]
2025-08-20T10:32:15.169+05:30 DEBUG 34558 --- [employee_management] [           main] org.springframework.test.context.cache   : Spring test ApplicationContext cache statistics: [DefaultContextCache@5834298c size = 3, maxSize = 32, parentContextCount = 0, hitCount = 344, missCount = 3, failureCount = 0]
2025-08-20T10:32:15.170+05:30 DEBUG 34558 --- [employee_management] [           main] o.s.t.web.servlet.TestDispatcherServlet  : POST "/api/employees", parameters={}
2025-08-20T10:32:15.170+05:30 DEBUG 34558 --- [employee_management] [           main] s.w.s.m.m.a.RequestMappingHandlerMapping : Mapped to com.example.employee_managment.controller.EmployeeController#createEmployee(Employee)
2025-08-20T10:32:15.170+05:30 DEBUG 34558 --- [employee_management] [           main] m.m.a.RequestResponseBodyMethodProcessor : Read "application/json;charset=UTF-8" to [Employee{id=null, firstName='John', lastName='Doe', email='invalid-email', position='Engineer', depa (truncated)...]
2025-08-20T10:32:15.171+05:30  WARN 34558 --- [employee_management] [           main] .w.s.m.s.DefaultHandlerExceptionResolver : Resolved [org.springframework.web.bind.MethodArgumentNotValidException: Validation failed for argument [0] in public org.springframework.http.ResponseEntity<com.example.employee_managment.model.Employee> com.example.employee_managment.controller.EmployeeController.createEmployee(com.example.employee_managment.model.Employee): [Field error in object 'employee' on field 'email': rejected value [invalid-email]; codes [Email.employee.email,Email.email,Email.java.lang.String,Email]; arguments [org.springframework.context.support.DefaultMessageSourceResolvable: codes [employee.email,email]; arguments []; default message [email],[Ljakarta.validation.constraints.Pattern$Flag;@66b98075,.*]; default message [Please provide a valid email address]] ]
2025-08-20T10:32:15.171+05:30 DEBUG 34558 --- [employee_management] [           main] o.s.t.web.servlet.TestDispatcherServlet  : Completed 400 BAD_REQUEST
2025-08-20T10:32:15.171+05:30 DEBUG 34558 --- [employee_management] [           main] org.springframework.test.context.cache   : Spring test ApplicationContext cache statistics: [DefaultContextCache@5834298c size = 3, maxSize = 32, parentContextCount = 0, hitCount = 345, missCount = 3, failureCount = 0]
2025-08-20T10:32:15.171+05:30 DEBUG 34558 --- [employee_management] [           main] org.springframework.test.context.cache   : Spring test ApplicationContext cache statistics: [DefaultContextCache@5834298c size = 3, maxSize = 32, parentContextCount = 0, hitCount = 346, missCount = 3, failureCount = 0]
2025-08-20T10:32:15.171+05:30 DEBUG 34558 --- [employee_management] [           main] org.springframework.test.context.cache   : Spring test ApplicationContext cache statistics: [DefaultContextCache@5834298c size = 3, maxSize = 32, parentContextCount = 0, hitCount = 347, missCount = 3, failureCount = 0]
2025-08-20T10:32:15.171+05:30 DEBUG 34558 --- [employee_management] [           main] org.springframework.test.context.cache   : Spring test ApplicationContext cache statistics: [DefaultContextCache@5834298c size = 3, maxSize = 32, parentContextCount = 0, hitCount = 348, missCount = 3, failureCount = 0]
2025-08-20T10:32:15.171+05:30 DEBUG 34558 --- [employee_management] [           main] org.springframework.test.context.cache   : Spring test ApplicationContext cache statistics: [DefaultContextCache@5834298c size = 3, maxSize = 32, parentContextCount = 0, hitCount = 349, missCount = 3, failureCount = 0]
2025-08-20T10:32:15.171+05:30 DEBUG 34558 --- [employee_management] [           main] org.springframework.test.context.cache   : Spring test ApplicationContext cache statistics: [DefaultContextCache@5834298c size = 3, maxSize = 32, parentContextCount = 0, hitCount = 350, missCount = 3, failureCount = 0]
2025-08-20T10:32:15.172+05:30 DEBUG 34558 --- [employee_management] [           main] org.springframework.test.context.cache   : Spring test ApplicationContext cache statistics: [DefaultContextCache@5834298c size = 3, maxSize = 32, parentContextCount = 0, hitCount = 351, missCount = 3, failureCount = 0]
2025-08-20T10:32:15.172+05:30 DEBUG 34558 --- [employee_management] [           main] .c.s.DirtiesContextTestExecutionListener : After test method: class [EmployeeControllerTest], method [testCreateEmployeeWithInvalidEmail], class annotated with @DirtiesContext [false] with mode [null], method annotated with @DirtiesContext [false] with mode [null]
]]></system-out>
  </testcase>
  <testcase name="testUpdateEmployeeSuccess" classname="com.example.employee_managment.controller.EmployeeControllerTest" time="0.004">
    <system-out><![CDATA[2025-08-20T10:32:15.172+05:30 DEBUG 34558 --- [employee_management] [           main] org.springframework.test.context.cache   : Spring test ApplicationContext cache statistics: [DefaultContextCache@5834298c size = 3, maxSize = 32, parentContextCount = 0, hitCount = 352, missCount = 3, failureCount = 0]
2025-08-20T10:32:15.172+05:30 DEBUG 34558 --- [employee_management] [           main] DependencyInjectionTestExecutionListener : Performing dependency injection for test class com.example.employee_managment.controller.EmployeeControllerTest
2025-08-20T10:32:15.172+05:30 DEBUG 34558 --- [employee_management] [           main] org.springframework.test.context.cache   : Spring test ApplicationContext cache statistics: [DefaultContextCache@5834298c size = 3, maxSize = 32, parentContextCount = 0, hitCount = 353, missCount = 3, failureCount = 0]
2025-08-20T10:32:15.172+05:30 DEBUG 34558 --- [employee_management] [           main] org.springframework.test.context.cache   : Spring test ApplicationContext cache statistics: [DefaultContextCache@5834298c size = 3, maxSize = 32, parentContextCount = 0, hitCount = 354, missCount = 3, failureCount = 0]
2025-08-20T10:32:15.173+05:30 DEBUG 34558 --- [employee_management] [           main] sContextBeforeModesTestExecutionListener : Before test method: class [EmployeeControllerTest], method [testUpdateEmployeeSuccess], class annotated with @DirtiesContext [false] with mode [null], method annotated with @DirtiesContext [false] with mode [null]
2025-08-20T10:32:15.173+05:30 DEBUG 34558 --- [employee_management] [           main] org.springframework.test.context.cache   : Spring test ApplicationContext cache statistics: [DefaultContextCache@5834298c size = 3, maxSize = 32, parentContextCount = 0, hitCount = 355, missCount = 3, failureCount = 0]
2025-08-20T10:32:15.173+05:30 DEBUG 34558 --- [employee_management] [           main] org.springframework.test.context.cache   : Spring test ApplicationContext cache statistics: [DefaultContextCache@5834298c size = 3, maxSize = 32, parentContextCount = 0, hitCount = 356, missCount = 3, failureCount = 0]
2025-08-20T10:32:15.173+05:30 DEBUG 34558 --- [employee_management] [           main] org.springframework.test.context.cache   : Spring test ApplicationContext cache statistics: [DefaultContextCache@5834298c size = 3, maxSize = 32, parentContextCount = 0, hitCount = 357, missCount = 3, failureCount = 0]
2025-08-20T10:32:15.173+05:30 DEBUG 34558 --- [employee_management] [           main] org.springframework.test.context.cache   : Spring test ApplicationContext cache statistics: [DefaultContextCache@5834298c size = 3, maxSize = 32, parentContextCount = 0, hitCount = 358, missCount = 3, failureCount = 0]
2025-08-20T10:32:15.174+05:30 DEBUG 34558 --- [employee_management] [           main] o.s.t.web.servlet.TestDispatcherServlet  : PUT "/api/employees/1", parameters={}
2025-08-20T10:32:15.174+05:30 DEBUG 34558 --- [employee_management] [           main] s.w.s.m.m.a.RequestMappingHandlerMapping : Mapped to com.example.employee_managment.controller.EmployeeController#updateEmployee(Long, Employee)
2025-08-20T10:32:15.175+05:30 DEBUG 34558 --- [employee_management] [           main] m.m.a.RequestResponseBodyMethodProcessor : Read "application/json;charset=UTF-8" to [Employee{id=null, firstName='John Updated', lastName='Doe Updated', email='john.updated@example.com' (truncated)...]
2025-08-20T10:32:15.175+05:30 DEBUG 34558 --- [employee_management] [           main] o.s.w.s.m.m.a.HttpEntityMethodProcessor  : Using 'application/json', given [*/*] and supported [application/json, application/*+json]
2025-08-20T10:32:15.175+05:30 DEBUG 34558 --- [employee_management] [           main] o.s.w.s.m.m.a.HttpEntityMethodProcessor  : Writing [Employee{id=1, firstName='John', lastName='Doe', email='john.doe@example.com', position='Software En (truncated)...]
2025-08-20T10:32:15.175+05:30 DEBUG 34558 --- [employee_management] [           main] o.s.t.web.servlet.TestDispatcherServlet  : Completed 200 OK
2025-08-20T10:32:15.175+05:30 DEBUG 34558 --- [employee_management] [           main] org.springframework.test.context.cache   : Spring test ApplicationContext cache statistics: [DefaultContextCache@5834298c size = 3, maxSize = 32, parentContextCount = 0, hitCount = 359, missCount = 3, failureCount = 0]
2025-08-20T10:32:15.175+05:30 DEBUG 34558 --- [employee_management] [           main] org.springframework.test.context.cache   : Spring test ApplicationContext cache statistics: [DefaultContextCache@5834298c size = 3, maxSize = 32, parentContextCount = 0, hitCount = 360, missCount = 3, failureCount = 0]
2025-08-20T10:32:15.176+05:30 DEBUG 34558 --- [employee_management] [           main] org.springframework.test.context.cache   : Spring test ApplicationContext cache statistics: [DefaultContextCache@5834298c size = 3, maxSize = 32, parentContextCount = 0, hitCount = 361, missCount = 3, failureCount = 0]
2025-08-20T10:32:15.176+05:30 DEBUG 34558 --- [employee_management] [           main] org.springframework.test.context.cache   : Spring test ApplicationContext cache statistics: [DefaultContextCache@5834298c size = 3, maxSize = 32, parentContextCount = 0, hitCount = 362, missCount = 3, failureCount = 0]
2025-08-20T10:32:15.176+05:30 DEBUG 34558 --- [employee_management] [           main] org.springframework.test.context.cache   : Spring test ApplicationContext cache statistics: [DefaultContextCache@5834298c size = 3, maxSize = 32, parentContextCount = 0, hitCount = 363, missCount = 3, failureCount = 0]
2025-08-20T10:32:15.176+05:30 DEBUG 34558 --- [employee_management] [           main] org.springframework.test.context.cache   : Spring test ApplicationContext cache statistics: [DefaultContextCache@5834298c size = 3, maxSize = 32, parentContextCount = 0, hitCount = 364, missCount = 3, failureCount = 0]
2025-08-20T10:32:15.176+05:30 DEBUG 34558 --- [employee_management] [           main] org.springframework.test.context.cache   : Spring test ApplicationContext cache statistics: [DefaultContextCache@5834298c size = 3, maxSize = 32, parentContextCount = 0, hitCount = 365, missCount = 3, failureCount = 0]
2025-08-20T10:32:15.176+05:30 DEBUG 34558 --- [employee_management] [           main] .c.s.DirtiesContextTestExecutionListener : After test method: class [EmployeeControllerTest], method [testUpdateEmployeeSuccess], class annotated with @DirtiesContext [false] with mode [null], method annotated with @DirtiesContext [false] with mode [null]
]]></system-out>
  </testcase>
  <testcase name="testCreateEmployeeServiceException" classname="com.example.employee_managment.controller.EmployeeControllerTest" time="0.003">
    <system-out><![CDATA[2025-08-20T10:32:15.176+05:30 DEBUG 34558 --- [employee_management] [           main] org.springframework.test.context.cache   : Spring test ApplicationContext cache statistics: [DefaultContextCache@5834298c size = 3, maxSize = 32, parentContextCount = 0, hitCount = 366, missCount = 3, failureCount = 0]
2025-08-20T10:32:15.176+05:30 DEBUG 34558 --- [employee_management] [           main] DependencyInjectionTestExecutionListener : Performing dependency injection for test class com.example.employee_managment.controller.EmployeeControllerTest
2025-08-20T10:32:15.176+05:30 DEBUG 34558 --- [employee_management] [           main] org.springframework.test.context.cache   : Spring test ApplicationContext cache statistics: [DefaultContextCache@5834298c size = 3, maxSize = 32, parentContextCount = 0, hitCount = 367, missCount = 3, failureCount = 0]
2025-08-20T10:32:15.176+05:30 DEBUG 34558 --- [employee_management] [           main] org.springframework.test.context.cache   : Spring test ApplicationContext cache statistics: [DefaultContextCache@5834298c size = 3, maxSize = 32, parentContextCount = 0, hitCount = 368, missCount = 3, failureCount = 0]
2025-08-20T10:32:15.177+05:30 DEBUG 34558 --- [employee_management] [           main] sContextBeforeModesTestExecutionListener : Before test method: class [EmployeeControllerTest], method [testCreateEmployeeServiceException], class annotated with @DirtiesContext [false] with mode [null], method annotated with @DirtiesContext [false] with mode [null]
2025-08-20T10:32:15.177+05:30 DEBUG 34558 --- [employee_management] [           main] org.springframework.test.context.cache   : Spring test ApplicationContext cache statistics: [DefaultContextCache@5834298c size = 3, maxSize = 32, parentContextCount = 0, hitCount = 369, missCount = 3, failureCount = 0]
2025-08-20T10:32:15.177+05:30 DEBUG 34558 --- [employee_management] [           main] org.springframework.test.context.cache   : Spring test ApplicationContext cache statistics: [DefaultContextCache@5834298c size = 3, maxSize = 32, parentContextCount = 0, hitCount = 370, missCount = 3, failureCount = 0]
2025-08-20T10:32:15.177+05:30 DEBUG 34558 --- [employee_management] [           main] org.springframework.test.context.cache   : Spring test ApplicationContext cache statistics: [DefaultContextCache@5834298c size = 3, maxSize = 32, parentContextCount = 0, hitCount = 371, missCount = 3, failureCount = 0]
2025-08-20T10:32:15.177+05:30 DEBUG 34558 --- [employee_management] [           main] org.springframework.test.context.cache   : Spring test ApplicationContext cache statistics: [DefaultContextCache@5834298c size = 3, maxSize = 32, parentContextCount = 0, hitCount = 372, missCount = 3, failureCount = 0]
2025-08-20T10:32:15.177+05:30 DEBUG 34558 --- [employee_management] [           main] o.s.t.web.servlet.TestDispatcherServlet  : POST "/api/employees", parameters={}
2025-08-20T10:32:15.177+05:30 DEBUG 34558 --- [employee_management] [           main] s.w.s.m.m.a.RequestMappingHandlerMapping : Mapped to com.example.employee_managment.controller.EmployeeController#createEmployee(Employee)
2025-08-20T10:32:15.178+05:30 DEBUG 34558 --- [employee_management] [           main] m.m.a.RequestResponseBodyMethodProcessor : Read "application/json;charset=UTF-8" to [Employee{id=null, firstName='Alice', lastName='Brown', email='alice.brown@example.com', position='nu (truncated)...]
2025-08-20T10:32:15.178+05:30 DEBUG 34558 --- [employee_management] [           main] o.s.w.s.m.m.a.HttpEntityMethodProcessor  : Using 'application/json', given [*/*] and supported [application/json, application/*+json]
2025-08-20T10:32:15.178+05:30 DEBUG 34558 --- [employee_management] [           main] o.s.w.s.m.m.a.HttpEntityMethodProcessor  : Nothing to write: null body
2025-08-20T10:32:15.178+05:30 DEBUG 34558 --- [employee_management] [           main] o.s.t.web.servlet.TestDispatcherServlet  : Completed 400 BAD_REQUEST
2025-08-20T10:32:15.179+05:30 DEBUG 34558 --- [employee_management] [           main] org.springframework.test.context.cache   : Spring test ApplicationContext cache statistics: [DefaultContextCache@5834298c size = 3, maxSize = 32, parentContextCount = 0, hitCount = 373, missCount = 3, failureCount = 0]
2025-08-20T10:32:15.179+05:30 DEBUG 34558 --- [employee_management] [           main] org.springframework.test.context.cache   : Spring test ApplicationContext cache statistics: [DefaultContextCache@5834298c size = 3, maxSize = 32, parentContextCount = 0, hitCount = 374, missCount = 3, failureCount = 0]
2025-08-20T10:32:15.179+05:30 DEBUG 34558 --- [employee_management] [           main] org.springframework.test.context.cache   : Spring test ApplicationContext cache statistics: [DefaultContextCache@5834298c size = 3, maxSize = 32, parentContextCount = 0, hitCount = 375, missCount = 3, failureCount = 0]
2025-08-20T10:32:15.179+05:30 DEBUG 34558 --- [employee_management] [           main] org.springframework.test.context.cache   : Spring test ApplicationContext cache statistics: [DefaultContextCache@5834298c size = 3, maxSize = 32, parentContextCount = 0, hitCount = 376, missCount = 3, failureCount = 0]
2025-08-20T10:32:15.179+05:30 DEBUG 34558 --- [employee_management] [           main] org.springframework.test.context.cache   : Spring test ApplicationContext cache statistics: [DefaultContextCache@5834298c size = 3, maxSize = 32, parentContextCount = 0, hitCount = 377, missCount = 3, failureCount = 0]
2025-08-20T10:32:15.179+05:30 DEBUG 34558 --- [employee_management] [           main] org.springframework.test.context.cache   : Spring test ApplicationContext cache statistics: [DefaultContextCache@5834298c size = 3, maxSize = 32, parentContextCount = 0, hitCount = 378, missCount = 3, failureCount = 0]
2025-08-20T10:32:15.180+05:30 DEBUG 34558 --- [employee_management] [           main] org.springframework.test.context.cache   : Spring test ApplicationContext cache statistics: [DefaultContextCache@5834298c size = 3, maxSize = 32, parentContextCount = 0, hitCount = 379, missCount = 3, failureCount = 0]
2025-08-20T10:32:15.180+05:30 DEBUG 34558 --- [employee_management] [           main] .c.s.DirtiesContextTestExecutionListener : After test method: class [EmployeeControllerTest], method [testCreateEmployeeServiceException], class annotated with @DirtiesContext [false] with mode [null], method annotated with @DirtiesContext [false] with mode [null]
]]></system-out>
  </testcase>
  <testcase name="testGetEmployeeByEmailNotFound" classname="com.example.employee_managment.controller.EmployeeControllerTest" time="0.003">
    <system-out><![CDATA[2025-08-20T10:32:15.180+05:30 DEBUG 34558 --- [employee_management] [           main] org.springframework.test.context.cache   : Spring test ApplicationContext cache statistics: [DefaultContextCache@5834298c size = 3, maxSize = 32, parentContextCount = 0, hitCount = 380, missCount = 3, failureCount = 0]
2025-08-20T10:32:15.180+05:30 DEBUG 34558 --- [employee_management] [           main] DependencyInjectionTestExecutionListener : Performing dependency injection for test class com.example.employee_managment.controller.EmployeeControllerTest
2025-08-20T10:32:15.180+05:30 DEBUG 34558 --- [employee_management] [           main] org.springframework.test.context.cache   : Spring test ApplicationContext cache statistics: [DefaultContextCache@5834298c size = 3, maxSize = 32, parentContextCount = 0, hitCount = 381, missCount = 3, failureCount = 0]
2025-08-20T10:32:15.180+05:30 DEBUG 34558 --- [employee_management] [           main] org.springframework.test.context.cache   : Spring test ApplicationContext cache statistics: [DefaultContextCache@5834298c size = 3, maxSize = 32, parentContextCount = 0, hitCount = 382, missCount = 3, failureCount = 0]
2025-08-20T10:32:15.181+05:30 DEBUG 34558 --- [employee_management] [           main] sContextBeforeModesTestExecutionListener : Before test method: class [EmployeeControllerTest], method [testGetEmployeeByEmailNotFound], class annotated with @DirtiesContext [false] with mode [null], method annotated with @DirtiesContext [false] with mode [null]
2025-08-20T10:32:15.181+05:30 DEBUG 34558 --- [employee_management] [           main] org.springframework.test.context.cache   : Spring test ApplicationContext cache statistics: [DefaultContextCache@5834298c size = 3, maxSize = 32, parentContextCount = 0, hitCount = 383, missCount = 3, failureCount = 0]
2025-08-20T10:32:15.181+05:30 DEBUG 34558 --- [employee_management] [           main] org.springframework.test.context.cache   : Spring test ApplicationContext cache statistics: [DefaultContextCache@5834298c size = 3, maxSize = 32, parentContextCount = 0, hitCount = 384, missCount = 3, failureCount = 0]
2025-08-20T10:32:15.181+05:30 DEBUG 34558 --- [employee_management] [           main] org.springframework.test.context.cache   : Spring test ApplicationContext cache statistics: [DefaultContextCache@5834298c size = 3, maxSize = 32, parentContextCount = 0, hitCount = 385, missCount = 3, failureCount = 0]
2025-08-20T10:32:15.181+05:30 DEBUG 34558 --- [employee_management] [           main] org.springframework.test.context.cache   : Spring test ApplicationContext cache statistics: [DefaultContextCache@5834298c size = 3, maxSize = 32, parentContextCount = 0, hitCount = 386, missCount = 3, failureCount = 0]
2025-08-20T10:32:15.181+05:30 DEBUG 34558 --- [employee_management] [           main] o.s.t.web.servlet.TestDispatcherServlet  : GET "/api/employees/email/nonexistent@example.com", parameters={}
2025-08-20T10:32:15.181+05:30 DEBUG 34558 --- [employee_management] [           main] s.w.s.m.m.a.RequestMappingHandlerMapping : Mapped to com.example.employee_managment.controller.EmployeeController#getEmployeeByEmail(String)
2025-08-20T10:32:15.182+05:30 DEBUG 34558 --- [employee_management] [           main] o.s.w.s.m.m.a.HttpEntityMethodProcessor  : Using 'application/json', given [*/*] and supported [application/json, application/*+json]
2025-08-20T10:32:15.182+05:30 DEBUG 34558 --- [employee_management] [           main] o.s.w.s.m.m.a.HttpEntityMethodProcessor  : Nothing to write: null body
2025-08-20T10:32:15.182+05:30 DEBUG 34558 --- [employee_management] [           main] o.s.t.web.servlet.TestDispatcherServlet  : Completed 404 NOT_FOUND
2025-08-20T10:32:15.182+05:30 DEBUG 34558 --- [employee_management] [           main] org.springframework.test.context.cache   : Spring test ApplicationContext cache statistics: [DefaultContextCache@5834298c size = 3, maxSize = 32, parentContextCount = 0, hitCount = 387, missCount = 3, failureCount = 0]
2025-08-20T10:32:15.182+05:30 DEBUG 34558 --- [employee_management] [           main] org.springframework.test.context.cache   : Spring test ApplicationContext cache statistics: [DefaultContextCache@5834298c size = 3, maxSize = 32, parentContextCount = 0, hitCount = 388, missCount = 3, failureCount = 0]
2025-08-20T10:32:15.182+05:30 DEBUG 34558 --- [employee_management] [           main] org.springframework.test.context.cache   : Spring test ApplicationContext cache statistics: [DefaultContextCache@5834298c size = 3, maxSize = 32, parentContextCount = 0, hitCount = 389, missCount = 3, failureCount = 0]
2025-08-20T10:32:15.182+05:30 DEBUG 34558 --- [employee_management] [           main] org.springframework.test.context.cache   : Spring test ApplicationContext cache statistics: [DefaultContextCache@5834298c size = 3, maxSize = 32, parentContextCount = 0, hitCount = 390, missCount = 3, failureCount = 0]
2025-08-20T10:32:15.183+05:30 DEBUG 34558 --- [employee_management] [           main] org.springframework.test.context.cache   : Spring test ApplicationContext cache statistics: [DefaultContextCache@5834298c size = 3, maxSize = 32, parentContextCount = 0, hitCount = 391, missCount = 3, failureCount = 0]
2025-08-20T10:32:15.183+05:30 DEBUG 34558 --- [employee_management] [           main] org.springframework.test.context.cache   : Spring test ApplicationContext cache statistics: [DefaultContextCache@5834298c size = 3, maxSize = 32, parentContextCount = 0, hitCount = 392, missCount = 3, failureCount = 0]
2025-08-20T10:32:15.183+05:30 DEBUG 34558 --- [employee_management] [           main] org.springframework.test.context.cache   : Spring test ApplicationContext cache statistics: [DefaultContextCache@5834298c size = 3, maxSize = 32, parentContextCount = 0, hitCount = 393, missCount = 3, failureCount = 0]
2025-08-20T10:32:15.183+05:30 DEBUG 34558 --- [employee_management] [           main] .c.s.DirtiesContextTestExecutionListener : After test method: class [EmployeeControllerTest], method [testGetEmployeeByEmailNotFound], class annotated with @DirtiesContext [false] with mode [null], method annotated with @DirtiesContext [false] with mode [null]
]]></system-out>
  </testcase>
  <testcase name="testSearchEmployeesByName" classname="com.example.employee_managment.controller.EmployeeControllerTest" time="0.003">
    <system-out><![CDATA[2025-08-20T10:32:15.183+05:30 DEBUG 34558 --- [employee_management] [           main] org.springframework.test.context.cache   : Spring test ApplicationContext cache statistics: [DefaultContextCache@5834298c size = 3, maxSize = 32, parentContextCount = 0, hitCount = 394, missCount = 3, failureCount = 0]
2025-08-20T10:32:15.183+05:30 DEBUG 34558 --- [employee_management] [           main] DependencyInjectionTestExecutionListener : Performing dependency injection for test class com.example.employee_managment.controller.EmployeeControllerTest
2025-08-20T10:32:15.183+05:30 DEBUG 34558 --- [employee_management] [           main] org.springframework.test.context.cache   : Spring test ApplicationContext cache statistics: [DefaultContextCache@5834298c size = 3, maxSize = 32, parentContextCount = 0, hitCount = 395, missCount = 3, failureCount = 0]
2025-08-20T10:32:15.183+05:30 DEBUG 34558 --- [employee_management] [           main] org.springframework.test.context.cache   : Spring test ApplicationContext cache statistics: [DefaultContextCache@5834298c size = 3, maxSize = 32, parentContextCount = 0, hitCount = 396, missCount = 3, failureCount = 0]
2025-08-20T10:32:15.183+05:30 DEBUG 34558 --- [employee_management] [           main] sContextBeforeModesTestExecutionListener : Before test method: class [EmployeeControllerTest], method [testSearchEmployeesByName], class annotated with @DirtiesContext [false] with mode [null], method annotated with @DirtiesContext [false] with mode [null]
2025-08-20T10:32:15.183+05:30 DEBUG 34558 --- [employee_management] [           main] org.springframework.test.context.cache   : Spring test ApplicationContext cache statistics: [DefaultContextCache@5834298c size = 3, maxSize = 32, parentContextCount = 0, hitCount = 397, missCount = 3, failureCount = 0]
2025-08-20T10:32:15.183+05:30 DEBUG 34558 --- [employee_management] [           main] org.springframework.test.context.cache   : Spring test ApplicationContext cache statistics: [DefaultContextCache@5834298c size = 3, maxSize = 32, parentContextCount = 0, hitCount = 398, missCount = 3, failureCount = 0]
2025-08-20T10:32:15.184+05:30 DEBUG 34558 --- [employee_management] [           main] org.springframework.test.context.cache   : Spring test ApplicationContext cache statistics: [DefaultContextCache@5834298c size = 3, maxSize = 32, parentContextCount = 0, hitCount = 399, missCount = 3, failureCount = 0]
2025-08-20T10:32:15.184+05:30 DEBUG 34558 --- [employee_management] [           main] org.springframework.test.context.cache   : Spring test ApplicationContext cache statistics: [DefaultContextCache@5834298c size = 3, maxSize = 32, parentContextCount = 0, hitCount = 400, missCount = 3, failureCount = 0]
2025-08-20T10:32:15.184+05:30 DEBUG 34558 --- [employee_management] [           main] o.s.t.web.servlet.TestDispatcherServlet  : GET "/api/employees/search", parameters={masked}
2025-08-20T10:32:15.184+05:30 DEBUG 34558 --- [employee_management] [           main] s.w.s.m.m.a.RequestMappingHandlerMapping : Mapped to com.example.employee_managment.controller.EmployeeController#searchEmployeesByName(String)
2025-08-20T10:32:15.185+05:30 DEBUG 34558 --- [employee_management] [           main] o.s.w.s.m.m.a.HttpEntityMethodProcessor  : Using 'application/json', given [*/*] and supported [application/json, application/*+json]
2025-08-20T10:32:15.185+05:30 DEBUG 34558 --- [employee_management] [           main] o.s.w.s.m.m.a.HttpEntityMethodProcessor  : Writing [[Employee{id=1, firstName='John', lastName='Doe', email='john.doe@example.com', position='Software E (truncated)...]
2025-08-20T10:32:15.185+05:30 DEBUG 34558 --- [employee_management] [           main] o.s.t.web.servlet.TestDispatcherServlet  : Completed 200 OK
2025-08-20T10:32:15.185+05:30 DEBUG 34558 --- [employee_management] [           main] org.springframework.test.context.cache   : Spring test ApplicationContext cache statistics: [DefaultContextCache@5834298c size = 3, maxSize = 32, parentContextCount = 0, hitCount = 401, missCount = 3, failureCount = 0]
2025-08-20T10:32:15.186+05:30 DEBUG 34558 --- [employee_management] [           main] org.springframework.test.context.cache   : Spring test ApplicationContext cache statistics: [DefaultContextCache@5834298c size = 3, maxSize = 32, parentContextCount = 0, hitCount = 402, missCount = 3, failureCount = 0]
2025-08-20T10:32:15.186+05:30 DEBUG 34558 --- [employee_management] [           main] org.springframework.test.context.cache   : Spring test ApplicationContext cache statistics: [DefaultContextCache@5834298c size = 3, maxSize = 32, parentContextCount = 0, hitCount = 403, missCount = 3, failureCount = 0]
2025-08-20T10:32:15.186+05:30 DEBUG 34558 --- [employee_management] [           main] org.springframework.test.context.cache   : Spring test ApplicationContext cache statistics: [DefaultContextCache@5834298c size = 3, maxSize = 32, parentContextCount = 0, hitCount = 404, missCount = 3, failureCount = 0]
2025-08-20T10:32:15.186+05:30 DEBUG 34558 --- [employee_management] [           main] org.springframework.test.context.cache   : Spring test ApplicationContext cache statistics: [DefaultContextCache@5834298c size = 3, maxSize = 32, parentContextCount = 0, hitCount = 405, missCount = 3, failureCount = 0]
2025-08-20T10:32:15.186+05:30 DEBUG 34558 --- [employee_management] [           main] org.springframework.test.context.cache   : Spring test ApplicationContext cache statistics: [DefaultContextCache@5834298c size = 3, maxSize = 32, parentContextCount = 0, hitCount = 406, missCount = 3, failureCount = 0]
2025-08-20T10:32:15.186+05:30 DEBUG 34558 --- [employee_management] [           main] org.springframework.test.context.cache   : Spring test ApplicationContext cache statistics: [DefaultContextCache@5834298c size = 3, maxSize = 32, parentContextCount = 0, hitCount = 407, missCount = 3, failureCount = 0]
2025-08-20T10:32:15.186+05:30 DEBUG 34558 --- [employee_management] [           main] .c.s.DirtiesContextTestExecutionListener : After test method: class [EmployeeControllerTest], method [testSearchEmployeesByName], class annotated with @DirtiesContext [false] with mode [null], method annotated with @DirtiesContext [false] with mode [null]
]]></system-out>
  </testcase>
  <testcase name="testGetAllEmployees" classname="com.example.employee_managment.controller.EmployeeControllerTest" time="0.003">
    <system-out><![CDATA[2025-08-20T10:32:15.186+05:30 DEBUG 34558 --- [employee_management] [           main] org.springframework.test.context.cache   : Spring test ApplicationContext cache statistics: [DefaultContextCache@5834298c size = 3, maxSize = 32, parentContextCount = 0, hitCount = 408, missCount = 3, failureCount = 0]
2025-08-20T10:32:15.186+05:30 DEBUG 34558 --- [employee_management] [           main] DependencyInjectionTestExecutionListener : Performing dependency injection for test class com.example.employee_managment.controller.EmployeeControllerTest
2025-08-20T10:32:15.186+05:30 DEBUG 34558 --- [employee_management] [           main] org.springframework.test.context.cache   : Spring test ApplicationContext cache statistics: [DefaultContextCache@5834298c size = 3, maxSize = 32, parentContextCount = 0, hitCount = 409, missCount = 3, failureCount = 0]
2025-08-20T10:32:15.187+05:30 DEBUG 34558 --- [employee_management] [           main] org.springframework.test.context.cache   : Spring test ApplicationContext cache statistics: [DefaultContextCache@5834298c size = 3, maxSize = 32, parentContextCount = 0, hitCount = 410, missCount = 3, failureCount = 0]
2025-08-20T10:32:15.187+05:30 DEBUG 34558 --- [employee_management] [           main] sContextBeforeModesTestExecutionListener : Before test method: class [EmployeeControllerTest], method [testGetAllEmployees], class annotated with @DirtiesContext [false] with mode [null], method annotated with @DirtiesContext [false] with mode [null]
2025-08-20T10:32:15.187+05:30 DEBUG 34558 --- [employee_management] [           main] org.springframework.test.context.cache   : Spring test ApplicationContext cache statistics: [DefaultContextCache@5834298c size = 3, maxSize = 32, parentContextCount = 0, hitCount = 411, missCount = 3, failureCount = 0]
2025-08-20T10:32:15.187+05:30 DEBUG 34558 --- [employee_management] [           main] org.springframework.test.context.cache   : Spring test ApplicationContext cache statistics: [DefaultContextCache@5834298c size = 3, maxSize = 32, parentContextCount = 0, hitCount = 412, missCount = 3, failureCount = 0]
2025-08-20T10:32:15.187+05:30 DEBUG 34558 --- [employee_management] [           main] org.springframework.test.context.cache   : Spring test ApplicationContext cache statistics: [DefaultContextCache@5834298c size = 3, maxSize = 32, parentContextCount = 0, hitCount = 413, missCount = 3, failureCount = 0]
2025-08-20T10:32:15.187+05:30 DEBUG 34558 --- [employee_management] [           main] org.springframework.test.context.cache   : Spring test ApplicationContext cache statistics: [DefaultContextCache@5834298c size = 3, maxSize = 32, parentContextCount = 0, hitCount = 414, missCount = 3, failureCount = 0]
2025-08-20T10:32:15.188+05:30 DEBUG 34558 --- [employee_management] [           main] o.s.t.web.servlet.TestDispatcherServlet  : GET "/api/employees", parameters={}
2025-08-20T10:32:15.188+05:30 DEBUG 34558 --- [employee_management] [           main] s.w.s.m.m.a.RequestMappingHandlerMapping : Mapped to com.example.employee_managment.controller.EmployeeController#getAllEmployees()
2025-08-20T10:32:15.188+05:30 DEBUG 34558 --- [employee_management] [           main] o.s.w.s.m.m.a.HttpEntityMethodProcessor  : Using 'application/json', given [*/*] and supported [application/json, application/*+json]
2025-08-20T10:32:15.188+05:30 DEBUG 34558 --- [employee_management] [           main] o.s.w.s.m.m.a.HttpEntityMethodProcessor  : Writing [[Employee{id=1, firstName='John', lastName='Doe', email='john.doe@example.com', position='Software E (truncated)...]
2025-08-20T10:32:15.188+05:30 DEBUG 34558 --- [employee_management] [           main] o.s.t.web.servlet.TestDispatcherServlet  : Completed 200 OK
2025-08-20T10:32:15.189+05:30 DEBUG 34558 --- [employee_management] [           main] org.springframework.test.context.cache   : Spring test ApplicationContext cache statistics: [DefaultContextCache@5834298c size = 3, maxSize = 32, parentContextCount = 0, hitCount = 415, missCount = 3, failureCount = 0]
2025-08-20T10:32:15.189+05:30 DEBUG 34558 --- [employee_management] [           main] org.springframework.test.context.cache   : Spring test ApplicationContext cache statistics: [DefaultContextCache@5834298c size = 3, maxSize = 32, parentContextCount = 0, hitCount = 416, missCount = 3, failureCount = 0]
2025-08-20T10:32:15.189+05:30 DEBUG 34558 --- [employee_management] [           main] org.springframework.test.context.cache   : Spring test ApplicationContext cache statistics: [DefaultContextCache@5834298c size = 3, maxSize = 32, parentContextCount = 0, hitCount = 417, missCount = 3, failureCount = 0]
2025-08-20T10:32:15.189+05:30 DEBUG 34558 --- [employee_management] [           main] org.springframework.test.context.cache   : Spring test ApplicationContext cache statistics: [DefaultContextCache@5834298c size = 3, maxSize = 32, parentContextCount = 0, hitCount = 418, missCount = 3, failureCount = 0]
2025-08-20T10:32:15.189+05:30 DEBUG 34558 --- [employee_management] [           main] org.springframework.test.context.cache   : Spring test ApplicationContext cache statistics: [DefaultContextCache@5834298c size = 3, maxSize = 32, parentContextCount = 0, hitCount = 419, missCount = 3, failureCount = 0]
2025-08-20T10:32:15.189+05:30 DEBUG 34558 --- [employee_management] [           main] org.springframework.test.context.cache   : Spring test ApplicationContext cache statistics: [DefaultContextCache@5834298c size = 3, maxSize = 32, parentContextCount = 0, hitCount = 420, missCount = 3, failureCount = 0]
2025-08-20T10:32:15.189+05:30 DEBUG 34558 --- [employee_management] [           main] org.springframework.test.context.cache   : Spring test ApplicationContext cache statistics: [DefaultContextCache@5834298c size = 3, maxSize = 32, parentContextCount = 0, hitCount = 421, missCount = 3, failureCount = 0]
2025-08-20T10:32:15.189+05:30 DEBUG 34558 --- [employee_management] [           main] .c.s.DirtiesContextTestExecutionListener : After test method: class [EmployeeControllerTest], method [testGetAllEmployees], class annotated with @DirtiesContext [false] with mode [null], method annotated with @DirtiesContext [false] with mode [null]
]]></system-out>
  </testcase>
  <testcase name="testGetEmployeeByEmailFound" classname="com.example.employee_managment.controller.EmployeeControllerTest" time="0.008">
    <system-out><![CDATA[2025-08-20T10:32:15.190+05:30 DEBUG 34558 --- [employee_management] [           main] org.springframework.test.context.cache   : Spring test ApplicationContext cache statistics: [DefaultContextCache@5834298c size = 3, maxSize = 32, parentContextCount = 0, hitCount = 422, missCount = 3, failureCount = 0]
2025-08-20T10:32:15.190+05:30 DEBUG 34558 --- [employee_management] [           main] DependencyInjectionTestExecutionListener : Performing dependency injection for test class com.example.employee_managment.controller.EmployeeControllerTest
2025-08-20T10:32:15.190+05:30 DEBUG 34558 --- [employee_management] [           main] org.springframework.test.context.cache   : Spring test ApplicationContext cache statistics: [DefaultContextCache@5834298c size = 3, maxSize = 32, parentContextCount = 0, hitCount = 423, missCount = 3, failureCount = 0]
2025-08-20T10:32:15.190+05:30 DEBUG 34558 --- [employee_management] [           main] org.springframework.test.context.cache   : Spring test ApplicationContext cache statistics: [DefaultContextCache@5834298c size = 3, maxSize = 32, parentContextCount = 0, hitCount = 424, missCount = 3, failureCount = 0]
2025-08-20T10:32:15.190+05:30 DEBUG 34558 --- [employee_management] [           main] sContextBeforeModesTestExecutionListener : Before test method: class [EmployeeControllerTest], method [testGetEmployeeByEmailFound], class annotated with @DirtiesContext [false] with mode [null], method annotated with @DirtiesContext [false] with mode [null]
2025-08-20T10:32:15.190+05:30 DEBUG 34558 --- [employee_management] [           main] org.springframework.test.context.cache   : Spring test ApplicationContext cache statistics: [DefaultContextCache@5834298c size = 3, maxSize = 32, parentContextCount = 0, hitCount = 425, missCount = 3, failureCount = 0]
2025-08-20T10:32:15.190+05:30 DEBUG 34558 --- [employee_management] [           main] org.springframework.test.context.cache   : Spring test ApplicationContext cache statistics: [DefaultContextCache@5834298c size = 3, maxSize = 32, parentContextCount = 0, hitCount = 426, missCount = 3, failureCount = 0]
2025-08-20T10:32:15.190+05:30 DEBUG 34558 --- [employee_management] [           main] org.springframework.test.context.cache   : Spring test ApplicationContext cache statistics: [DefaultContextCache@5834298c size = 3, maxSize = 32, parentContextCount = 0, hitCount = 427, missCount = 3, failureCount = 0]
2025-08-20T10:32:15.190+05:30 DEBUG 34558 --- [employee_management] [           main] org.springframework.test.context.cache   : Spring test ApplicationContext cache statistics: [DefaultContextCache@5834298c size = 3, maxSize = 32, parentContextCount = 0, hitCount = 428, missCount = 3, failureCount = 0]
2025-08-20T10:32:15.191+05:30 DEBUG 34558 --- [employee_management] [           main] o.s.t.web.servlet.TestDispatcherServlet  : GET "/api/employees/email/john.doe@example.com", parameters={}
2025-08-20T10:32:15.191+05:30 DEBUG 34558 --- [employee_management] [           main] s.w.s.m.m.a.RequestMappingHandlerMapping : Mapped to com.example.employee_managment.controller.EmployeeController#getEmployeeByEmail(String)
2025-08-20T10:32:15.191+05:30 DEBUG 34558 --- [employee_management] [           main] o.s.w.s.m.m.a.HttpEntityMethodProcessor  : Using 'application/json', given [*/*] and supported [application/json, application/*+json]
2025-08-20T10:32:15.191+05:30 DEBUG 34558 --- [employee_management] [           main] o.s.w.s.m.m.a.HttpEntityMethodProcessor  : Writing [Employee{id=1, firstName='John', lastName='Doe', email='john.doe@example.com', position='Software En (truncated)...]
2025-08-20T10:32:15.197+05:30 DEBUG 34558 --- [employee_management] [           main] o.s.t.web.servlet.TestDispatcherServlet  : Completed 200 OK
2025-08-20T10:32:15.197+05:30 DEBUG 34558 --- [employee_management] [           main] org.springframework.test.context.cache   : Spring test ApplicationContext cache statistics: [DefaultContextCache@5834298c size = 3, maxSize = 32, parentContextCount = 0, hitCount = 429, missCount = 3, failureCount = 0]
2025-08-20T10:32:15.197+05:30 DEBUG 34558 --- [employee_management] [           main] org.springframework.test.context.cache   : Spring test ApplicationContext cache statistics: [DefaultContextCache@5834298c size = 3, maxSize = 32, parentContextCount = 0, hitCount = 430, missCount = 3, failureCount = 0]
2025-08-20T10:32:15.197+05:30 DEBUG 34558 --- [employee_management] [           main] org.springframework.test.context.cache   : Spring test ApplicationContext cache statistics: [DefaultContextCache@5834298c size = 3, maxSize = 32, parentContextCount = 0, hitCount = 431, missCount = 3, failureCount = 0]
2025-08-20T10:32:15.197+05:30 DEBUG 34558 --- [employee_management] [           main] org.springframework.test.context.cache   : Spring test ApplicationContext cache statistics: [DefaultContextCache@5834298c size = 3, maxSize = 32, parentContextCount = 0, hitCount = 432, missCount = 3, failureCount = 0]
2025-08-20T10:32:15.197+05:30 DEBUG 34558 --- [employee_management] [           main] org.springframework.test.context.cache   : Spring test ApplicationContext cache statistics: [DefaultContextCache@5834298c size = 3, maxSize = 32, parentContextCount = 0, hitCount = 433, missCount = 3, failureCount = 0]
2025-08-20T10:32:15.197+05:30 DEBUG 34558 --- [employee_management] [           main] org.springframework.test.context.cache   : Spring test ApplicationContext cache statistics: [DefaultContextCache@5834298c size = 3, maxSize = 32, parentContextCount = 0, hitCount = 434, missCount = 3, failureCount = 0]
2025-08-20T10:32:15.198+05:30 DEBUG 34558 --- [employee_management] [           main] org.springframework.test.context.cache   : Spring test ApplicationContext cache statistics: [DefaultContextCache@5834298c size = 3, maxSize = 32, parentContextCount = 0, hitCount = 435, missCount = 3, failureCount = 0]
2025-08-20T10:32:15.198+05:30 DEBUG 34558 --- [employee_management] [           main] .c.s.DirtiesContextTestExecutionListener : After test method: class [EmployeeControllerTest], method [testGetEmployeeByEmailFound], class annotated with @DirtiesContext [false] with mode [null], method annotated with @DirtiesContext [false] with mode [null]
]]></system-out>
  </testcase>
  <testcase name="testCreateEmployeeWithFutureDateOfBirth" classname="com.example.employee_managment.controller.EmployeeControllerTest" time="0.003">
    <system-out><![CDATA[2025-08-20T10:32:15.198+05:30 DEBUG 34558 --- [employee_management] [           main] org.springframework.test.context.cache   : Spring test ApplicationContext cache statistics: [DefaultContextCache@5834298c size = 3, maxSize = 32, parentContextCount = 0, hitCount = 436, missCount = 3, failureCount = 0]
2025-08-20T10:32:15.198+05:30 DEBUG 34558 --- [employee_management] [           main] DependencyInjectionTestExecutionListener : Performing dependency injection for test class com.example.employee_managment.controller.EmployeeControllerTest
2025-08-20T10:32:15.198+05:30 DEBUG 34558 --- [employee_management] [           main] org.springframework.test.context.cache   : Spring test ApplicationContext cache statistics: [DefaultContextCache@5834298c size = 3, maxSize = 32, parentContextCount = 0, hitCount = 437, missCount = 3, failureCount = 0]
2025-08-20T10:32:15.198+05:30 DEBUG 34558 --- [employee_management] [           main] org.springframework.test.context.cache   : Spring test ApplicationContext cache statistics: [DefaultContextCache@5834298c size = 3, maxSize = 32, parentContextCount = 0, hitCount = 438, missCount = 3, failureCount = 0]
2025-08-20T10:32:15.198+05:30 DEBUG 34558 --- [employee_management] [           main] sContextBeforeModesTestExecutionListener : Before test method: class [EmployeeControllerTest], method [testCreateEmployeeWithFutureDateOfBirth], class annotated with @DirtiesContext [false] with mode [null], method annotated with @DirtiesContext [false] with mode [null]
2025-08-20T10:32:15.199+05:30 DEBUG 34558 --- [employee_management] [           main] org.springframework.test.context.cache   : Spring test ApplicationContext cache statistics: [DefaultContextCache@5834298c size = 3, maxSize = 32, parentContextCount = 0, hitCount = 439, missCount = 3, failureCount = 0]
2025-08-20T10:32:15.199+05:30 DEBUG 34558 --- [employee_management] [           main] org.springframework.test.context.cache   : Spring test ApplicationContext cache statistics: [DefaultContextCache@5834298c size = 3, maxSize = 32, parentContextCount = 0, hitCount = 440, missCount = 3, failureCount = 0]
2025-08-20T10:32:15.199+05:30 DEBUG 34558 --- [employee_management] [           main] org.springframework.test.context.cache   : Spring test ApplicationContext cache statistics: [DefaultContextCache@5834298c size = 3, maxSize = 32, parentContextCount = 0, hitCount = 441, missCount = 3, failureCount = 0]
2025-08-20T10:32:15.199+05:30 DEBUG 34558 --- [employee_management] [           main] org.springframework.test.context.cache   : Spring test ApplicationContext cache statistics: [DefaultContextCache@5834298c size = 3, maxSize = 32, parentContextCount = 0, hitCount = 442, missCount = 3, failureCount = 0]
2025-08-20T10:32:15.199+05:30 DEBUG 34558 --- [employee_management] [           main] o.s.t.web.servlet.TestDispatcherServlet  : POST "/api/employees", parameters={}
2025-08-20T10:32:15.199+05:30 DEBUG 34558 --- [employee_management] [           main] s.w.s.m.m.a.RequestMappingHandlerMapping : Mapped to com.example.employee_managment.controller.EmployeeController#createEmployee(Employee)
2025-08-20T10:32:15.200+05:30 DEBUG 34558 --- [employee_management] [           main] m.m.a.RequestResponseBodyMethodProcessor : Read "application/json;charset=UTF-8" to [Employee{id=null, firstName='John', lastName='Doe', email='john.doe@example.com', position='null', d (truncated)...]
2025-08-20T10:32:15.200+05:30  WARN 34558 --- [employee_management] [           main] .w.s.m.s.DefaultHandlerExceptionResolver : Resolved [org.springframework.web.bind.MethodArgumentNotValidException: Validation failed for argument [0] in public org.springframework.http.ResponseEntity<com.example.employee_managment.model.Employee> com.example.employee_managment.controller.EmployeeController.createEmployee(com.example.employee_managment.model.Employee): [Field error in object 'employee' on field 'dateOfBirth': rejected value [2025-08-21]; codes [Past.employee.dateOfBirth,Past.dateOfBirth,Past.java.time.LocalDate,Past]; arguments [org.springframework.context.support.DefaultMessageSourceResolvable: codes [employee.dateOfBirth,dateOfBirth]; arguments []; default message [dateOfBirth]]; default message [Date of birth must be in the past]] ]
2025-08-20T10:32:15.200+05:30 DEBUG 34558 --- [employee_management] [           main] o.s.t.web.servlet.TestDispatcherServlet  : Completed 400 BAD_REQUEST
2025-08-20T10:32:15.201+05:30 DEBUG 34558 --- [employee_management] [           main] org.springframework.test.context.cache   : Spring test ApplicationContext cache statistics: [DefaultContextCache@5834298c size = 3, maxSize = 32, parentContextCount = 0, hitCount = 443, missCount = 3, failureCount = 0]
2025-08-20T10:32:15.201+05:30 DEBUG 34558 --- [employee_management] [           main] org.springframework.test.context.cache   : Spring test ApplicationContext cache statistics: [DefaultContextCache@5834298c size = 3, maxSize = 32, parentContextCount = 0, hitCount = 444, missCount = 3, failureCount = 0]
2025-08-20T10:32:15.201+05:30 DEBUG 34558 --- [employee_management] [           main] org.springframework.test.context.cache   : Spring test ApplicationContext cache statistics: [DefaultContextCache@5834298c size = 3, maxSize = 32, parentContextCount = 0, hitCount = 445, missCount = 3, failureCount = 0]
2025-08-20T10:32:15.201+05:30 DEBUG 34558 --- [employee_management] [           main] org.springframework.test.context.cache   : Spring test ApplicationContext cache statistics: [DefaultContextCache@5834298c size = 3, maxSize = 32, parentContextCount = 0, hitCount = 446, missCount = 3, failureCount = 0]
2025-08-20T10:32:15.201+05:30 DEBUG 34558 --- [employee_management] [           main] org.springframework.test.context.cache   : Spring test ApplicationContext cache statistics: [DefaultContextCache@5834298c size = 3, maxSize = 32, parentContextCount = 0, hitCount = 447, missCount = 3, failureCount = 0]
2025-08-20T10:32:15.201+05:30 DEBUG 34558 --- [employee_management] [           main] org.springframework.test.context.cache   : Spring test ApplicationContext cache statistics: [DefaultContextCache@5834298c size = 3, maxSize = 32, parentContextCount = 0, hitCount = 448, missCount = 3, failureCount = 0]
2025-08-20T10:32:15.201+05:30 DEBUG 34558 --- [employee_management] [           main] org.springframework.test.context.cache   : Spring test ApplicationContext cache statistics: [DefaultContextCache@5834298c size = 3, maxSize = 32, parentContextCount = 0, hitCount = 449, missCount = 3, failureCount = 0]
2025-08-20T10:32:15.201+05:30 DEBUG 34558 --- [employee_management] [           main] .c.s.DirtiesContextTestExecutionListener : After test method: class [EmployeeControllerTest], method [testCreateEmployeeWithFutureDateOfBirth], class annotated with @DirtiesContext [false] with mode [null], method annotated with @DirtiesContext [false] with mode [null]
]]></system-out>
  </testcase>
  <testcase name="testGetEmployeesWithSalaryGreaterThan" classname="com.example.employee_managment.controller.EmployeeControllerTest" time="0.003">
    <system-out><![CDATA[2025-08-20T10:32:15.201+05:30 DEBUG 34558 --- [employee_management] [           main] org.springframework.test.context.cache   : Spring test ApplicationContext cache statistics: [DefaultContextCache@5834298c size = 3, maxSize = 32, parentContextCount = 0, hitCount = 450, missCount = 3, failureCount = 0]
2025-08-20T10:32:15.201+05:30 DEBUG 34558 --- [employee_management] [           main] DependencyInjectionTestExecutionListener : Performing dependency injection for test class com.example.employee_managment.controller.EmployeeControllerTest
2025-08-20T10:32:15.201+05:30 DEBUG 34558 --- [employee_management] [           main] org.springframework.test.context.cache   : Spring test ApplicationContext cache statistics: [DefaultContextCache@5834298c size = 3, maxSize = 32, parentContextCount = 0, hitCount = 451, missCount = 3, failureCount = 0]
2025-08-20T10:32:15.201+05:30 DEBUG 34558 --- [employee_management] [           main] org.springframework.test.context.cache   : Spring test ApplicationContext cache statistics: [DefaultContextCache@5834298c size = 3, maxSize = 32, parentContextCount = 0, hitCount = 452, missCount = 3, failureCount = 0]
2025-08-20T10:32:15.202+05:30 DEBUG 34558 --- [employee_management] [           main] sContextBeforeModesTestExecutionListener : Before test method: class [EmployeeControllerTest], method [testGetEmployeesWithSalaryGreaterThan], class annotated with @DirtiesContext [false] with mode [null], method annotated with @DirtiesContext [false] with mode [null]
2025-08-20T10:32:15.202+05:30 DEBUG 34558 --- [employee_management] [           main] org.springframework.test.context.cache   : Spring test ApplicationContext cache statistics: [DefaultContextCache@5834298c size = 3, maxSize = 32, parentContextCount = 0, hitCount = 453, missCount = 3, failureCount = 0]
2025-08-20T10:32:15.202+05:30 DEBUG 34558 --- [employee_management] [           main] org.springframework.test.context.cache   : Spring test ApplicationContext cache statistics: [DefaultContextCache@5834298c size = 3, maxSize = 32, parentContextCount = 0, hitCount = 454, missCount = 3, failureCount = 0]
2025-08-20T10:32:15.202+05:30 DEBUG 34558 --- [employee_management] [           main] org.springframework.test.context.cache   : Spring test ApplicationContext cache statistics: [DefaultContextCache@5834298c size = 3, maxSize = 32, parentContextCount = 0, hitCount = 455, missCount = 3, failureCount = 0]
2025-08-20T10:32:15.202+05:30 DEBUG 34558 --- [employee_management] [           main] org.springframework.test.context.cache   : Spring test ApplicationContext cache statistics: [DefaultContextCache@5834298c size = 3, maxSize = 32, parentContextCount = 0, hitCount = 456, missCount = 3, failureCount = 0]
2025-08-20T10:32:15.202+05:30 DEBUG 34558 --- [employee_management] [           main] o.s.t.web.servlet.TestDispatcherServlet  : GET "/api/employees/salary", parameters={masked}
2025-08-20T10:32:15.202+05:30 DEBUG 34558 --- [employee_management] [           main] s.w.s.m.m.a.RequestMappingHandlerMapping : Mapped to com.example.employee_managment.controller.EmployeeController#getEmployeesWithSalaryGreaterThan(Double)
2025-08-20T10:32:15.203+05:30 DEBUG 34558 --- [employee_management] [           main] o.s.w.s.m.m.a.HttpEntityMethodProcessor  : Using 'application/json', given [*/*] and supported [application/json, application/*+json]
2025-08-20T10:32:15.203+05:30 DEBUG 34558 --- [employee_management] [           main] o.s.w.s.m.m.a.HttpEntityMethodProcessor  : Writing [[Employee{id=2, firstName='Jane', lastName='Smith', email='jane.smith@example.com', position='Produc (truncated)...]
2025-08-20T10:32:15.203+05:30 DEBUG 34558 --- [employee_management] [           main] o.s.t.web.servlet.TestDispatcherServlet  : Completed 200 OK
2025-08-20T10:32:15.203+05:30 DEBUG 34558 --- [employee_management] [           main] org.springframework.test.context.cache   : Spring test ApplicationContext cache statistics: [DefaultContextCache@5834298c size = 3, maxSize = 32, parentContextCount = 0, hitCount = 457, missCount = 3, failureCount = 0]
2025-08-20T10:32:15.203+05:30 DEBUG 34558 --- [employee_management] [           main] org.springframework.test.context.cache   : Spring test ApplicationContext cache statistics: [DefaultContextCache@5834298c size = 3, maxSize = 32, parentContextCount = 0, hitCount = 458, missCount = 3, failureCount = 0]
2025-08-20T10:32:15.203+05:30 DEBUG 34558 --- [employee_management] [           main] org.springframework.test.context.cache   : Spring test ApplicationContext cache statistics: [DefaultContextCache@5834298c size = 3, maxSize = 32, parentContextCount = 0, hitCount = 459, missCount = 3, failureCount = 0]
2025-08-20T10:32:15.203+05:30 DEBUG 34558 --- [employee_management] [           main] org.springframework.test.context.cache   : Spring test ApplicationContext cache statistics: [DefaultContextCache@5834298c size = 3, maxSize = 32, parentContextCount = 0, hitCount = 460, missCount = 3, failureCount = 0]
2025-08-20T10:32:15.204+05:30 DEBUG 34558 --- [employee_management] [           main] org.springframework.test.context.cache   : Spring test ApplicationContext cache statistics: [DefaultContextCache@5834298c size = 3, maxSize = 32, parentContextCount = 0, hitCount = 461, missCount = 3, failureCount = 0]
2025-08-20T10:32:15.204+05:30 DEBUG 34558 --- [employee_management] [           main] org.springframework.test.context.cache   : Spring test ApplicationContext cache statistics: [DefaultContextCache@5834298c size = 3, maxSize = 32, parentContextCount = 0, hitCount = 462, missCount = 3, failureCount = 0]
2025-08-20T10:32:15.204+05:30 DEBUG 34558 --- [employee_management] [           main] org.springframework.test.context.cache   : Spring test ApplicationContext cache statistics: [DefaultContextCache@5834298c size = 3, maxSize = 32, parentContextCount = 0, hitCount = 463, missCount = 3, failureCount = 0]
2025-08-20T10:32:15.204+05:30 DEBUG 34558 --- [employee_management] [           main] .c.s.DirtiesContextTestExecutionListener : After test method: class [EmployeeControllerTest], method [testGetEmployeesWithSalaryGreaterThan], class annotated with @DirtiesContext [false] with mode [null], method annotated with @DirtiesContext [false] with mode [null]
]]></system-out>
  </testcase>
  <testcase name="testGetEmployeeByIdNotFound" classname="com.example.employee_managment.controller.EmployeeControllerTest" time="0.002">
    <system-out><![CDATA[2025-08-20T10:32:15.204+05:30 DEBUG 34558 --- [employee_management] [           main] org.springframework.test.context.cache   : Spring test ApplicationContext cache statistics: [DefaultContextCache@5834298c size = 3, maxSize = 32, parentContextCount = 0, hitCount = 464, missCount = 3, failureCount = 0]
2025-08-20T10:32:15.204+05:30 DEBUG 34558 --- [employee_management] [           main] DependencyInjectionTestExecutionListener : Performing dependency injection for test class com.example.employee_managment.controller.EmployeeControllerTest
2025-08-20T10:32:15.204+05:30 DEBUG 34558 --- [employee_management] [           main] org.springframework.test.context.cache   : Spring test ApplicationContext cache statistics: [DefaultContextCache@5834298c size = 3, maxSize = 32, parentContextCount = 0, hitCount = 465, missCount = 3, failureCount = 0]
2025-08-20T10:32:15.204+05:30 DEBUG 34558 --- [employee_management] [           main] org.springframework.test.context.cache   : Spring test ApplicationContext cache statistics: [DefaultContextCache@5834298c size = 3, maxSize = 32, parentContextCount = 0, hitCount = 466, missCount = 3, failureCount = 0]
2025-08-20T10:32:15.204+05:30 DEBUG 34558 --- [employee_management] [           main] sContextBeforeModesTestExecutionListener : Before test method: class [EmployeeControllerTest], method [testGetEmployeeByIdNotFound], class annotated with @DirtiesContext [false] with mode [null], method annotated with @DirtiesContext [false] with mode [null]
2025-08-20T10:32:15.204+05:30 DEBUG 34558 --- [employee_management] [           main] org.springframework.test.context.cache   : Spring test ApplicationContext cache statistics: [DefaultContextCache@5834298c size = 3, maxSize = 32, parentContextCount = 0, hitCount = 467, missCount = 3, failureCount = 0]
2025-08-20T10:32:15.204+05:30 DEBUG 34558 --- [employee_management] [           main] org.springframework.test.context.cache   : Spring test ApplicationContext cache statistics: [DefaultContextCache@5834298c size = 3, maxSize = 32, parentContextCount = 0, hitCount = 468, missCount = 3, failureCount = 0]
2025-08-20T10:32:15.205+05:30 DEBUG 34558 --- [employee_management] [           main] org.springframework.test.context.cache   : Spring test ApplicationContext cache statistics: [DefaultContextCache@5834298c size = 3, maxSize = 32, parentContextCount = 0, hitCount = 469, missCount = 3, failureCount = 0]
2025-08-20T10:32:15.205+05:30 DEBUG 34558 --- [employee_management] [           main] org.springframework.test.context.cache   : Spring test ApplicationContext cache statistics: [DefaultContextCache@5834298c size = 3, maxSize = 32, parentContextCount = 0, hitCount = 470, missCount = 3, failureCount = 0]
2025-08-20T10:32:15.205+05:30 DEBUG 34558 --- [employee_management] [           main] o.s.t.web.servlet.TestDispatcherServlet  : GET "/api/employees/999", parameters={}
2025-08-20T10:32:15.205+05:30 DEBUG 34558 --- [employee_management] [           main] s.w.s.m.m.a.RequestMappingHandlerMapping : Mapped to com.example.employee_managment.controller.EmployeeController#getEmployeeById(Long)
2025-08-20T10:32:15.206+05:30 DEBUG 34558 --- [employee_management] [           main] o.s.w.s.m.m.a.HttpEntityMethodProcessor  : Using 'application/json', given [*/*] and supported [application/json, application/*+json]
2025-08-20T10:32:15.206+05:30 DEBUG 34558 --- [employee_management] [           main] o.s.w.s.m.m.a.HttpEntityMethodProcessor  : Nothing to write: null body
2025-08-20T10:32:15.206+05:30 DEBUG 34558 --- [employee_management] [           main] o.s.t.web.servlet.TestDispatcherServlet  : Completed 404 NOT_FOUND
2025-08-20T10:32:15.206+05:30 DEBUG 34558 --- [employee_management] [           main] org.springframework.test.context.cache   : Spring test ApplicationContext cache statistics: [DefaultContextCache@5834298c size = 3, maxSize = 32, parentContextCount = 0, hitCount = 471, missCount = 3, failureCount = 0]
2025-08-20T10:32:15.206+05:30 DEBUG 34558 --- [employee_management] [           main] org.springframework.test.context.cache   : Spring test ApplicationContext cache statistics: [DefaultContextCache@5834298c size = 3, maxSize = 32, parentContextCount = 0, hitCount = 472, missCount = 3, failureCount = 0]
2025-08-20T10:32:15.206+05:30 DEBUG 34558 --- [employee_management] [           main] org.springframework.test.context.cache   : Spring test ApplicationContext cache statistics: [DefaultContextCache@5834298c size = 3, maxSize = 32, parentContextCount = 0, hitCount = 473, missCount = 3, failureCount = 0]
2025-08-20T10:32:15.206+05:30 DEBUG 34558 --- [employee_management] [           main] org.springframework.test.context.cache   : Spring test ApplicationContext cache statistics: [DefaultContextCache@5834298c size = 3, maxSize = 32, parentContextCount = 0, hitCount = 474, missCount = 3, failureCount = 0]
2025-08-20T10:32:15.206+05:30 DEBUG 34558 --- [employee_management] [           main] org.springframework.test.context.cache   : Spring test ApplicationContext cache statistics: [DefaultContextCache@5834298c size = 3, maxSize = 32, parentContextCount = 0, hitCount = 475, missCount = 3, failureCount = 0]
2025-08-20T10:32:15.206+05:30 DEBUG 34558 --- [employee_management] [           main] org.springframework.test.context.cache   : Spring test ApplicationContext cache statistics: [DefaultContextCache@5834298c size = 3, maxSize = 32, parentContextCount = 0, hitCount = 476, missCount = 3, failureCount = 0]
2025-08-20T10:32:15.206+05:30 DEBUG 34558 --- [employee_management] [           main] org.springframework.test.context.cache   : Spring test ApplicationContext cache statistics: [DefaultContextCache@5834298c size = 3, maxSize = 32, parentContextCount = 0, hitCount = 477, missCount = 3, failureCount = 0]
2025-08-20T10:32:15.206+05:30 DEBUG 34558 --- [employee_management] [           main] .c.s.DirtiesContextTestExecutionListener : After test method: class [EmployeeControllerTest], method [testGetEmployeeByIdNotFound], class annotated with @DirtiesContext [false] with mode [null], method annotated with @DirtiesContext [false] with mode [null]
]]></system-out>
  </testcase>
</testsuite>