<?xml version="1.0" encoding="UTF-8"?>
<testsuite xmlns:xsi="http://www.w3.org/2001/XMLSchema-instance" xsi:noNamespaceSchemaLocation="https://maven.apache.org/surefire/maven-surefire-plugin/xsd/surefire-test-report-3.0.xsd" version="3.0" name="com.example.employee_managment.repository.EmployeeRepositoryTest" time="2.332" tests="15" errors="0" skipped="0" failures="0">
  <properties>
    <property name="java.specification.version" value="24"/>
    <property name="sun.jnu.encoding" value="UTF-8"/>
    <property name="java.class.path" value="/Users/apeksha/Desktop/spring-boot-learning/employee_managment/target/test-classes:/Users/apeksha/Desktop/spring-boot-learning/employee_managment/target/classes:/Users/apeksha/.m2/repository/org/springframework/boot/spring-boot-starter-web/3.5.4/spring-boot-starter-web-3.5.4.jar:/Users/apeksha/.m2/repository/org/springframework/boot/spring-boot-starter/3.5.4/spring-boot-starter-3.5.4.jar:/Users/apeksha/.m2/repository/org/springframework/boot/spring-boot-starter-logging/3.5.4/spring-boot-starter-logging-3.5.4.jar:/Users/apeksha/.m2/repository/ch/qos/logback/logback-classic/1.5.18/logback-classic-1.5.18.jar:/Users/apeksha/.m2/repository/ch/qos/logback/logback-core/1.5.18/logback-core-1.5.18.jar:/Users/apeksha/.m2/repository/org/apache/logging/log4j/log4j-to-slf4j/2.24.3/log4j-to-slf4j-2.24.3.jar:/Users/apeksha/.m2/repository/org/apache/logging/log4j/log4j-api/2.24.3/log4j-api-2.24.3.jar:/Users/apeksha/.m2/repository/org/slf4j/jul-to-slf4j/2.0.17/jul-to-slf4j-2.0.17.jar:/Users/apeksha/.m2/repository/jakarta/annotation/jakarta.annotation-api/2.1.1/jakarta.annotation-api-2.1.1.jar:/Users/apeksha/.m2/repository/org/yaml/snakeyaml/2.4/snakeyaml-2.4.jar:/Users/apeksha/.m2/repository/org/springframework/boot/spring-boot-starter-json/3.5.4/spring-boot-starter-json-3.5.4.jar:/Users/apeksha/.m2/repository/com/fasterxml/jackson/core/jackson-databind/2.19.2/jackson-databind-2.19.2.jar:/Users/apeksha/.m2/repository/com/fasterxml/jackson/core/jackson-annotations/2.19.2/jackson-annotations-2.19.2.jar:/Users/apeksha/.m2/repository/com/fasterxml/jackson/core/jackson-core/2.19.2/jackson-core-2.19.2.jar:/Users/apeksha/.m2/repository/com/fasterxml/jackson/datatype/jackson-datatype-jdk8/2.19.2/jackson-datatype-jdk8-2.19.2.jar:/Users/apeksha/.m2/repository/com/fasterxml/jackson/datatype/jackson-datatype-jsr310/2.19.2/jackson-datatype-jsr310-2.19.2.jar:/Users/apeksha/.m2/repository/com/fasterxml/jackson/module/jackson-module-parameter-names/2.19.2/jackson-module-parameter-names-2.19.2.jar:/Users/apeksha/.m2/repository/org/springframework/boot/spring-boot-starter-tomcat/3.5.4/spring-boot-starter-tomcat-3.5.4.jar:/Users/apeksha/.m2/repository/org/apache/tomcat/embed/tomcat-embed-core/10.1.43/tomcat-embed-core-10.1.43.jar:/Users/apeksha/.m2/repository/org/apache/tomcat/embed/tomcat-embed-websocket/10.1.43/tomcat-embed-websocket-10.1.43.jar:/Users/apeksha/.m2/repository/org/springframework/spring-web/6.2.9/spring-web-6.2.9.jar:/Users/apeksha/.m2/repository/org/springframework/spring-beans/6.2.9/spring-beans-6.2.9.jar:/Users/apeksha/.m2/repository/io/micrometer/micrometer-observation/1.15.2/micrometer-observation-1.15.2.jar:/Users/apeksha/.m2/repository/io/micrometer/micrometer-commons/1.15.2/micrometer-commons-1.15.2.jar:/Users/apeksha/.m2/repository/org/springframework/spring-webmvc/6.2.9/spring-webmvc-6.2.9.jar:/Users/apeksha/.m2/repository/org/springframework/spring-aop/6.2.9/spring-aop-6.2.9.jar:/Users/apeksha/.m2/repository/org/springframework/spring-context/6.2.9/spring-context-6.2.9.jar:/Users/apeksha/.m2/repository/org/springframework/spring-expression/6.2.9/spring-expression-6.2.9.jar:/Users/apeksha/.m2/repository/org/springframework/boot/spring-boot-starter-data-jpa/3.5.4/spring-boot-starter-data-jpa-3.5.4.jar:/Users/apeksha/.m2/repository/org/springframework/boot/spring-boot-starter-jdbc/3.5.4/spring-boot-starter-jdbc-3.5.4.jar:/Users/apeksha/.m2/repository/com/zaxxer/HikariCP/6.3.1/HikariCP-6.3.1.jar:/Users/apeksha/.m2/repository/org/springframework/spring-jdbc/6.2.9/spring-jdbc-6.2.9.jar:/Users/apeksha/.m2/repository/org/hibernate/orm/hibernate-core/6.6.22.Final/hibernate-core-6.6.22.Final.jar:/Users/apeksha/.m2/repository/jakarta/persistence/jakarta.persistence-api/3.1.0/jakarta.persistence-api-3.1.0.jar:/Users/apeksha/.m2/repository/jakarta/transaction/jakarta.transaction-api/2.0.1/jakarta.transaction-api-2.0.1.jar:/Users/apeksha/.m2/repository/org/jboss/logging/jboss-logging/3.6.1.Final/jboss-logging-3.6.1.Final.jar:/Users/apeksha/.m2/repository/org/hibernate/common/hibernate-commons-annotations/7.0.3.Final/hibernate-commons-annotations-7.0.3.Final.jar:/Users/apeksha/.m2/repository/io/smallrye/jandex/3.2.0/jandex-3.2.0.jar:/Users/apeksha/.m2/repository/com/fasterxml/classmate/1.7.0/classmate-1.7.0.jar:/Users/apeksha/.m2/repository/org/glassfish/jaxb/jaxb-runtime/4.0.5/jaxb-runtime-4.0.5.jar:/Users/apeksha/.m2/repository/org/glassfish/jaxb/jaxb-core/4.0.5/jaxb-core-4.0.5.jar:/Users/apeksha/.m2/repository/org/eclipse/angus/angus-activation/2.0.2/angus-activation-2.0.2.jar:/Users/apeksha/.m2/repository/org/glassfish/jaxb/txw2/4.0.5/txw2-4.0.5.jar:/Users/apeksha/.m2/repository/com/sun/istack/istack-commons-runtime/4.1.2/istack-commons-runtime-4.1.2.jar:/Users/apeksha/.m2/repository/jakarta/inject/jakarta.inject-api/2.0.1/jakarta.inject-api-2.0.1.jar:/Users/apeksha/.m2/repository/org/antlr/antlr4-runtime/4.13.0/antlr4-runtime-4.13.0.jar:/Users/apeksha/.m2/repository/org/springframework/data/spring-data-jpa/3.5.2/spring-data-jpa-3.5.2.jar:/Users/apeksha/.m2/repository/org/springframework/data/spring-data-commons/3.5.2/spring-data-commons-3.5.2.jar:/Users/apeksha/.m2/repository/org/springframework/spring-orm/6.2.9/spring-orm-6.2.9.jar:/Users/apeksha/.m2/repository/org/springframework/spring-tx/6.2.9/spring-tx-6.2.9.jar:/Users/apeksha/.m2/repository/org/slf4j/slf4j-api/2.0.17/slf4j-api-2.0.17.jar:/Users/apeksha/.m2/repository/org/springframework/spring-aspects/6.2.9/spring-aspects-6.2.9.jar:/Users/apeksha/.m2/repository/org/aspectj/aspectjweaver/1.9.24/aspectjweaver-1.9.24.jar:/Users/apeksha/.m2/repository/org/springframework/boot/spring-boot-starter-validation/3.5.4/spring-boot-starter-validation-3.5.4.jar:/Users/apeksha/.m2/repository/org/apache/tomcat/embed/tomcat-embed-el/10.1.43/tomcat-embed-el-10.1.43.jar:/Users/apeksha/.m2/repository/org/hibernate/validator/hibernate-validator/8.0.2.Final/hibernate-validator-8.0.2.Final.jar:/Users/apeksha/.m2/repository/jakarta/validation/jakarta.validation-api/3.0.2/jakarta.validation-api-3.0.2.jar:/Users/apeksha/.m2/repository/com/mysql/mysql-connector-j/9.3.0/mysql-connector-j-9.3.0.jar:/Users/apeksha/.m2/repository/com/h2database/h2/2.3.232/h2-2.3.232.jar:/Users/apeksha/.m2/repository/org/springframework/boot/spring-boot-devtools/3.5.4/spring-boot-devtools-3.5.4.jar:/Users/apeksha/.m2/repository/org/springframework/boot/spring-boot/3.5.4/spring-boot-3.5.4.jar:/Users/apeksha/.m2/repository/org/springframework/boot/spring-boot-autoconfigure/3.5.4/spring-boot-autoconfigure-3.5.4.jar:/Users/apeksha/.m2/repository/org/springframework/boot/spring-boot-starter-test/3.5.4/spring-boot-starter-test-3.5.4.jar:/Users/apeksha/.m2/repository/org/springframework/boot/spring-boot-test/3.5.4/spring-boot-test-3.5.4.jar:/Users/apeksha/.m2/repository/org/springframework/boot/spring-boot-test-autoconfigure/3.5.4/spring-boot-test-autoconfigure-3.5.4.jar:/Users/apeksha/.m2/repository/com/jayway/jsonpath/json-path/2.9.0/json-path-2.9.0.jar:/Users/apeksha/.m2/repository/jakarta/xml/bind/jakarta.xml.bind-api/4.0.2/jakarta.xml.bind-api-4.0.2.jar:/Users/apeksha/.m2/repository/jakarta/activation/jakarta.activation-api/2.1.3/jakarta.activation-api-2.1.3.jar:/Users/apeksha/.m2/repository/net/minidev/json-smart/2.5.2/json-smart-2.5.2.jar:/Users/apeksha/.m2/repository/net/minidev/accessors-smart/2.5.2/accessors-smart-2.5.2.jar:/Users/apeksha/.m2/repository/org/ow2/asm/asm/9.7.1/asm-9.7.1.jar:/Users/apeksha/.m2/repository/org/assertj/assertj-core/3.27.3/assertj-core-3.27.3.jar:/Users/apeksha/.m2/repository/org/awaitility/awaitility/4.2.2/awaitility-4.2.2.jar:/Users/apeksha/.m2/repository/org/hamcrest/hamcrest/3.0/hamcrest-3.0.jar:/Users/apeksha/.m2/repository/org/junit/jupiter/junit-jupiter/5.12.2/junit-jupiter-5.12.2.jar:/Users/apeksha/.m2/repository/org/junit/jupiter/junit-jupiter-params/5.12.2/junit-jupiter-params-5.12.2.jar:/Users/apeksha/.m2/repository/org/skyscreamer/jsonassert/1.5.3/jsonassert-1.5.3.jar:/Users/apeksha/.m2/repository/com/vaadin/external/google/android-json/0.0.20131108.vaadin1/android-json-0.0.20131108.vaadin1.jar:/Users/apeksha/.m2/repository/org/springframework/spring-core/6.2.9/spring-core-6.2.9.jar:/Users/apeksha/.m2/repository/org/springframework/spring-jcl/6.2.9/spring-jcl-6.2.9.jar:/Users/apeksha/.m2/repository/org/springframework/spring-test/6.2.9/spring-test-6.2.9.jar:/Users/apeksha/.m2/repository/org/xmlunit/xmlunit-core/2.10.3/xmlunit-core-2.10.3.jar:/Users/apeksha/.m2/repository/org/junit/jupiter/junit-jupiter-api/5.12.2/junit-jupiter-api-5.12.2.jar:/Users/apeksha/.m2/repository/org/opentest4j/opentest4j/1.3.0/opentest4j-1.3.0.jar:/Users/apeksha/.m2/repository/org/junit/platform/junit-platform-commons/1.12.2/junit-platform-commons-1.12.2.jar:/Users/apeksha/.m2/repository/org/apiguardian/apiguardian-api/1.1.2/apiguardian-api-1.1.2.jar:/Users/apeksha/.m2/repository/org/junit/jupiter/junit-jupiter-engine/5.12.2/junit-jupiter-engine-5.12.2.jar:/Users/apeksha/.m2/repository/org/junit/platform/junit-platform-engine/1.12.2/junit-platform-engine-1.12.2.jar:/Users/apeksha/.m2/repository/org/mockito/mockito-core/5.17.0/mockito-core-5.17.0.jar:/Users/apeksha/.m2/repository/net/bytebuddy/byte-buddy/1.17.6/byte-buddy-1.17.6.jar:/Users/apeksha/.m2/repository/net/bytebuddy/byte-buddy-agent/1.17.6/byte-buddy-agent-1.17.6.jar:/Users/apeksha/.m2/repository/org/objenesis/objenesis/3.3/objenesis-3.3.jar:/Users/apeksha/.m2/repository/org/mockito/mockito-junit-jupiter/5.17.0/mockito-junit-jupiter-5.17.0.jar:"/>
    <property name="java.vm.vendor" value="Homebrew"/>
    <property name="sun.arch.data.model" value="64"/>
    <property name="java.vendor.url" value="https://github.com/Homebrew/homebrew-core/issues"/>
    <property name="user.timezone" value="Asia/Kolkata"/>
    <property name="org.jboss.logging.provider" value="slf4j"/>
    <property name="os.name" value="Mac OS X"/>
    <property name="java.vm.specification.version" value="24"/>
    <property name="APPLICATION_NAME" value="employee_management"/>
    <property name="sun.java.launcher" value="SUN_STANDARD"/>
    <property name="user.country" value="IN"/>
    <property name="sun.boot.library.path" value="/opt/homebrew/Cellar/openjdk/24.0.1/libexec/openjdk.jdk/Contents/Home/lib"/>
    <property name="sun.java.command" value="/Users/apeksha/Desktop/spring-boot-learning/employee_managment/target/surefire/surefirebooter-20250820103211629_3.jar /Users/apeksha/Desktop/spring-boot-learning/employee_managment/target/surefire 2025-08-20T10-32-11_587-jvmRun1 surefire-20250820103211629_1tmp surefire_0-20250820103211629_2tmp"/>
    <property name="http.nonProxyHosts" value="local|*.local|169.254/16|*.169.254/16"/>
    <property name="jdk.debug" value="release"/>
    <property name="surefire.test.class.path" value="/Users/apeksha/Desktop/spring-boot-learning/employee_managment/target/test-classes:/Users/apeksha/Desktop/spring-boot-learning/employee_managment/target/classes:/Users/apeksha/.m2/repository/org/springframework/boot/spring-boot-starter-web/3.5.4/spring-boot-starter-web-3.5.4.jar:/Users/apeksha/.m2/repository/org/springframework/boot/spring-boot-starter/3.5.4/spring-boot-starter-3.5.4.jar:/Users/apeksha/.m2/repository/org/springframework/boot/spring-boot-starter-logging/3.5.4/spring-boot-starter-logging-3.5.4.jar:/Users/apeksha/.m2/repository/ch/qos/logback/logback-classic/1.5.18/logback-classic-1.5.18.jar:/Users/apeksha/.m2/repository/ch/qos/logback/logback-core/1.5.18/logback-core-1.5.18.jar:/Users/apeksha/.m2/repository/org/apache/logging/log4j/log4j-to-slf4j/2.24.3/log4j-to-slf4j-2.24.3.jar:/Users/apeksha/.m2/repository/org/apache/logging/log4j/log4j-api/2.24.3/log4j-api-2.24.3.jar:/Users/apeksha/.m2/repository/org/slf4j/jul-to-slf4j/2.0.17/jul-to-slf4j-2.0.17.jar:/Users/apeksha/.m2/repository/jakarta/annotation/jakarta.annotation-api/2.1.1/jakarta.annotation-api-2.1.1.jar:/Users/apeksha/.m2/repository/org/yaml/snakeyaml/2.4/snakeyaml-2.4.jar:/Users/apeksha/.m2/repository/org/springframework/boot/spring-boot-starter-json/3.5.4/spring-boot-starter-json-3.5.4.jar:/Users/apeksha/.m2/repository/com/fasterxml/jackson/core/jackson-databind/2.19.2/jackson-databind-2.19.2.jar:/Users/apeksha/.m2/repository/com/fasterxml/jackson/core/jackson-annotations/2.19.2/jackson-annotations-2.19.2.jar:/Users/apeksha/.m2/repository/com/fasterxml/jackson/core/jackson-core/2.19.2/jackson-core-2.19.2.jar:/Users/apeksha/.m2/repository/com/fasterxml/jackson/datatype/jackson-datatype-jdk8/2.19.2/jackson-datatype-jdk8-2.19.2.jar:/Users/apeksha/.m2/repository/com/fasterxml/jackson/datatype/jackson-datatype-jsr310/2.19.2/jackson-datatype-jsr310-2.19.2.jar:/Users/apeksha/.m2/repository/com/fasterxml/jackson/module/jackson-module-parameter-names/2.19.2/jackson-module-parameter-names-2.19.2.jar:/Users/apeksha/.m2/repository/org/springframework/boot/spring-boot-starter-tomcat/3.5.4/spring-boot-starter-tomcat-3.5.4.jar:/Users/apeksha/.m2/repository/org/apache/tomcat/embed/tomcat-embed-core/10.1.43/tomcat-embed-core-10.1.43.jar:/Users/apeksha/.m2/repository/org/apache/tomcat/embed/tomcat-embed-websocket/10.1.43/tomcat-embed-websocket-10.1.43.jar:/Users/apeksha/.m2/repository/org/springframework/spring-web/6.2.9/spring-web-6.2.9.jar:/Users/apeksha/.m2/repository/org/springframework/spring-beans/6.2.9/spring-beans-6.2.9.jar:/Users/apeksha/.m2/repository/io/micrometer/micrometer-observation/1.15.2/micrometer-observation-1.15.2.jar:/Users/apeksha/.m2/repository/io/micrometer/micrometer-commons/1.15.2/micrometer-commons-1.15.2.jar:/Users/apeksha/.m2/repository/org/springframework/spring-webmvc/6.2.9/spring-webmvc-6.2.9.jar:/Users/apeksha/.m2/repository/org/springframework/spring-aop/6.2.9/spring-aop-6.2.9.jar:/Users/apeksha/.m2/repository/org/springframework/spring-context/6.2.9/spring-context-6.2.9.jar:/Users/apeksha/.m2/repository/org/springframework/spring-expression/6.2.9/spring-expression-6.2.9.jar:/Users/apeksha/.m2/repository/org/springframework/boot/spring-boot-starter-data-jpa/3.5.4/spring-boot-starter-data-jpa-3.5.4.jar:/Users/apeksha/.m2/repository/org/springframework/boot/spring-boot-starter-jdbc/3.5.4/spring-boot-starter-jdbc-3.5.4.jar:/Users/apeksha/.m2/repository/com/zaxxer/HikariCP/6.3.1/HikariCP-6.3.1.jar:/Users/apeksha/.m2/repository/org/springframework/spring-jdbc/6.2.9/spring-jdbc-6.2.9.jar:/Users/apeksha/.m2/repository/org/hibernate/orm/hibernate-core/6.6.22.Final/hibernate-core-6.6.22.Final.jar:/Users/apeksha/.m2/repository/jakarta/persistence/jakarta.persistence-api/3.1.0/jakarta.persistence-api-3.1.0.jar:/Users/apeksha/.m2/repository/jakarta/transaction/jakarta.transaction-api/2.0.1/jakarta.transaction-api-2.0.1.jar:/Users/apeksha/.m2/repository/org/jboss/logging/jboss-logging/3.6.1.Final/jboss-logging-3.6.1.Final.jar:/Users/apeksha/.m2/repository/org/hibernate/common/hibernate-commons-annotations/7.0.3.Final/hibernate-commons-annotations-7.0.3.Final.jar:/Users/apeksha/.m2/repository/io/smallrye/jandex/3.2.0/jandex-3.2.0.jar:/Users/apeksha/.m2/repository/com/fasterxml/classmate/1.7.0/classmate-1.7.0.jar:/Users/apeksha/.m2/repository/org/glassfish/jaxb/jaxb-runtime/4.0.5/jaxb-runtime-4.0.5.jar:/Users/apeksha/.m2/repository/org/glassfish/jaxb/jaxb-core/4.0.5/jaxb-core-4.0.5.jar:/Users/apeksha/.m2/repository/org/eclipse/angus/angus-activation/2.0.2/angus-activation-2.0.2.jar:/Users/apeksha/.m2/repository/org/glassfish/jaxb/txw2/4.0.5/txw2-4.0.5.jar:/Users/apeksha/.m2/repository/com/sun/istack/istack-commons-runtime/4.1.2/istack-commons-runtime-4.1.2.jar:/Users/apeksha/.m2/repository/jakarta/inject/jakarta.inject-api/2.0.1/jakarta.inject-api-2.0.1.jar:/Users/apeksha/.m2/repository/org/antlr/antlr4-runtime/4.13.0/antlr4-runtime-4.13.0.jar:/Users/apeksha/.m2/repository/org/springframework/data/spring-data-jpa/3.5.2/spring-data-jpa-3.5.2.jar:/Users/apeksha/.m2/repository/org/springframework/data/spring-data-commons/3.5.2/spring-data-commons-3.5.2.jar:/Users/apeksha/.m2/repository/org/springframework/spring-orm/6.2.9/spring-orm-6.2.9.jar:/Users/apeksha/.m2/repository/org/springframework/spring-tx/6.2.9/spring-tx-6.2.9.jar:/Users/apeksha/.m2/repository/org/slf4j/slf4j-api/2.0.17/slf4j-api-2.0.17.jar:/Users/apeksha/.m2/repository/org/springframework/spring-aspects/6.2.9/spring-aspects-6.2.9.jar:/Users/apeksha/.m2/repository/org/aspectj/aspectjweaver/1.9.24/aspectjweaver-1.9.24.jar:/Users/apeksha/.m2/repository/org/springframework/boot/spring-boot-starter-validation/3.5.4/spring-boot-starter-validation-3.5.4.jar:/Users/apeksha/.m2/repository/org/apache/tomcat/embed/tomcat-embed-el/10.1.43/tomcat-embed-el-10.1.43.jar:/Users/apeksha/.m2/repository/org/hibernate/validator/hibernate-validator/8.0.2.Final/hibernate-validator-8.0.2.Final.jar:/Users/apeksha/.m2/repository/jakarta/validation/jakarta.validation-api/3.0.2/jakarta.validation-api-3.0.2.jar:/Users/apeksha/.m2/repository/com/mysql/mysql-connector-j/9.3.0/mysql-connector-j-9.3.0.jar:/Users/apeksha/.m2/repository/com/h2database/h2/2.3.232/h2-2.3.232.jar:/Users/apeksha/.m2/repository/org/springframework/boot/spring-boot-devtools/3.5.4/spring-boot-devtools-3.5.4.jar:/Users/apeksha/.m2/repository/org/springframework/boot/spring-boot/3.5.4/spring-boot-3.5.4.jar:/Users/apeksha/.m2/repository/org/springframework/boot/spring-boot-autoconfigure/3.5.4/spring-boot-autoconfigure-3.5.4.jar:/Users/apeksha/.m2/repository/org/springframework/boot/spring-boot-starter-test/3.5.4/spring-boot-starter-test-3.5.4.jar:/Users/apeksha/.m2/repository/org/springframework/boot/spring-boot-test/3.5.4/spring-boot-test-3.5.4.jar:/Users/apeksha/.m2/repository/org/springframework/boot/spring-boot-test-autoconfigure/3.5.4/spring-boot-test-autoconfigure-3.5.4.jar:/Users/apeksha/.m2/repository/com/jayway/jsonpath/json-path/2.9.0/json-path-2.9.0.jar:/Users/apeksha/.m2/repository/jakarta/xml/bind/jakarta.xml.bind-api/4.0.2/jakarta.xml.bind-api-4.0.2.jar:/Users/apeksha/.m2/repository/jakarta/activation/jakarta.activation-api/2.1.3/jakarta.activation-api-2.1.3.jar:/Users/apeksha/.m2/repository/net/minidev/json-smart/2.5.2/json-smart-2.5.2.jar:/Users/apeksha/.m2/repository/net/minidev/accessors-smart/2.5.2/accessors-smart-2.5.2.jar:/Users/apeksha/.m2/repository/org/ow2/asm/asm/9.7.1/asm-9.7.1.jar:/Users/apeksha/.m2/repository/org/assertj/assertj-core/3.27.3/assertj-core-3.27.3.jar:/Users/apeksha/.m2/repository/org/awaitility/awaitility/4.2.2/awaitility-4.2.2.jar:/Users/apeksha/.m2/repository/org/hamcrest/hamcrest/3.0/hamcrest-3.0.jar:/Users/apeksha/.m2/repository/org/junit/jupiter/junit-jupiter/5.12.2/junit-jupiter-5.12.2.jar:/Users/apeksha/.m2/repository/org/junit/jupiter/junit-jupiter-params/5.12.2/junit-jupiter-params-5.12.2.jar:/Users/apeksha/.m2/repository/org/skyscreamer/jsonassert/1.5.3/jsonassert-1.5.3.jar:/Users/apeksha/.m2/repository/com/vaadin/external/google/android-json/0.0.20131108.vaadin1/android-json-0.0.20131108.vaadin1.jar:/Users/apeksha/.m2/repository/org/springframework/spring-core/6.2.9/spring-core-6.2.9.jar:/Users/apeksha/.m2/repository/org/springframework/spring-jcl/6.2.9/spring-jcl-6.2.9.jar:/Users/apeksha/.m2/repository/org/springframework/spring-test/6.2.9/spring-test-6.2.9.jar:/Users/apeksha/.m2/repository/org/xmlunit/xmlunit-core/2.10.3/xmlunit-core-2.10.3.jar:/Users/apeksha/.m2/repository/org/junit/jupiter/junit-jupiter-api/5.12.2/junit-jupiter-api-5.12.2.jar:/Users/apeksha/.m2/repository/org/opentest4j/opentest4j/1.3.0/opentest4j-1.3.0.jar:/Users/apeksha/.m2/repository/org/junit/platform/junit-platform-commons/1.12.2/junit-platform-commons-1.12.2.jar:/Users/apeksha/.m2/repository/org/apiguardian/apiguardian-api/1.1.2/apiguardian-api-1.1.2.jar:/Users/apeksha/.m2/repository/org/junit/jupiter/junit-jupiter-engine/5.12.2/junit-jupiter-engine-5.12.2.jar:/Users/apeksha/.m2/repository/org/junit/platform/junit-platform-engine/1.12.2/junit-platform-engine-1.12.2.jar:/Users/apeksha/.m2/repository/org/mockito/mockito-core/5.17.0/mockito-core-5.17.0.jar:/Users/apeksha/.m2/repository/net/bytebuddy/byte-buddy/1.17.6/byte-buddy-1.17.6.jar:/Users/apeksha/.m2/repository/net/bytebuddy/byte-buddy-agent/1.17.6/byte-buddy-agent-1.17.6.jar:/Users/apeksha/.m2/repository/org/objenesis/objenesis/3.3/objenesis-3.3.jar:/Users/apeksha/.m2/repository/org/mockito/mockito-junit-jupiter/5.17.0/mockito-junit-jupiter-5.17.0.jar:"/>
    <property name="sun.cpu.endian" value="little"/>
    <property name="user.home" value="/Users/apeksha"/>
    <property name="user.language" value="en"/>
    <property name="java.specification.vendor" value="Oracle Corporation"/>
    <property name="java.version.date" value="2025-04-15"/>
    <property name="java.home" value="/opt/homebrew/Cellar/openjdk/24.0.1/libexec/openjdk.jdk/Contents/Home"/>
    <property name="file.separator" value="/"/>
    <property name="basedir" value="/Users/apeksha/Desktop/spring-boot-learning/employee_managment"/>
    <property name="java.vm.compressedOopsMode" value="Zero based"/>
    <property name="line.separator" value="&#10;"/>
    <property name="java.vm.specification.vendor" value="Oracle Corporation"/>
    <property name="java.specification.name" value="Java Platform API Specification"/>
    <property name="FILE_LOG_CHARSET" value="UTF-8"/>
    <property name="java.awt.headless" value="true"/>
    <property name="apple.awt.application.name" value="ForkedBooter"/>
    <property name="surefire.real.class.path" value="/Users/apeksha/Desktop/spring-boot-learning/employee_managment/target/surefire/surefirebooter-20250820103211629_3.jar"/>
    <property name="sun.management.compiler" value="HotSpot 64-Bit Tiered Compilers"/>
    <property name="ftp.nonProxyHosts" value="local|*.local|169.254/16|*.169.254/16"/>
    <property name="java.runtime.version" value="24.0.1"/>
    <property name="user.name" value="apeksha"/>
    <property name="stdout.encoding" value="UTF-8"/>
    <property name="path.separator" value=":"/>
    <property name="os.version" value="14.0"/>
    <property name="java.runtime.name" value="OpenJDK Runtime Environment"/>
    <property name="file.encoding" value="UTF-8"/>
    <property name="java.vm.name" value="OpenJDK 64-Bit Server VM"/>
    <property name="java.vendor.version" value="Homebrew"/>
    <property name="localRepository" value="/Users/apeksha/.m2/repository"/>
    <property name="java.vendor.url.bug" value="https://github.com/Homebrew/homebrew-core/issues"/>
    <property name="java.io.tmpdir" value="/var/folders/98/v974bq093gl7dkyvwsx1dv5w0000gn/T/"/>
    <property name="java.version" value="24.0.1"/>
    <property name="user.dir" value="/Users/apeksha/Desktop/spring-boot-learning/employee_managment"/>
    <property name="os.arch" value="aarch64"/>
    <property name="java.vm.specification.name" value="Java Virtual Machine Specification"/>
    <property name="PID" value="34558"/>
    <property name="CONSOLE_LOG_CHARSET" value="UTF-8"/>
    <property name="native.encoding" value="UTF-8"/>
    <property name="java.library.path" value="/Users/apeksha/Library/Java/Extensions:/Library/Java/Extensions:/Network/Library/Java/Extensions:/System/Library/Java/Extensions:/usr/lib/java:."/>
    <property name="java.vm.info" value="mixed mode, sharing"/>
    <property name="stderr.encoding" value="UTF-8"/>
    <property name="java.vendor" value="Homebrew"/>
    <property name="java.vm.version" value="24.0.1"/>
    <property name="sun.io.unicode.encoding" value="UnicodeBig"/>
    <property name="socksNonProxyHosts" value="local|*.local|169.254/16|*.169.254/16"/>
    <property name="java.class.version" value="68.0"/>
    <property name="LOGGED_APPLICATION_NAME" value="[employee_management] "/>
  </properties>
  <testcase name="testSaveEmployee" classname="com.example.employee_managment.repository.EmployeeRepositoryTest" time="0.312">
    <system-out><![CDATA[10:32:12.029 [main] INFO org.springframework.test.context.support.AnnotationConfigContextLoaderUtils -- Could not detect default configuration classes for test class [com.example.employee_managment.repository.EmployeeRepositoryTest]: EmployeeRepositoryTest does not declare any static, non-private, non-final, nested classes annotated with @Configuration.
10:32:12.087 [main] INFO org.springframework.boot.test.context.SpringBootTestContextBootstrapper -- Found @SpringBootConfiguration com.example.employee_managment.EmployeeManagmentApplication for test class com.example.employee_managment.repository.EmployeeRepositoryTest
10:32:12.117 [main] INFO org.springframework.boot.devtools.restart.RestartApplicationListener -- Restart disabled due to context in which it is running

  .   ____          _            __ _ _
 /\\ / ___'_ __ _ _(_)_ __  __ _ \ \ \ \
( ( )\___ | '_ | '_| | '_ \/ _` | \ \ \ \
 \\/  ___)| |_)| | | | | || (_| |  ) ) ) )
  '  |____| .__|_| |_|_| |_\__, | / / / /
 =========|_|==============|___/=/_/_/_/

 :: Spring Boot ::                (v3.5.4)

2025-08-20T10:32:12.260+05:30  INFO 34558 --- [employee_management] [           main] c.e.e.repository.EmployeeRepositoryTest  : Starting EmployeeRepositoryTest using Java 24.0.1 with PID 34558 (started by apeksha in /Users/apeksha/Desktop/spring-boot-learning/employee_managment)
2025-08-20T10:32:12.261+05:30  INFO 34558 --- [employee_management] [           main] c.e.e.repository.EmployeeRepositoryTest  : The following 1 profile is active: "test"
2025-08-20T10:32:12.442+05:30  INFO 34558 --- [employee_management] [           main] .s.d.r.c.RepositoryConfigurationDelegate : Bootstrapping Spring Data JPA repositories in DEFAULT mode.
2025-08-20T10:32:12.605+05:30  INFO 34558 --- [employee_management] [           main] .s.d.r.c.RepositoryConfigurationDelegate : Finished Spring Data repository scanning in 152 ms. Found 1 JPA repository interface.
2025-08-20T10:32:12.656+05:30  INFO 34558 --- [employee_management] [           main] beddedDataSourceBeanFactoryPostProcessor : Replacing 'dataSource' DataSource bean with embedded version
2025-08-20T10:32:12.721+05:30  INFO 34558 --- [employee_management] [           main] o.s.j.d.e.EmbeddedDatabaseFactory        : Starting embedded database: url='jdbc:h2:mem:ccb1ac8b-98b6-4259-92ef-d9ea9ce13e3d;DB_CLOSE_DELAY=-1;DB_CLOSE_ON_EXIT=false', username='sa'
2025-08-20T10:32:12.856+05:30  INFO 34558 --- [employee_management] [           main] o.hibernate.jpa.internal.util.LogHelper  : HHH000204: Processing PersistenceUnitInfo [name: default]
2025-08-20T10:32:12.879+05:30  INFO 34558 --- [employee_management] [           main] org.hibernate.Version                    : HHH000412: Hibernate ORM core version 6.6.22.Final
2025-08-20T10:32:12.891+05:30  INFO 34558 --- [employee_management] [           main] o.h.c.internal.RegionFactoryInitiator    : HHH000026: Second-level cache disabled
2025-08-20T10:32:13.013+05:30  INFO 34558 --- [employee_management] [           main] o.s.o.j.p.SpringPersistenceUnitInfo      : No LoadTimeWeaver setup: ignoring JPA class transformer
2025-08-20T10:32:13.032+05:30  WARN 34558 --- [employee_management] [           main] org.hibernate.orm.deprecation            : HHH90000025: H2Dialect does not need to be specified explicitly using 'hibernate.dialect' (remove the property setting and it will be selected by default)
2025-08-20T10:32:13.039+05:30  INFO 34558 --- [employee_management] [           main] org.hibernate.orm.connections.pooling    : HHH10001005: Database info:
	Database JDBC URL [Connecting through datasource 'org.springframework.jdbc.datasource.embedded.EmbeddedDatabaseFactory$EmbeddedDataSourceProxy@53feeac9']
	Database driver: undefined/unknown
	Database version: 2.3.232
	Autocommit mode: undefined/unknown
	Isolation level: undefined/unknown
	Minimum pool size: undefined/unknown
	Maximum pool size: undefined/unknown
2025-08-20T10:32:13.356+05:30  INFO 34558 --- [employee_management] [           main] o.h.e.t.j.p.i.JtaPlatformInitiator       : HHH000489: No JTA platform available (set 'hibernate.transaction.jta.platform' to enable JTA platform integration)
2025-08-20T10:32:13.361+05:30 DEBUG 34558 --- [employee_management] [           main] org.hibernate.SQL                        : 
    drop table if exists employees cascade 
Hibernate: 
    drop table if exists employees cascade 
2025-08-20T10:32:13.364+05:30 DEBUG 34558 --- [employee_management] [           main] org.hibernate.SQL                        : 
    create table employees (
        date_of_birth date,
        hire_date date,
        salary float(53),
        created_at timestamp(6),
        id bigint generated by default as identity,
        updated_at timestamp(6),
        department varchar(255),
        email varchar(255) not null unique,
        first_name varchar(255) not null,
        last_name varchar(255) not null,
        phone_number varchar(255),
        position varchar(255),
        primary key (id)
    )
Hibernate: 
    create table employees (
        date_of_birth date,
        hire_date date,
        salary float(53),
        created_at timestamp(6),
        id bigint generated by default as identity,
        updated_at timestamp(6),
        department varchar(255),
        email varchar(255) not null unique,
        first_name varchar(255) not null,
        last_name varchar(255) not null,
        phone_number varchar(255),
        position varchar(255),
        primary key (id)
    )
2025-08-20T10:32:13.369+05:30  INFO 34558 --- [employee_management] [           main] j.LocalContainerEntityManagerFactoryBean : Initialized JPA EntityManagerFactory for persistence unit 'default'
2025-08-20T10:32:13.496+05:30  INFO 34558 --- [employee_management] [           main] o.s.d.j.r.query.QueryEnhancerFactory     : Hibernate is in classpath; If applicable, HQL parser will be used.
2025-08-20T10:32:13.789+05:30  INFO 34558 --- [employee_management] [           main] c.e.e.repository.EmployeeRepositoryTest  : Started EmployeeRepositoryTest in 1.675 seconds (process running for 2.122)
2025-08-20T10:32:13.790+05:30 DEBUG 34558 --- [employee_management] [           main] org.springframework.test.context.cache   : Spring test ApplicationContext cache statistics: [DefaultContextCache@5834298c size = 1, maxSize = 32, parentContextCount = 0, hitCount = 0, missCount = 1, failureCount = 0]
2025-08-20T10:32:13.792+05:30 DEBUG 34558 --- [employee_management] [           main] org.springframework.test.context.cache   : Spring test ApplicationContext cache statistics: [DefaultContextCache@5834298c size = 1, maxSize = 32, parentContextCount = 0, hitCount = 1, missCount = 1, failureCount = 0]
2025-08-20T10:32:13.794+05:30 DEBUG 34558 --- [employee_management] [           main] sContextBeforeModesTestExecutionListener : Before test method: class [EmployeeRepositoryTest], method [testSaveEmployee], class annotated with @DirtiesContext [false] with mode [null], method annotated with @DirtiesContext [false] with mode [null]
2025-08-20T10:32:13.795+05:30 DEBUG 34558 --- [employee_management] [           main] t.c.t.TransactionalTestExecutionListener : Explicit transaction definition [PROPAGATION_REQUIRED,ISOLATION_DEFAULT] found for test class [com.example.employee_managment.repository.EmployeeRepositoryTest] and test method [testSaveEmployee]
2025-08-20T10:32:13.795+05:30 DEBUG 34558 --- [employee_management] [           main] org.springframework.test.context.cache   : Spring test ApplicationContext cache statistics: [DefaultContextCache@5834298c size = 1, maxSize = 32, parentContextCount = 0, hitCount = 2, missCount = 1, failureCount = 0]
2025-08-20T10:32:13.796+05:30 DEBUG 34558 --- [employee_management] [           main] t.c.t.TransactionalTestExecutionListener : No method-level @Rollback override: using default rollback [true] for test method [void com.example.employee_managment.repository.EmployeeRepositoryTest.testSaveEmployee()]
2025-08-20T10:32:13.798+05:30 DEBUG 34558 --- [employee_management] [           main] o.s.t.c.transaction.TransactionContext   : Began transaction (1) for test class [com.example.employee_managment.repository.EmployeeRepositoryTest]; test method [testSaveEmployee]; transaction manager [org.springframework.orm.jpa.JpaTransactionManager@350e3fb4]; rollback [true]
2025-08-20T10:32:13.799+05:30 DEBUG 34558 --- [employee_management] [           main] org.springframework.test.context.cache   : Spring test ApplicationContext cache statistics: [DefaultContextCache@5834298c size = 1, maxSize = 32, parentContextCount = 0, hitCount = 3, missCount = 1, failureCount = 0]
2025-08-20T10:32:13.799+05:30 DEBUG 34558 --- [employee_management] [           main] org.springframework.test.context.cache   : Spring test ApplicationContext cache statistics: [DefaultContextCache@5834298c size = 1, maxSize = 32, parentContextCount = 0, hitCount = 4, missCount = 1, failureCount = 0]
2025-08-20T10:32:14.050+05:30 DEBUG 34558 --- [employee_management] [           main] org.springframework.test.context.cache   : Spring test ApplicationContext cache statistics: [DefaultContextCache@5834298c size = 1, maxSize = 32, parentContextCount = 0, hitCount = 5, missCount = 1, failureCount = 0]
2025-08-20T10:32:14.070+05:30 DEBUG 34558 --- [employee_management] [           main] org.hibernate.SQL                        : 
    insert 
    into
        employees
        (created_at, date_of_birth, department, email, first_name, hire_date, last_name, phone_number, position, salary, updated_at, id) 
    values
        (?, ?, ?, ?, ?, ?, ?, ?, ?, ?, ?, default)
Hibernate: 
    insert 
    into
        employees
        (created_at, date_of_birth, department, email, first_name, hire_date, last_name, phone_number, position, salary, updated_at, id) 
    values
        (?, ?, ?, ?, ?, ?, ?, ?, ?, ?, ?, default)
2025-08-20T10:32:14.091+05:30 DEBUG 34558 --- [employee_management] [           main] org.hibernate.SQL                        : 
    insert 
    into
        employees
        (created_at, date_of_birth, department, email, first_name, hire_date, last_name, phone_number, position, salary, updated_at, id) 
    values
        (?, ?, ?, ?, ?, ?, ?, ?, ?, ?, ?, default)
Hibernate: 
    insert 
    into
        employees
        (created_at, date_of_birth, department, email, first_name, hire_date, last_name, phone_number, position, salary, updated_at, id) 
    values
        (?, ?, ?, ?, ?, ?, ?, ?, ?, ?, ?, default)
2025-08-20T10:32:14.092+05:30 DEBUG 34558 --- [employee_management] [           main] org.hibernate.SQL                        : 
    insert 
    into
        employees
        (created_at, date_of_birth, department, email, first_name, hire_date, last_name, phone_number, position, salary, updated_at, id) 
    values
        (?, ?, ?, ?, ?, ?, ?, ?, ?, ?, ?, default)
Hibernate: 
    insert 
    into
        employees
        (created_at, date_of_birth, department, email, first_name, hire_date, last_name, phone_number, position, salary, updated_at, id) 
    values
        (?, ?, ?, ?, ?, ?, ?, ?, ?, ?, ?, default)
2025-08-20T10:32:14.093+05:30 DEBUG 34558 --- [employee_management] [           main] org.springframework.test.context.cache   : Spring test ApplicationContext cache statistics: [DefaultContextCache@5834298c size = 1, maxSize = 32, parentContextCount = 0, hitCount = 6, missCount = 1, failureCount = 0]
2025-08-20T10:32:14.097+05:30 DEBUG 34558 --- [employee_management] [           main] org.hibernate.SQL                        : 
    insert 
    into
        employees
        (created_at, date_of_birth, department, email, first_name, hire_date, last_name, phone_number, position, salary, updated_at, id) 
    values
        (?, ?, ?, ?, ?, ?, ?, ?, ?, ?, ?, default)
Hibernate: 
    insert 
    into
        employees
        (created_at, date_of_birth, department, email, first_name, hire_date, last_name, phone_number, position, salary, updated_at, id) 
    values
        (?, ?, ?, ?, ?, ?, ?, ?, ?, ?, ?, default)
2025-08-20T10:32:14.099+05:30 DEBUG 34558 --- [employee_management] [           main] org.springframework.test.context.cache   : Spring test ApplicationContext cache statistics: [DefaultContextCache@5834298c size = 1, maxSize = 32, parentContextCount = 0, hitCount = 7, missCount = 1, failureCount = 0]
2025-08-20T10:32:14.099+05:30 DEBUG 34558 --- [employee_management] [           main] org.springframework.test.context.cache   : Spring test ApplicationContext cache statistics: [DefaultContextCache@5834298c size = 1, maxSize = 32, parentContextCount = 0, hitCount = 8, missCount = 1, failureCount = 0]
2025-08-20T10:32:14.099+05:30 DEBUG 34558 --- [employee_management] [           main] org.springframework.test.context.cache   : Spring test ApplicationContext cache statistics: [DefaultContextCache@5834298c size = 1, maxSize = 32, parentContextCount = 0, hitCount = 9, missCount = 1, failureCount = 0]
2025-08-20T10:32:14.100+05:30 DEBUG 34558 --- [employee_management] [           main] org.springframework.test.context.cache   : Spring test ApplicationContext cache statistics: [DefaultContextCache@5834298c size = 1, maxSize = 32, parentContextCount = 0, hitCount = 10, missCount = 1, failureCount = 0]
2025-08-20T10:32:14.100+05:30 DEBUG 34558 --- [employee_management] [           main] org.springframework.test.context.cache   : Spring test ApplicationContext cache statistics: [DefaultContextCache@5834298c size = 1, maxSize = 32, parentContextCount = 0, hitCount = 11, missCount = 1, failureCount = 0]
2025-08-20T10:32:14.100+05:30 DEBUG 34558 --- [employee_management] [           main] org.springframework.test.context.cache   : Spring test ApplicationContext cache statistics: [DefaultContextCache@5834298c size = 1, maxSize = 32, parentContextCount = 0, hitCount = 12, missCount = 1, failureCount = 0]
2025-08-20T10:32:14.101+05:30 DEBUG 34558 --- [employee_management] [           main] org.springframework.test.context.cache   : Spring test ApplicationContext cache statistics: [DefaultContextCache@5834298c size = 1, maxSize = 32, parentContextCount = 0, hitCount = 13, missCount = 1, failureCount = 0]
2025-08-20T10:32:14.102+05:30 DEBUG 34558 --- [employee_management] [           main] o.s.t.c.transaction.TransactionContext   : Rolled back transaction (1) for test class [com.example.employee_managment.repository.EmployeeRepositoryTest]; test method [testSaveEmployee]
2025-08-20T10:32:14.102+05:30 DEBUG 34558 --- [employee_management] [           main] .c.s.DirtiesContextTestExecutionListener : After test method: class [EmployeeRepositoryTest], method [testSaveEmployee], class annotated with @DirtiesContext [false] with mode [null], method annotated with @DirtiesContext [false] with mode [null]
]]></system-out>
    <system-err><![CDATA[Mockito is currently self-attaching to enable the inline-mock-maker. This will no longer work in future releases of the JDK. Please add Mockito as an agent to your build as described in Mockito's documentation: https://javadoc.io/doc/org.mockito/mockito-core/latest/org.mockito/org/mockito/Mockito.html#0.3
WARNING: A Java agent has been loaded dynamically (/Users/apeksha/.m2/repository/net/bytebuddy/byte-buddy-agent/1.17.6/byte-buddy-agent-1.17.6.jar)
WARNING: If a serviceability tool is in use, please run with -XX:+EnableDynamicAgentLoading to hide this warning
WARNING: If a serviceability tool is not in use, please run with -Djdk.instrument.traceUsage for more information
WARNING: Dynamic loading of agents will be disallowed by default in a future release
]]></system-err>
  </testcase>
  <testcase name="testDeleteEmployee" classname="com.example.employee_managment.repository.EmployeeRepositoryTest" time="0.013">
    <system-out><![CDATA[2025-08-20T10:32:14.105+05:30 DEBUG 34558 --- [employee_management] [           main] DependencyInjectionTestExecutionListener : Performing dependency injection for test class com.example.employee_managment.repository.EmployeeRepositoryTest
2025-08-20T10:32:14.105+05:30 DEBUG 34558 --- [employee_management] [           main] org.springframework.test.context.cache   : Spring test ApplicationContext cache statistics: [DefaultContextCache@5834298c size = 1, maxSize = 32, parentContextCount = 0, hitCount = 14, missCount = 1, failureCount = 0]
2025-08-20T10:32:14.105+05:30 DEBUG 34558 --- [employee_management] [           main] org.springframework.test.context.cache   : Spring test ApplicationContext cache statistics: [DefaultContextCache@5834298c size = 1, maxSize = 32, parentContextCount = 0, hitCount = 15, missCount = 1, failureCount = 0]
2025-08-20T10:32:14.106+05:30 DEBUG 34558 --- [employee_management] [           main] sContextBeforeModesTestExecutionListener : Before test method: class [EmployeeRepositoryTest], method [testDeleteEmployee], class annotated with @DirtiesContext [false] with mode [null], method annotated with @DirtiesContext [false] with mode [null]
2025-08-20T10:32:14.106+05:30 DEBUG 34558 --- [employee_management] [           main] t.c.t.TransactionalTestExecutionListener : Explicit transaction definition [PROPAGATION_REQUIRED,ISOLATION_DEFAULT] found for test class [com.example.employee_managment.repository.EmployeeRepositoryTest] and test method [testDeleteEmployee]
2025-08-20T10:32:14.106+05:30 DEBUG 34558 --- [employee_management] [           main] org.springframework.test.context.cache   : Spring test ApplicationContext cache statistics: [DefaultContextCache@5834298c size = 1, maxSize = 32, parentContextCount = 0, hitCount = 16, missCount = 1, failureCount = 0]
2025-08-20T10:32:14.106+05:30 DEBUG 34558 --- [employee_management] [           main] t.c.t.TransactionalTestExecutionListener : No method-level @Rollback override: using default rollback [true] for test method [void com.example.employee_managment.repository.EmployeeRepositoryTest.testDeleteEmployee()]
2025-08-20T10:32:14.106+05:30 DEBUG 34558 --- [employee_management] [           main] o.s.t.c.transaction.TransactionContext   : Began transaction (1) for test class [com.example.employee_managment.repository.EmployeeRepositoryTest]; test method [testDeleteEmployee]; transaction manager [org.springframework.orm.jpa.JpaTransactionManager@350e3fb4]; rollback [true]
2025-08-20T10:32:14.106+05:30 DEBUG 34558 --- [employee_management] [           main] org.springframework.test.context.cache   : Spring test ApplicationContext cache statistics: [DefaultContextCache@5834298c size = 1, maxSize = 32, parentContextCount = 0, hitCount = 17, missCount = 1, failureCount = 0]
2025-08-20T10:32:14.107+05:30 DEBUG 34558 --- [employee_management] [           main] org.springframework.test.context.cache   : Spring test ApplicationContext cache statistics: [DefaultContextCache@5834298c size = 1, maxSize = 32, parentContextCount = 0, hitCount = 18, missCount = 1, failureCount = 0]
2025-08-20T10:32:14.107+05:30 DEBUG 34558 --- [employee_management] [           main] org.springframework.test.context.cache   : Spring test ApplicationContext cache statistics: [DefaultContextCache@5834298c size = 1, maxSize = 32, parentContextCount = 0, hitCount = 19, missCount = 1, failureCount = 0]
2025-08-20T10:32:14.107+05:30 DEBUG 34558 --- [employee_management] [           main] org.hibernate.SQL                        : 
    insert 
    into
        employees
        (created_at, date_of_birth, department, email, first_name, hire_date, last_name, phone_number, position, salary, updated_at, id) 
    values
        (?, ?, ?, ?, ?, ?, ?, ?, ?, ?, ?, default)
Hibernate: 
    insert 
    into
        employees
        (created_at, date_of_birth, department, email, first_name, hire_date, last_name, phone_number, position, salary, updated_at, id) 
    values
        (?, ?, ?, ?, ?, ?, ?, ?, ?, ?, ?, default)
2025-08-20T10:32:14.109+05:30 DEBUG 34558 --- [employee_management] [           main] org.hibernate.SQL                        : 
    insert 
    into
        employees
        (created_at, date_of_birth, department, email, first_name, hire_date, last_name, phone_number, position, salary, updated_at, id) 
    values
        (?, ?, ?, ?, ?, ?, ?, ?, ?, ?, ?, default)
Hibernate: 
    insert 
    into
        employees
        (created_at, date_of_birth, department, email, first_name, hire_date, last_name, phone_number, position, salary, updated_at, id) 
    values
        (?, ?, ?, ?, ?, ?, ?, ?, ?, ?, ?, default)
2025-08-20T10:32:14.109+05:30 DEBUG 34558 --- [employee_management] [           main] org.hibernate.SQL                        : 
    insert 
    into
        employees
        (created_at, date_of_birth, department, email, first_name, hire_date, last_name, phone_number, position, salary, updated_at, id) 
    values
        (?, ?, ?, ?, ?, ?, ?, ?, ?, ?, ?, default)
Hibernate: 
    insert 
    into
        employees
        (created_at, date_of_birth, department, email, first_name, hire_date, last_name, phone_number, position, salary, updated_at, id) 
    values
        (?, ?, ?, ?, ?, ?, ?, ?, ?, ?, ?, default)
2025-08-20T10:32:14.110+05:30 DEBUG 34558 --- [employee_management] [           main] org.springframework.test.context.cache   : Spring test ApplicationContext cache statistics: [DefaultContextCache@5834298c size = 1, maxSize = 32, parentContextCount = 0, hitCount = 20, missCount = 1, failureCount = 0]
2025-08-20T10:32:14.116+05:30 DEBUG 34558 --- [employee_management] [           main] org.springframework.test.context.cache   : Spring test ApplicationContext cache statistics: [DefaultContextCache@5834298c size = 1, maxSize = 32, parentContextCount = 0, hitCount = 21, missCount = 1, failureCount = 0]
2025-08-20T10:32:14.116+05:30 DEBUG 34558 --- [employee_management] [           main] org.springframework.test.context.cache   : Spring test ApplicationContext cache statistics: [DefaultContextCache@5834298c size = 1, maxSize = 32, parentContextCount = 0, hitCount = 22, missCount = 1, failureCount = 0]
2025-08-20T10:32:14.116+05:30 DEBUG 34558 --- [employee_management] [           main] org.springframework.test.context.cache   : Spring test ApplicationContext cache statistics: [DefaultContextCache@5834298c size = 1, maxSize = 32, parentContextCount = 0, hitCount = 23, missCount = 1, failureCount = 0]
2025-08-20T10:32:14.116+05:30 DEBUG 34558 --- [employee_management] [           main] org.springframework.test.context.cache   : Spring test ApplicationContext cache statistics: [DefaultContextCache@5834298c size = 1, maxSize = 32, parentContextCount = 0, hitCount = 24, missCount = 1, failureCount = 0]
2025-08-20T10:32:14.116+05:30 DEBUG 34558 --- [employee_management] [           main] org.springframework.test.context.cache   : Spring test ApplicationContext cache statistics: [DefaultContextCache@5834298c size = 1, maxSize = 32, parentContextCount = 0, hitCount = 25, missCount = 1, failureCount = 0]
2025-08-20T10:32:14.117+05:30 DEBUG 34558 --- [employee_management] [           main] org.springframework.test.context.cache   : Spring test ApplicationContext cache statistics: [DefaultContextCache@5834298c size = 1, maxSize = 32, parentContextCount = 0, hitCount = 26, missCount = 1, failureCount = 0]
2025-08-20T10:32:14.117+05:30 DEBUG 34558 --- [employee_management] [           main] org.springframework.test.context.cache   : Spring test ApplicationContext cache statistics: [DefaultContextCache@5834298c size = 1, maxSize = 32, parentContextCount = 0, hitCount = 27, missCount = 1, failureCount = 0]
2025-08-20T10:32:14.117+05:30 DEBUG 34558 --- [employee_management] [           main] o.s.t.c.transaction.TransactionContext   : Rolled back transaction (1) for test class [com.example.employee_managment.repository.EmployeeRepositoryTest]; test method [testDeleteEmployee]
2025-08-20T10:32:14.117+05:30 DEBUG 34558 --- [employee_management] [           main] .c.s.DirtiesContextTestExecutionListener : After test method: class [EmployeeRepositoryTest], method [testDeleteEmployee], class annotated with @DirtiesContext [false] with mode [null], method annotated with @DirtiesContext [false] with mode [null]
]]></system-out>
  </testcase>
  <testcase name="testFindByFirstNameContainingIgnoreCase" classname="com.example.employee_managment.repository.EmployeeRepositoryTest" time="0.037">
    <system-out><![CDATA[2025-08-20T10:32:14.118+05:30 DEBUG 34558 --- [employee_management] [           main] DependencyInjectionTestExecutionListener : Performing dependency injection for test class com.example.employee_managment.repository.EmployeeRepositoryTest
2025-08-20T10:32:14.118+05:30 DEBUG 34558 --- [employee_management] [           main] org.springframework.test.context.cache   : Spring test ApplicationContext cache statistics: [DefaultContextCache@5834298c size = 1, maxSize = 32, parentContextCount = 0, hitCount = 28, missCount = 1, failureCount = 0]
2025-08-20T10:32:14.118+05:30 DEBUG 34558 --- [employee_management] [           main] org.springframework.test.context.cache   : Spring test ApplicationContext cache statistics: [DefaultContextCache@5834298c size = 1, maxSize = 32, parentContextCount = 0, hitCount = 29, missCount = 1, failureCount = 0]
2025-08-20T10:32:14.118+05:30 DEBUG 34558 --- [employee_management] [           main] sContextBeforeModesTestExecutionListener : Before test method: class [EmployeeRepositoryTest], method [testFindByFirstNameContainingIgnoreCase], class annotated with @DirtiesContext [false] with mode [null], method annotated with @DirtiesContext [false] with mode [null]
2025-08-20T10:32:14.119+05:30 DEBUG 34558 --- [employee_management] [           main] t.c.t.TransactionalTestExecutionListener : Explicit transaction definition [PROPAGATION_REQUIRED,ISOLATION_DEFAULT] found for test class [com.example.employee_managment.repository.EmployeeRepositoryTest] and test method [testFindByFirstNameContainingIgnoreCase]
2025-08-20T10:32:14.119+05:30 DEBUG 34558 --- [employee_management] [           main] org.springframework.test.context.cache   : Spring test ApplicationContext cache statistics: [DefaultContextCache@5834298c size = 1, maxSize = 32, parentContextCount = 0, hitCount = 30, missCount = 1, failureCount = 0]
2025-08-20T10:32:14.119+05:30 DEBUG 34558 --- [employee_management] [           main] t.c.t.TransactionalTestExecutionListener : No method-level @Rollback override: using default rollback [true] for test method [void com.example.employee_managment.repository.EmployeeRepositoryTest.testFindByFirstNameContainingIgnoreCase()]
2025-08-20T10:32:14.119+05:30 DEBUG 34558 --- [employee_management] [           main] o.s.t.c.transaction.TransactionContext   : Began transaction (1) for test class [com.example.employee_managment.repository.EmployeeRepositoryTest]; test method [testFindByFirstNameContainingIgnoreCase]; transaction manager [org.springframework.orm.jpa.JpaTransactionManager@350e3fb4]; rollback [true]
2025-08-20T10:32:14.119+05:30 DEBUG 34558 --- [employee_management] [           main] org.springframework.test.context.cache   : Spring test ApplicationContext cache statistics: [DefaultContextCache@5834298c size = 1, maxSize = 32, parentContextCount = 0, hitCount = 31, missCount = 1, failureCount = 0]
2025-08-20T10:32:14.119+05:30 DEBUG 34558 --- [employee_management] [           main] org.springframework.test.context.cache   : Spring test ApplicationContext cache statistics: [DefaultContextCache@5834298c size = 1, maxSize = 32, parentContextCount = 0, hitCount = 32, missCount = 1, failureCount = 0]
2025-08-20T10:32:14.120+05:30 DEBUG 34558 --- [employee_management] [           main] org.springframework.test.context.cache   : Spring test ApplicationContext cache statistics: [DefaultContextCache@5834298c size = 1, maxSize = 32, parentContextCount = 0, hitCount = 33, missCount = 1, failureCount = 0]
2025-08-20T10:32:14.120+05:30 DEBUG 34558 --- [employee_management] [           main] org.hibernate.SQL                        : 
    insert 
    into
        employees
        (created_at, date_of_birth, department, email, first_name, hire_date, last_name, phone_number, position, salary, updated_at, id) 
    values
        (?, ?, ?, ?, ?, ?, ?, ?, ?, ?, ?, default)
Hibernate: 
    insert 
    into
        employees
        (created_at, date_of_birth, department, email, first_name, hire_date, last_name, phone_number, position, salary, updated_at, id) 
    values
        (?, ?, ?, ?, ?, ?, ?, ?, ?, ?, ?, default)
2025-08-20T10:32:14.121+05:30 DEBUG 34558 --- [employee_management] [           main] org.hibernate.SQL                        : 
    insert 
    into
        employees
        (created_at, date_of_birth, department, email, first_name, hire_date, last_name, phone_number, position, salary, updated_at, id) 
    values
        (?, ?, ?, ?, ?, ?, ?, ?, ?, ?, ?, default)
Hibernate: 
    insert 
    into
        employees
        (created_at, date_of_birth, department, email, first_name, hire_date, last_name, phone_number, position, salary, updated_at, id) 
    values
        (?, ?, ?, ?, ?, ?, ?, ?, ?, ?, ?, default)
2025-08-20T10:32:14.122+05:30 DEBUG 34558 --- [employee_management] [           main] org.hibernate.SQL                        : 
    insert 
    into
        employees
        (created_at, date_of_birth, department, email, first_name, hire_date, last_name, phone_number, position, salary, updated_at, id) 
    values
        (?, ?, ?, ?, ?, ?, ?, ?, ?, ?, ?, default)
Hibernate: 
    insert 
    into
        employees
        (created_at, date_of_birth, department, email, first_name, hire_date, last_name, phone_number, position, salary, updated_at, id) 
    values
        (?, ?, ?, ?, ?, ?, ?, ?, ?, ?, ?, default)
2025-08-20T10:32:14.122+05:30 DEBUG 34558 --- [employee_management] [           main] org.springframework.test.context.cache   : Spring test ApplicationContext cache statistics: [DefaultContextCache@5834298c size = 1, maxSize = 32, parentContextCount = 0, hitCount = 34, missCount = 1, failureCount = 0]
2025-08-20T10:32:14.148+05:30 DEBUG 34558 --- [employee_management] [           main] org.hibernate.SQL                        : 
    select
        e1_0.id,
        e1_0.created_at,
        e1_0.date_of_birth,
        e1_0.department,
        e1_0.email,
        e1_0.first_name,
        e1_0.hire_date,
        e1_0.last_name,
        e1_0.phone_number,
        e1_0.position,
        e1_0.salary,
        e1_0.updated_at 
    from
        employees e1_0 
    where
        upper(e1_0.first_name) like upper(?) escape '\' 
        or upper(e1_0.last_name) like upper(?) escape '\'
Hibernate: 
    select
        e1_0.id,
        e1_0.created_at,
        e1_0.date_of_birth,
        e1_0.department,
        e1_0.email,
        e1_0.first_name,
        e1_0.hire_date,
        e1_0.last_name,
        e1_0.phone_number,
        e1_0.position,
        e1_0.salary,
        e1_0.updated_at 
    from
        employees e1_0 
    where
        upper(e1_0.first_name) like upper(?) escape '\' 
        or upper(e1_0.last_name) like upper(?) escape '\'
2025-08-20T10:32:14.153+05:30 DEBUG 34558 --- [employee_management] [           main] org.springframework.test.context.cache   : Spring test ApplicationContext cache statistics: [DefaultContextCache@5834298c size = 1, maxSize = 32, parentContextCount = 0, hitCount = 35, missCount = 1, failureCount = 0]
2025-08-20T10:32:14.153+05:30 DEBUG 34558 --- [employee_management] [           main] org.springframework.test.context.cache   : Spring test ApplicationContext cache statistics: [DefaultContextCache@5834298c size = 1, maxSize = 32, parentContextCount = 0, hitCount = 36, missCount = 1, failureCount = 0]
2025-08-20T10:32:14.153+05:30 DEBUG 34558 --- [employee_management] [           main] org.springframework.test.context.cache   : Spring test ApplicationContext cache statistics: [DefaultContextCache@5834298c size = 1, maxSize = 32, parentContextCount = 0, hitCount = 37, missCount = 1, failureCount = 0]
2025-08-20T10:32:14.154+05:30 DEBUG 34558 --- [employee_management] [           main] org.springframework.test.context.cache   : Spring test ApplicationContext cache statistics: [DefaultContextCache@5834298c size = 1, maxSize = 32, parentContextCount = 0, hitCount = 38, missCount = 1, failureCount = 0]
2025-08-20T10:32:14.154+05:30 DEBUG 34558 --- [employee_management] [           main] org.springframework.test.context.cache   : Spring test ApplicationContext cache statistics: [DefaultContextCache@5834298c size = 1, maxSize = 32, parentContextCount = 0, hitCount = 39, missCount = 1, failureCount = 0]
2025-08-20T10:32:14.154+05:30 DEBUG 34558 --- [employee_management] [           main] org.springframework.test.context.cache   : Spring test ApplicationContext cache statistics: [DefaultContextCache@5834298c size = 1, maxSize = 32, parentContextCount = 0, hitCount = 40, missCount = 1, failureCount = 0]
2025-08-20T10:32:14.154+05:30 DEBUG 34558 --- [employee_management] [           main] org.springframework.test.context.cache   : Spring test ApplicationContext cache statistics: [DefaultContextCache@5834298c size = 1, maxSize = 32, parentContextCount = 0, hitCount = 41, missCount = 1, failureCount = 0]
2025-08-20T10:32:14.154+05:30 DEBUG 34558 --- [employee_management] [           main] o.s.t.c.transaction.TransactionContext   : Rolled back transaction (1) for test class [com.example.employee_managment.repository.EmployeeRepositoryTest]; test method [testFindByFirstNameContainingIgnoreCase]
2025-08-20T10:32:14.155+05:30 DEBUG 34558 --- [employee_management] [           main] .c.s.DirtiesContextTestExecutionListener : After test method: class [EmployeeRepositoryTest], method [testFindByFirstNameContainingIgnoreCase], class annotated with @DirtiesContext [false] with mode [null], method annotated with @DirtiesContext [false] with mode [null]
]]></system-out>
  </testcase>
  <testcase name="testFindAll" classname="com.example.employee_managment.repository.EmployeeRepositoryTest" time="0.008">
    <system-out><![CDATA[2025-08-20T10:32:14.155+05:30 DEBUG 34558 --- [employee_management] [           main] DependencyInjectionTestExecutionListener : Performing dependency injection for test class com.example.employee_managment.repository.EmployeeRepositoryTest
2025-08-20T10:32:14.155+05:30 DEBUG 34558 --- [employee_management] [           main] org.springframework.test.context.cache   : Spring test ApplicationContext cache statistics: [DefaultContextCache@5834298c size = 1, maxSize = 32, parentContextCount = 0, hitCount = 42, missCount = 1, failureCount = 0]
2025-08-20T10:32:14.155+05:30 DEBUG 34558 --- [employee_management] [           main] org.springframework.test.context.cache   : Spring test ApplicationContext cache statistics: [DefaultContextCache@5834298c size = 1, maxSize = 32, parentContextCount = 0, hitCount = 43, missCount = 1, failureCount = 0]
2025-08-20T10:32:14.156+05:30 DEBUG 34558 --- [employee_management] [           main] sContextBeforeModesTestExecutionListener : Before test method: class [EmployeeRepositoryTest], method [testFindAll], class annotated with @DirtiesContext [false] with mode [null], method annotated with @DirtiesContext [false] with mode [null]
2025-08-20T10:32:14.156+05:30 DEBUG 34558 --- [employee_management] [           main] t.c.t.TransactionalTestExecutionListener : Explicit transaction definition [PROPAGATION_REQUIRED,ISOLATION_DEFAULT] found for test class [com.example.employee_managment.repository.EmployeeRepositoryTest] and test method [testFindAll]
2025-08-20T10:32:14.156+05:30 DEBUG 34558 --- [employee_management] [           main] org.springframework.test.context.cache   : Spring test ApplicationContext cache statistics: [DefaultContextCache@5834298c size = 1, maxSize = 32, parentContextCount = 0, hitCount = 44, missCount = 1, failureCount = 0]
2025-08-20T10:32:14.156+05:30 DEBUG 34558 --- [employee_management] [           main] t.c.t.TransactionalTestExecutionListener : No method-level @Rollback override: using default rollback [true] for test method [void com.example.employee_managment.repository.EmployeeRepositoryTest.testFindAll()]
2025-08-20T10:32:14.156+05:30 DEBUG 34558 --- [employee_management] [           main] o.s.t.c.transaction.TransactionContext   : Began transaction (1) for test class [com.example.employee_managment.repository.EmployeeRepositoryTest]; test method [testFindAll]; transaction manager [org.springframework.orm.jpa.JpaTransactionManager@350e3fb4]; rollback [true]
2025-08-20T10:32:14.156+05:30 DEBUG 34558 --- [employee_management] [           main] org.springframework.test.context.cache   : Spring test ApplicationContext cache statistics: [DefaultContextCache@5834298c size = 1, maxSize = 32, parentContextCount = 0, hitCount = 45, missCount = 1, failureCount = 0]
2025-08-20T10:32:14.157+05:30 DEBUG 34558 --- [employee_management] [           main] org.springframework.test.context.cache   : Spring test ApplicationContext cache statistics: [DefaultContextCache@5834298c size = 1, maxSize = 32, parentContextCount = 0, hitCount = 46, missCount = 1, failureCount = 0]
2025-08-20T10:32:14.157+05:30 DEBUG 34558 --- [employee_management] [           main] org.springframework.test.context.cache   : Spring test ApplicationContext cache statistics: [DefaultContextCache@5834298c size = 1, maxSize = 32, parentContextCount = 0, hitCount = 47, missCount = 1, failureCount = 0]
2025-08-20T10:32:14.157+05:30 DEBUG 34558 --- [employee_management] [           main] org.hibernate.SQL                        : 
    insert 
    into
        employees
        (created_at, date_of_birth, department, email, first_name, hire_date, last_name, phone_number, position, salary, updated_at, id) 
    values
        (?, ?, ?, ?, ?, ?, ?, ?, ?, ?, ?, default)
Hibernate: 
    insert 
    into
        employees
        (created_at, date_of_birth, department, email, first_name, hire_date, last_name, phone_number, position, salary, updated_at, id) 
    values
        (?, ?, ?, ?, ?, ?, ?, ?, ?, ?, ?, default)
2025-08-20T10:32:14.158+05:30 DEBUG 34558 --- [employee_management] [           main] org.hibernate.SQL                        : 
    insert 
    into
        employees
        (created_at, date_of_birth, department, email, first_name, hire_date, last_name, phone_number, position, salary, updated_at, id) 
    values
        (?, ?, ?, ?, ?, ?, ?, ?, ?, ?, ?, default)
Hibernate: 
    insert 
    into
        employees
        (created_at, date_of_birth, department, email, first_name, hire_date, last_name, phone_number, position, salary, updated_at, id) 
    values
        (?, ?, ?, ?, ?, ?, ?, ?, ?, ?, ?, default)
2025-08-20T10:32:14.159+05:30 DEBUG 34558 --- [employee_management] [           main] org.hibernate.SQL                        : 
    insert 
    into
        employees
        (created_at, date_of_birth, department, email, first_name, hire_date, last_name, phone_number, position, salary, updated_at, id) 
    values
        (?, ?, ?, ?, ?, ?, ?, ?, ?, ?, ?, default)
Hibernate: 
    insert 
    into
        employees
        (created_at, date_of_birth, department, email, first_name, hire_date, last_name, phone_number, position, salary, updated_at, id) 
    values
        (?, ?, ?, ?, ?, ?, ?, ?, ?, ?, ?, default)
2025-08-20T10:32:14.159+05:30 DEBUG 34558 --- [employee_management] [           main] org.springframework.test.context.cache   : Spring test ApplicationContext cache statistics: [DefaultContextCache@5834298c size = 1, maxSize = 32, parentContextCount = 0, hitCount = 48, missCount = 1, failureCount = 0]
2025-08-20T10:32:14.161+05:30 DEBUG 34558 --- [employee_management] [           main] org.hibernate.SQL                        : 
    select
        e1_0.id,
        e1_0.created_at,
        e1_0.date_of_birth,
        e1_0.department,
        e1_0.email,
        e1_0.first_name,
        e1_0.hire_date,
        e1_0.last_name,
        e1_0.phone_number,
        e1_0.position,
        e1_0.salary,
        e1_0.updated_at 
    from
        employees e1_0
Hibernate: 
    select
        e1_0.id,
        e1_0.created_at,
        e1_0.date_of_birth,
        e1_0.department,
        e1_0.email,
        e1_0.first_name,
        e1_0.hire_date,
        e1_0.last_name,
        e1_0.phone_number,
        e1_0.position,
        e1_0.salary,
        e1_0.updated_at 
    from
        employees e1_0
2025-08-20T10:32:14.161+05:30 DEBUG 34558 --- [employee_management] [           main] org.springframework.test.context.cache   : Spring test ApplicationContext cache statistics: [DefaultContextCache@5834298c size = 1, maxSize = 32, parentContextCount = 0, hitCount = 49, missCount = 1, failureCount = 0]
2025-08-20T10:32:14.161+05:30 DEBUG 34558 --- [employee_management] [           main] org.springframework.test.context.cache   : Spring test ApplicationContext cache statistics: [DefaultContextCache@5834298c size = 1, maxSize = 32, parentContextCount = 0, hitCount = 50, missCount = 1, failureCount = 0]
2025-08-20T10:32:14.162+05:30 DEBUG 34558 --- [employee_management] [           main] org.springframework.test.context.cache   : Spring test ApplicationContext cache statistics: [DefaultContextCache@5834298c size = 1, maxSize = 32, parentContextCount = 0, hitCount = 51, missCount = 1, failureCount = 0]
2025-08-20T10:32:14.162+05:30 DEBUG 34558 --- [employee_management] [           main] org.springframework.test.context.cache   : Spring test ApplicationContext cache statistics: [DefaultContextCache@5834298c size = 1, maxSize = 32, parentContextCount = 0, hitCount = 52, missCount = 1, failureCount = 0]
2025-08-20T10:32:14.162+05:30 DEBUG 34558 --- [employee_management] [           main] org.springframework.test.context.cache   : Spring test ApplicationContext cache statistics: [DefaultContextCache@5834298c size = 1, maxSize = 32, parentContextCount = 0, hitCount = 53, missCount = 1, failureCount = 0]
2025-08-20T10:32:14.162+05:30 DEBUG 34558 --- [employee_management] [           main] org.springframework.test.context.cache   : Spring test ApplicationContext cache statistics: [DefaultContextCache@5834298c size = 1, maxSize = 32, parentContextCount = 0, hitCount = 54, missCount = 1, failureCount = 0]
2025-08-20T10:32:14.162+05:30 DEBUG 34558 --- [employee_management] [           main] org.springframework.test.context.cache   : Spring test ApplicationContext cache statistics: [DefaultContextCache@5834298c size = 1, maxSize = 32, parentContextCount = 0, hitCount = 55, missCount = 1, failureCount = 0]
2025-08-20T10:32:14.163+05:30 DEBUG 34558 --- [employee_management] [           main] o.s.t.c.transaction.TransactionContext   : Rolled back transaction (1) for test class [com.example.employee_managment.repository.EmployeeRepositoryTest]; test method [testFindAll]
2025-08-20T10:32:14.163+05:30 DEBUG 34558 --- [employee_management] [           main] .c.s.DirtiesContextTestExecutionListener : After test method: class [EmployeeRepositoryTest], method [testFindAll], class annotated with @DirtiesContext [false] with mode [null], method annotated with @DirtiesContext [false] with mode [null]
]]></system-out>
  </testcase>
  <testcase name="testFindByDepartment" classname="com.example.employee_managment.repository.EmployeeRepositoryTest" time="0.007">
    <system-out><![CDATA[2025-08-20T10:32:14.163+05:30 DEBUG 34558 --- [employee_management] [           main] DependencyInjectionTestExecutionListener : Performing dependency injection for test class com.example.employee_managment.repository.EmployeeRepositoryTest
2025-08-20T10:32:14.163+05:30 DEBUG 34558 --- [employee_management] [           main] org.springframework.test.context.cache   : Spring test ApplicationContext cache statistics: [DefaultContextCache@5834298c size = 1, maxSize = 32, parentContextCount = 0, hitCount = 56, missCount = 1, failureCount = 0]
2025-08-20T10:32:14.164+05:30 DEBUG 34558 --- [employee_management] [           main] org.springframework.test.context.cache   : Spring test ApplicationContext cache statistics: [DefaultContextCache@5834298c size = 1, maxSize = 32, parentContextCount = 0, hitCount = 57, missCount = 1, failureCount = 0]
2025-08-20T10:32:14.164+05:30 DEBUG 34558 --- [employee_management] [           main] sContextBeforeModesTestExecutionListener : Before test method: class [EmployeeRepositoryTest], method [testFindByDepartment], class annotated with @DirtiesContext [false] with mode [null], method annotated with @DirtiesContext [false] with mode [null]
2025-08-20T10:32:14.164+05:30 DEBUG 34558 --- [employee_management] [           main] t.c.t.TransactionalTestExecutionListener : Explicit transaction definition [PROPAGATION_REQUIRED,ISOLATION_DEFAULT] found for test class [com.example.employee_managment.repository.EmployeeRepositoryTest] and test method [testFindByDepartment]
2025-08-20T10:32:14.164+05:30 DEBUG 34558 --- [employee_management] [           main] org.springframework.test.context.cache   : Spring test ApplicationContext cache statistics: [DefaultContextCache@5834298c size = 1, maxSize = 32, parentContextCount = 0, hitCount = 58, missCount = 1, failureCount = 0]
2025-08-20T10:32:14.164+05:30 DEBUG 34558 --- [employee_management] [           main] t.c.t.TransactionalTestExecutionListener : No method-level @Rollback override: using default rollback [true] for test method [void com.example.employee_managment.repository.EmployeeRepositoryTest.testFindByDepartment()]
2025-08-20T10:32:14.165+05:30 DEBUG 34558 --- [employee_management] [           main] o.s.t.c.transaction.TransactionContext   : Began transaction (1) for test class [com.example.employee_managment.repository.EmployeeRepositoryTest]; test method [testFindByDepartment]; transaction manager [org.springframework.orm.jpa.JpaTransactionManager@350e3fb4]; rollback [true]
2025-08-20T10:32:14.165+05:30 DEBUG 34558 --- [employee_management] [           main] org.springframework.test.context.cache   : Spring test ApplicationContext cache statistics: [DefaultContextCache@5834298c size = 1, maxSize = 32, parentContextCount = 0, hitCount = 59, missCount = 1, failureCount = 0]
2025-08-20T10:32:14.165+05:30 DEBUG 34558 --- [employee_management] [           main] org.springframework.test.context.cache   : Spring test ApplicationContext cache statistics: [DefaultContextCache@5834298c size = 1, maxSize = 32, parentContextCount = 0, hitCount = 60, missCount = 1, failureCount = 0]
2025-08-20T10:32:14.165+05:30 DEBUG 34558 --- [employee_management] [           main] org.springframework.test.context.cache   : Spring test ApplicationContext cache statistics: [DefaultContextCache@5834298c size = 1, maxSize = 32, parentContextCount = 0, hitCount = 61, missCount = 1, failureCount = 0]
2025-08-20T10:32:14.165+05:30 DEBUG 34558 --- [employee_management] [           main] org.hibernate.SQL                        : 
    insert 
    into
        employees
        (created_at, date_of_birth, department, email, first_name, hire_date, last_name, phone_number, position, salary, updated_at, id) 
    values
        (?, ?, ?, ?, ?, ?, ?, ?, ?, ?, ?, default)
Hibernate: 
    insert 
    into
        employees
        (created_at, date_of_birth, department, email, first_name, hire_date, last_name, phone_number, position, salary, updated_at, id) 
    values
        (?, ?, ?, ?, ?, ?, ?, ?, ?, ?, ?, default)
2025-08-20T10:32:14.166+05:30 DEBUG 34558 --- [employee_management] [           main] org.hibernate.SQL                        : 
    insert 
    into
        employees
        (created_at, date_of_birth, department, email, first_name, hire_date, last_name, phone_number, position, salary, updated_at, id) 
    values
        (?, ?, ?, ?, ?, ?, ?, ?, ?, ?, ?, default)
Hibernate: 
    insert 
    into
        employees
        (created_at, date_of_birth, department, email, first_name, hire_date, last_name, phone_number, position, salary, updated_at, id) 
    values
        (?, ?, ?, ?, ?, ?, ?, ?, ?, ?, ?, default)
2025-08-20T10:32:14.167+05:30 DEBUG 34558 --- [employee_management] [           main] org.hibernate.SQL                        : 
    insert 
    into
        employees
        (created_at, date_of_birth, department, email, first_name, hire_date, last_name, phone_number, position, salary, updated_at, id) 
    values
        (?, ?, ?, ?, ?, ?, ?, ?, ?, ?, ?, default)
Hibernate: 
    insert 
    into
        employees
        (created_at, date_of_birth, department, email, first_name, hire_date, last_name, phone_number, position, salary, updated_at, id) 
    values
        (?, ?, ?, ?, ?, ?, ?, ?, ?, ?, ?, default)
2025-08-20T10:32:14.167+05:30 DEBUG 34558 --- [employee_management] [           main] org.springframework.test.context.cache   : Spring test ApplicationContext cache statistics: [DefaultContextCache@5834298c size = 1, maxSize = 32, parentContextCount = 0, hitCount = 62, missCount = 1, failureCount = 0]
2025-08-20T10:32:14.169+05:30 DEBUG 34558 --- [employee_management] [           main] org.hibernate.SQL                        : 
    select
        e1_0.id,
        e1_0.created_at,
        e1_0.date_of_birth,
        e1_0.department,
        e1_0.email,
        e1_0.first_name,
        e1_0.hire_date,
        e1_0.last_name,
        e1_0.phone_number,
        e1_0.position,
        e1_0.salary,
        e1_0.updated_at 
    from
        employees e1_0 
    where
        e1_0.department=?
Hibernate: 
    select
        e1_0.id,
        e1_0.created_at,
        e1_0.date_of_birth,
        e1_0.department,
        e1_0.email,
        e1_0.first_name,
        e1_0.hire_date,
        e1_0.last_name,
        e1_0.phone_number,
        e1_0.position,
        e1_0.salary,
        e1_0.updated_at 
    from
        employees e1_0 
    where
        e1_0.department=?
2025-08-20T10:32:14.170+05:30 DEBUG 34558 --- [employee_management] [           main] org.springframework.test.context.cache   : Spring test ApplicationContext cache statistics: [DefaultContextCache@5834298c size = 1, maxSize = 32, parentContextCount = 0, hitCount = 63, missCount = 1, failureCount = 0]
2025-08-20T10:32:14.170+05:30 DEBUG 34558 --- [employee_management] [           main] org.springframework.test.context.cache   : Spring test ApplicationContext cache statistics: [DefaultContextCache@5834298c size = 1, maxSize = 32, parentContextCount = 0, hitCount = 64, missCount = 1, failureCount = 0]
2025-08-20T10:32:14.170+05:30 DEBUG 34558 --- [employee_management] [           main] org.springframework.test.context.cache   : Spring test ApplicationContext cache statistics: [DefaultContextCache@5834298c size = 1, maxSize = 32, parentContextCount = 0, hitCount = 65, missCount = 1, failureCount = 0]
2025-08-20T10:32:14.170+05:30 DEBUG 34558 --- [employee_management] [           main] org.springframework.test.context.cache   : Spring test ApplicationContext cache statistics: [DefaultContextCache@5834298c size = 1, maxSize = 32, parentContextCount = 0, hitCount = 66, missCount = 1, failureCount = 0]
2025-08-20T10:32:14.170+05:30 DEBUG 34558 --- [employee_management] [           main] org.springframework.test.context.cache   : Spring test ApplicationContext cache statistics: [DefaultContextCache@5834298c size = 1, maxSize = 32, parentContextCount = 0, hitCount = 67, missCount = 1, failureCount = 0]
2025-08-20T10:32:14.170+05:30 DEBUG 34558 --- [employee_management] [           main] org.springframework.test.context.cache   : Spring test ApplicationContext cache statistics: [DefaultContextCache@5834298c size = 1, maxSize = 32, parentContextCount = 0, hitCount = 68, missCount = 1, failureCount = 0]
2025-08-20T10:32:14.170+05:30 DEBUG 34558 --- [employee_management] [           main] org.springframework.test.context.cache   : Spring test ApplicationContext cache statistics: [DefaultContextCache@5834298c size = 1, maxSize = 32, parentContextCount = 0, hitCount = 69, missCount = 1, failureCount = 0]
2025-08-20T10:32:14.171+05:30 DEBUG 34558 --- [employee_management] [           main] o.s.t.c.transaction.TransactionContext   : Rolled back transaction (1) for test class [com.example.employee_managment.repository.EmployeeRepositoryTest]; test method [testFindByDepartment]
2025-08-20T10:32:14.171+05:30 DEBUG 34558 --- [employee_management] [           main] .c.s.DirtiesContextTestExecutionListener : After test method: class [EmployeeRepositoryTest], method [testFindByDepartment], class annotated with @DirtiesContext [false] with mode [null], method annotated with @DirtiesContext [false] with mode [null]
]]></system-out>
  </testcase>
  <testcase name="testCountEmployees" classname="com.example.employee_managment.repository.EmployeeRepositoryTest" time="0.038">
    <system-out><![CDATA[2025-08-20T10:32:14.171+05:30 DEBUG 34558 --- [employee_management] [           main] DependencyInjectionTestExecutionListener : Performing dependency injection for test class com.example.employee_managment.repository.EmployeeRepositoryTest
2025-08-20T10:32:14.171+05:30 DEBUG 34558 --- [employee_management] [           main] org.springframework.test.context.cache   : Spring test ApplicationContext cache statistics: [DefaultContextCache@5834298c size = 1, maxSize = 32, parentContextCount = 0, hitCount = 70, missCount = 1, failureCount = 0]
2025-08-20T10:32:14.172+05:30 DEBUG 34558 --- [employee_management] [           main] org.springframework.test.context.cache   : Spring test ApplicationContext cache statistics: [DefaultContextCache@5834298c size = 1, maxSize = 32, parentContextCount = 0, hitCount = 71, missCount = 1, failureCount = 0]
2025-08-20T10:32:14.172+05:30 DEBUG 34558 --- [employee_management] [           main] sContextBeforeModesTestExecutionListener : Before test method: class [EmployeeRepositoryTest], method [testCountEmployees], class annotated with @DirtiesContext [false] with mode [null], method annotated with @DirtiesContext [false] with mode [null]
2025-08-20T10:32:14.172+05:30 DEBUG 34558 --- [employee_management] [           main] t.c.t.TransactionalTestExecutionListener : Explicit transaction definition [PROPAGATION_REQUIRED,ISOLATION_DEFAULT] found for test class [com.example.employee_managment.repository.EmployeeRepositoryTest] and test method [testCountEmployees]
2025-08-20T10:32:14.172+05:30 DEBUG 34558 --- [employee_management] [           main] org.springframework.test.context.cache   : Spring test ApplicationContext cache statistics: [DefaultContextCache@5834298c size = 1, maxSize = 32, parentContextCount = 0, hitCount = 72, missCount = 1, failureCount = 0]
2025-08-20T10:32:14.172+05:30 DEBUG 34558 --- [employee_management] [           main] t.c.t.TransactionalTestExecutionListener : No method-level @Rollback override: using default rollback [true] for test method [void com.example.employee_managment.repository.EmployeeRepositoryTest.testCountEmployees()]
2025-08-20T10:32:14.172+05:30 DEBUG 34558 --- [employee_management] [           main] o.s.t.c.transaction.TransactionContext   : Began transaction (1) for test class [com.example.employee_managment.repository.EmployeeRepositoryTest]; test method [testCountEmployees]; transaction manager [org.springframework.orm.jpa.JpaTransactionManager@350e3fb4]; rollback [true]
2025-08-20T10:32:14.173+05:30 DEBUG 34558 --- [employee_management] [           main] org.springframework.test.context.cache   : Spring test ApplicationContext cache statistics: [DefaultContextCache@5834298c size = 1, maxSize = 32, parentContextCount = 0, hitCount = 73, missCount = 1, failureCount = 0]
2025-08-20T10:32:14.173+05:30 DEBUG 34558 --- [employee_management] [           main] org.springframework.test.context.cache   : Spring test ApplicationContext cache statistics: [DefaultContextCache@5834298c size = 1, maxSize = 32, parentContextCount = 0, hitCount = 74, missCount = 1, failureCount = 0]
2025-08-20T10:32:14.173+05:30 DEBUG 34558 --- [employee_management] [           main] org.springframework.test.context.cache   : Spring test ApplicationContext cache statistics: [DefaultContextCache@5834298c size = 1, maxSize = 32, parentContextCount = 0, hitCount = 75, missCount = 1, failureCount = 0]
2025-08-20T10:32:14.174+05:30 DEBUG 34558 --- [employee_management] [           main] org.hibernate.SQL                        : 
    insert 
    into
        employees
        (created_at, date_of_birth, department, email, first_name, hire_date, last_name, phone_number, position, salary, updated_at, id) 
    values
        (?, ?, ?, ?, ?, ?, ?, ?, ?, ?, ?, default)
Hibernate: 
    insert 
    into
        employees
        (created_at, date_of_birth, department, email, first_name, hire_date, last_name, phone_number, position, salary, updated_at, id) 
    values
        (?, ?, ?, ?, ?, ?, ?, ?, ?, ?, ?, default)
2025-08-20T10:32:14.175+05:30 DEBUG 34558 --- [employee_management] [           main] org.hibernate.SQL                        : 
    insert 
    into
        employees
        (created_at, date_of_birth, department, email, first_name, hire_date, last_name, phone_number, position, salary, updated_at, id) 
    values
        (?, ?, ?, ?, ?, ?, ?, ?, ?, ?, ?, default)
Hibernate: 
    insert 
    into
        employees
        (created_at, date_of_birth, department, email, first_name, hire_date, last_name, phone_number, position, salary, updated_at, id) 
    values
        (?, ?, ?, ?, ?, ?, ?, ?, ?, ?, ?, default)
2025-08-20T10:32:14.175+05:30 DEBUG 34558 --- [employee_management] [           main] org.hibernate.SQL                        : 
    insert 
    into
        employees
        (created_at, date_of_birth, department, email, first_name, hire_date, last_name, phone_number, position, salary, updated_at, id) 
    values
        (?, ?, ?, ?, ?, ?, ?, ?, ?, ?, ?, default)
Hibernate: 
    insert 
    into
        employees
        (created_at, date_of_birth, department, email, first_name, hire_date, last_name, phone_number, position, salary, updated_at, id) 
    values
        (?, ?, ?, ?, ?, ?, ?, ?, ?, ?, ?, default)
2025-08-20T10:32:14.176+05:30 DEBUG 34558 --- [employee_management] [           main] org.springframework.test.context.cache   : Spring test ApplicationContext cache statistics: [DefaultContextCache@5834298c size = 1, maxSize = 32, parentContextCount = 0, hitCount = 76, missCount = 1, failureCount = 0]
2025-08-20T10:32:14.208+05:30 DEBUG 34558 --- [employee_management] [           main] org.hibernate.SQL                        : 
    select
        count(*) 
    from
        employees e1_0
Hibernate: 
    select
        count(*) 
    from
        employees e1_0
2025-08-20T10:32:14.209+05:30 DEBUG 34558 --- [employee_management] [           main] org.springframework.test.context.cache   : Spring test ApplicationContext cache statistics: [DefaultContextCache@5834298c size = 1, maxSize = 32, parentContextCount = 0, hitCount = 77, missCount = 1, failureCount = 0]
2025-08-20T10:32:14.209+05:30 DEBUG 34558 --- [employee_management] [           main] org.springframework.test.context.cache   : Spring test ApplicationContext cache statistics: [DefaultContextCache@5834298c size = 1, maxSize = 32, parentContextCount = 0, hitCount = 78, missCount = 1, failureCount = 0]
2025-08-20T10:32:14.209+05:30 DEBUG 34558 --- [employee_management] [           main] org.springframework.test.context.cache   : Spring test ApplicationContext cache statistics: [DefaultContextCache@5834298c size = 1, maxSize = 32, parentContextCount = 0, hitCount = 79, missCount = 1, failureCount = 0]
2025-08-20T10:32:14.209+05:30 DEBUG 34558 --- [employee_management] [           main] org.springframework.test.context.cache   : Spring test ApplicationContext cache statistics: [DefaultContextCache@5834298c size = 1, maxSize = 32, parentContextCount = 0, hitCount = 80, missCount = 1, failureCount = 0]
2025-08-20T10:32:14.210+05:30 DEBUG 34558 --- [employee_management] [           main] org.springframework.test.context.cache   : Spring test ApplicationContext cache statistics: [DefaultContextCache@5834298c size = 1, maxSize = 32, parentContextCount = 0, hitCount = 81, missCount = 1, failureCount = 0]
2025-08-20T10:32:14.210+05:30 DEBUG 34558 --- [employee_management] [           main] org.springframework.test.context.cache   : Spring test ApplicationContext cache statistics: [DefaultContextCache@5834298c size = 1, maxSize = 32, parentContextCount = 0, hitCount = 82, missCount = 1, failureCount = 0]
2025-08-20T10:32:14.210+05:30 DEBUG 34558 --- [employee_management] [           main] org.springframework.test.context.cache   : Spring test ApplicationContext cache statistics: [DefaultContextCache@5834298c size = 1, maxSize = 32, parentContextCount = 0, hitCount = 83, missCount = 1, failureCount = 0]
2025-08-20T10:32:14.210+05:30 DEBUG 34558 --- [employee_management] [           main] o.s.t.c.transaction.TransactionContext   : Rolled back transaction (1) for test class [com.example.employee_managment.repository.EmployeeRepositoryTest]; test method [testCountEmployees]
2025-08-20T10:32:14.210+05:30 DEBUG 34558 --- [employee_management] [           main] .c.s.DirtiesContextTestExecutionListener : After test method: class [EmployeeRepositoryTest], method [testCountEmployees], class annotated with @DirtiesContext [false] with mode [null], method annotated with @DirtiesContext [false] with mode [null]
]]></system-out>
  </testcase>
  <testcase name="testFindByEmailNotFound" classname="com.example.employee_managment.repository.EmployeeRepositoryTest" time="0.008">
    <system-out><![CDATA[2025-08-20T10:32:14.211+05:30 DEBUG 34558 --- [employee_management] [           main] DependencyInjectionTestExecutionListener : Performing dependency injection for test class com.example.employee_managment.repository.EmployeeRepositoryTest
2025-08-20T10:32:14.211+05:30 DEBUG 34558 --- [employee_management] [           main] org.springframework.test.context.cache   : Spring test ApplicationContext cache statistics: [DefaultContextCache@5834298c size = 1, maxSize = 32, parentContextCount = 0, hitCount = 84, missCount = 1, failureCount = 0]
2025-08-20T10:32:14.211+05:30 DEBUG 34558 --- [employee_management] [           main] org.springframework.test.context.cache   : Spring test ApplicationContext cache statistics: [DefaultContextCache@5834298c size = 1, maxSize = 32, parentContextCount = 0, hitCount = 85, missCount = 1, failureCount = 0]
2025-08-20T10:32:14.211+05:30 DEBUG 34558 --- [employee_management] [           main] sContextBeforeModesTestExecutionListener : Before test method: class [EmployeeRepositoryTest], method [testFindByEmailNotFound], class annotated with @DirtiesContext [false] with mode [null], method annotated with @DirtiesContext [false] with mode [null]
2025-08-20T10:32:14.212+05:30 DEBUG 34558 --- [employee_management] [           main] t.c.t.TransactionalTestExecutionListener : Explicit transaction definition [PROPAGATION_REQUIRED,ISOLATION_DEFAULT] found for test class [com.example.employee_managment.repository.EmployeeRepositoryTest] and test method [testFindByEmailNotFound]
2025-08-20T10:32:14.212+05:30 DEBUG 34558 --- [employee_management] [           main] org.springframework.test.context.cache   : Spring test ApplicationContext cache statistics: [DefaultContextCache@5834298c size = 1, maxSize = 32, parentContextCount = 0, hitCount = 86, missCount = 1, failureCount = 0]
2025-08-20T10:32:14.212+05:30 DEBUG 34558 --- [employee_management] [           main] t.c.t.TransactionalTestExecutionListener : No method-level @Rollback override: using default rollback [true] for test method [void com.example.employee_managment.repository.EmployeeRepositoryTest.testFindByEmailNotFound()]
2025-08-20T10:32:14.212+05:30 DEBUG 34558 --- [employee_management] [           main] o.s.t.c.transaction.TransactionContext   : Began transaction (1) for test class [com.example.employee_managment.repository.EmployeeRepositoryTest]; test method [testFindByEmailNotFound]; transaction manager [org.springframework.orm.jpa.JpaTransactionManager@350e3fb4]; rollback [true]
2025-08-20T10:32:14.212+05:30 DEBUG 34558 --- [employee_management] [           main] org.springframework.test.context.cache   : Spring test ApplicationContext cache statistics: [DefaultContextCache@5834298c size = 1, maxSize = 32, parentContextCount = 0, hitCount = 87, missCount = 1, failureCount = 0]
2025-08-20T10:32:14.212+05:30 DEBUG 34558 --- [employee_management] [           main] org.springframework.test.context.cache   : Spring test ApplicationContext cache statistics: [DefaultContextCache@5834298c size = 1, maxSize = 32, parentContextCount = 0, hitCount = 88, missCount = 1, failureCount = 0]
2025-08-20T10:32:14.212+05:30 DEBUG 34558 --- [employee_management] [           main] org.springframework.test.context.cache   : Spring test ApplicationContext cache statistics: [DefaultContextCache@5834298c size = 1, maxSize = 32, parentContextCount = 0, hitCount = 89, missCount = 1, failureCount = 0]
2025-08-20T10:32:14.213+05:30 DEBUG 34558 --- [employee_management] [           main] org.hibernate.SQL                        : 
    insert 
    into
        employees
        (created_at, date_of_birth, department, email, first_name, hire_date, last_name, phone_number, position, salary, updated_at, id) 
    values
        (?, ?, ?, ?, ?, ?, ?, ?, ?, ?, ?, default)
Hibernate: 
    insert 
    into
        employees
        (created_at, date_of_birth, department, email, first_name, hire_date, last_name, phone_number, position, salary, updated_at, id) 
    values
        (?, ?, ?, ?, ?, ?, ?, ?, ?, ?, ?, default)
2025-08-20T10:32:14.214+05:30 DEBUG 34558 --- [employee_management] [           main] org.hibernate.SQL                        : 
    insert 
    into
        employees
        (created_at, date_of_birth, department, email, first_name, hire_date, last_name, phone_number, position, salary, updated_at, id) 
    values
        (?, ?, ?, ?, ?, ?, ?, ?, ?, ?, ?, default)
Hibernate: 
    insert 
    into
        employees
        (created_at, date_of_birth, department, email, first_name, hire_date, last_name, phone_number, position, salary, updated_at, id) 
    values
        (?, ?, ?, ?, ?, ?, ?, ?, ?, ?, ?, default)
2025-08-20T10:32:14.215+05:30 DEBUG 34558 --- [employee_management] [           main] org.hibernate.SQL                        : 
    insert 
    into
        employees
        (created_at, date_of_birth, department, email, first_name, hire_date, last_name, phone_number, position, salary, updated_at, id) 
    values
        (?, ?, ?, ?, ?, ?, ?, ?, ?, ?, ?, default)
Hibernate: 
    insert 
    into
        employees
        (created_at, date_of_birth, department, email, first_name, hire_date, last_name, phone_number, position, salary, updated_at, id) 
    values
        (?, ?, ?, ?, ?, ?, ?, ?, ?, ?, ?, default)
2025-08-20T10:32:14.215+05:30 DEBUG 34558 --- [employee_management] [           main] org.springframework.test.context.cache   : Spring test ApplicationContext cache statistics: [DefaultContextCache@5834298c size = 1, maxSize = 32, parentContextCount = 0, hitCount = 90, missCount = 1, failureCount = 0]
2025-08-20T10:32:14.216+05:30 DEBUG 34558 --- [employee_management] [           main] org.hibernate.SQL                        : 
    select
        e1_0.id,
        e1_0.created_at,
        e1_0.date_of_birth,
        e1_0.department,
        e1_0.email,
        e1_0.first_name,
        e1_0.hire_date,
        e1_0.last_name,
        e1_0.phone_number,
        e1_0.position,
        e1_0.salary,
        e1_0.updated_at 
    from
        employees e1_0 
    where
        e1_0.email=?
Hibernate: 
    select
        e1_0.id,
        e1_0.created_at,
        e1_0.date_of_birth,
        e1_0.department,
        e1_0.email,
        e1_0.first_name,
        e1_0.hire_date,
        e1_0.last_name,
        e1_0.phone_number,
        e1_0.position,
        e1_0.salary,
        e1_0.updated_at 
    from
        employees e1_0 
    where
        e1_0.email=?
2025-08-20T10:32:14.217+05:30 DEBUG 34558 --- [employee_management] [           main] org.springframework.test.context.cache   : Spring test ApplicationContext cache statistics: [DefaultContextCache@5834298c size = 1, maxSize = 32, parentContextCount = 0, hitCount = 91, missCount = 1, failureCount = 0]
2025-08-20T10:32:14.217+05:30 DEBUG 34558 --- [employee_management] [           main] org.springframework.test.context.cache   : Spring test ApplicationContext cache statistics: [DefaultContextCache@5834298c size = 1, maxSize = 32, parentContextCount = 0, hitCount = 92, missCount = 1, failureCount = 0]
2025-08-20T10:32:14.217+05:30 DEBUG 34558 --- [employee_management] [           main] org.springframework.test.context.cache   : Spring test ApplicationContext cache statistics: [DefaultContextCache@5834298c size = 1, maxSize = 32, parentContextCount = 0, hitCount = 93, missCount = 1, failureCount = 0]
2025-08-20T10:32:14.218+05:30 DEBUG 34558 --- [employee_management] [           main] org.springframework.test.context.cache   : Spring test ApplicationContext cache statistics: [DefaultContextCache@5834298c size = 1, maxSize = 32, parentContextCount = 0, hitCount = 94, missCount = 1, failureCount = 0]
2025-08-20T10:32:14.218+05:30 DEBUG 34558 --- [employee_management] [           main] org.springframework.test.context.cache   : Spring test ApplicationContext cache statistics: [DefaultContextCache@5834298c size = 1, maxSize = 32, parentContextCount = 0, hitCount = 95, missCount = 1, failureCount = 0]
2025-08-20T10:32:14.218+05:30 DEBUG 34558 --- [employee_management] [           main] org.springframework.test.context.cache   : Spring test ApplicationContext cache statistics: [DefaultContextCache@5834298c size = 1, maxSize = 32, parentContextCount = 0, hitCount = 96, missCount = 1, failureCount = 0]
2025-08-20T10:32:14.218+05:30 DEBUG 34558 --- [employee_management] [           main] org.springframework.test.context.cache   : Spring test ApplicationContext cache statistics: [DefaultContextCache@5834298c size = 1, maxSize = 32, parentContextCount = 0, hitCount = 97, missCount = 1, failureCount = 0]
2025-08-20T10:32:14.218+05:30 DEBUG 34558 --- [employee_management] [           main] o.s.t.c.transaction.TransactionContext   : Rolled back transaction (1) for test class [com.example.employee_managment.repository.EmployeeRepositoryTest]; test method [testFindByEmailNotFound]
2025-08-20T10:32:14.218+05:30 DEBUG 34558 --- [employee_management] [           main] .c.s.DirtiesContextTestExecutionListener : After test method: class [EmployeeRepositoryTest], method [testFindByEmailNotFound], class annotated with @DirtiesContext [false] with mode [null], method annotated with @DirtiesContext [false] with mode [null]
]]></system-out>
  </testcase>
  <testcase name="testFindById" classname="com.example.employee_managment.repository.EmployeeRepositoryTest" time="0.004">
    <system-out><![CDATA[2025-08-20T10:32:14.219+05:30 DEBUG 34558 --- [employee_management] [           main] DependencyInjectionTestExecutionListener : Performing dependency injection for test class com.example.employee_managment.repository.EmployeeRepositoryTest
2025-08-20T10:32:14.219+05:30 DEBUG 34558 --- [employee_management] [           main] org.springframework.test.context.cache   : Spring test ApplicationContext cache statistics: [DefaultContextCache@5834298c size = 1, maxSize = 32, parentContextCount = 0, hitCount = 98, missCount = 1, failureCount = 0]
2025-08-20T10:32:14.220+05:30 DEBUG 34558 --- [employee_management] [           main] org.springframework.test.context.cache   : Spring test ApplicationContext cache statistics: [DefaultContextCache@5834298c size = 1, maxSize = 32, parentContextCount = 0, hitCount = 99, missCount = 1, failureCount = 0]
2025-08-20T10:32:14.220+05:30 DEBUG 34558 --- [employee_management] [           main] sContextBeforeModesTestExecutionListener : Before test method: class [EmployeeRepositoryTest], method [testFindById], class annotated with @DirtiesContext [false] with mode [null], method annotated with @DirtiesContext [false] with mode [null]
2025-08-20T10:32:14.220+05:30 DEBUG 34558 --- [employee_management] [           main] t.c.t.TransactionalTestExecutionListener : Explicit transaction definition [PROPAGATION_REQUIRED,ISOLATION_DEFAULT] found for test class [com.example.employee_managment.repository.EmployeeRepositoryTest] and test method [testFindById]
2025-08-20T10:32:14.220+05:30 DEBUG 34558 --- [employee_management] [           main] org.springframework.test.context.cache   : Spring test ApplicationContext cache statistics: [DefaultContextCache@5834298c size = 1, maxSize = 32, parentContextCount = 0, hitCount = 100, missCount = 1, failureCount = 0]
2025-08-20T10:32:14.220+05:30 DEBUG 34558 --- [employee_management] [           main] t.c.t.TransactionalTestExecutionListener : No method-level @Rollback override: using default rollback [true] for test method [void com.example.employee_managment.repository.EmployeeRepositoryTest.testFindById()]
2025-08-20T10:32:14.221+05:30 DEBUG 34558 --- [employee_management] [           main] o.s.t.c.transaction.TransactionContext   : Began transaction (1) for test class [com.example.employee_managment.repository.EmployeeRepositoryTest]; test method [testFindById]; transaction manager [org.springframework.orm.jpa.JpaTransactionManager@350e3fb4]; rollback [true]
2025-08-20T10:32:14.221+05:30 DEBUG 34558 --- [employee_management] [           main] org.springframework.test.context.cache   : Spring test ApplicationContext cache statistics: [DefaultContextCache@5834298c size = 1, maxSize = 32, parentContextCount = 0, hitCount = 101, missCount = 1, failureCount = 0]
2025-08-20T10:32:14.221+05:30 DEBUG 34558 --- [employee_management] [           main] org.springframework.test.context.cache   : Spring test ApplicationContext cache statistics: [DefaultContextCache@5834298c size = 1, maxSize = 32, parentContextCount = 0, hitCount = 102, missCount = 1, failureCount = 0]
2025-08-20T10:32:14.221+05:30 DEBUG 34558 --- [employee_management] [           main] org.springframework.test.context.cache   : Spring test ApplicationContext cache statistics: [DefaultContextCache@5834298c size = 1, maxSize = 32, parentContextCount = 0, hitCount = 103, missCount = 1, failureCount = 0]
2025-08-20T10:32:14.221+05:30 DEBUG 34558 --- [employee_management] [           main] org.hibernate.SQL                        : 
    insert 
    into
        employees
        (created_at, date_of_birth, department, email, first_name, hire_date, last_name, phone_number, position, salary, updated_at, id) 
    values
        (?, ?, ?, ?, ?, ?, ?, ?, ?, ?, ?, default)
Hibernate: 
    insert 
    into
        employees
        (created_at, date_of_birth, department, email, first_name, hire_date, last_name, phone_number, position, salary, updated_at, id) 
    values
        (?, ?, ?, ?, ?, ?, ?, ?, ?, ?, ?, default)
2025-08-20T10:32:14.222+05:30 DEBUG 34558 --- [employee_management] [           main] org.hibernate.SQL                        : 
    insert 
    into
        employees
        (created_at, date_of_birth, department, email, first_name, hire_date, last_name, phone_number, position, salary, updated_at, id) 
    values
        (?, ?, ?, ?, ?, ?, ?, ?, ?, ?, ?, default)
Hibernate: 
    insert 
    into
        employees
        (created_at, date_of_birth, department, email, first_name, hire_date, last_name, phone_number, position, salary, updated_at, id) 
    values
        (?, ?, ?, ?, ?, ?, ?, ?, ?, ?, ?, default)
2025-08-20T10:32:14.223+05:30 DEBUG 34558 --- [employee_management] [           main] org.hibernate.SQL                        : 
    insert 
    into
        employees
        (created_at, date_of_birth, department, email, first_name, hire_date, last_name, phone_number, position, salary, updated_at, id) 
    values
        (?, ?, ?, ?, ?, ?, ?, ?, ?, ?, ?, default)
Hibernate: 
    insert 
    into
        employees
        (created_at, date_of_birth, department, email, first_name, hire_date, last_name, phone_number, position, salary, updated_at, id) 
    values
        (?, ?, ?, ?, ?, ?, ?, ?, ?, ?, ?, default)
2025-08-20T10:32:14.223+05:30 DEBUG 34558 --- [employee_management] [           main] org.springframework.test.context.cache   : Spring test ApplicationContext cache statistics: [DefaultContextCache@5834298c size = 1, maxSize = 32, parentContextCount = 0, hitCount = 104, missCount = 1, failureCount = 0]
2025-08-20T10:32:14.224+05:30 DEBUG 34558 --- [employee_management] [           main] org.springframework.test.context.cache   : Spring test ApplicationContext cache statistics: [DefaultContextCache@5834298c size = 1, maxSize = 32, parentContextCount = 0, hitCount = 105, missCount = 1, failureCount = 0]
2025-08-20T10:32:14.224+05:30 DEBUG 34558 --- [employee_management] [           main] org.springframework.test.context.cache   : Spring test ApplicationContext cache statistics: [DefaultContextCache@5834298c size = 1, maxSize = 32, parentContextCount = 0, hitCount = 106, missCount = 1, failureCount = 0]
2025-08-20T10:32:14.224+05:30 DEBUG 34558 --- [employee_management] [           main] org.springframework.test.context.cache   : Spring test ApplicationContext cache statistics: [DefaultContextCache@5834298c size = 1, maxSize = 32, parentContextCount = 0, hitCount = 107, missCount = 1, failureCount = 0]
2025-08-20T10:32:14.224+05:30 DEBUG 34558 --- [employee_management] [           main] org.springframework.test.context.cache   : Spring test ApplicationContext cache statistics: [DefaultContextCache@5834298c size = 1, maxSize = 32, parentContextCount = 0, hitCount = 108, missCount = 1, failureCount = 0]
2025-08-20T10:32:14.224+05:30 DEBUG 34558 --- [employee_management] [           main] org.springframework.test.context.cache   : Spring test ApplicationContext cache statistics: [DefaultContextCache@5834298c size = 1, maxSize = 32, parentContextCount = 0, hitCount = 109, missCount = 1, failureCount = 0]
2025-08-20T10:32:14.224+05:30 DEBUG 34558 --- [employee_management] [           main] org.springframework.test.context.cache   : Spring test ApplicationContext cache statistics: [DefaultContextCache@5834298c size = 1, maxSize = 32, parentContextCount = 0, hitCount = 110, missCount = 1, failureCount = 0]
2025-08-20T10:32:14.224+05:30 DEBUG 34558 --- [employee_management] [           main] org.springframework.test.context.cache   : Spring test ApplicationContext cache statistics: [DefaultContextCache@5834298c size = 1, maxSize = 32, parentContextCount = 0, hitCount = 111, missCount = 1, failureCount = 0]
2025-08-20T10:32:14.224+05:30 DEBUG 34558 --- [employee_management] [           main] o.s.t.c.transaction.TransactionContext   : Rolled back transaction (1) for test class [com.example.employee_managment.repository.EmployeeRepositoryTest]; test method [testFindById]
2025-08-20T10:32:14.224+05:30 DEBUG 34558 --- [employee_management] [           main] .c.s.DirtiesContextTestExecutionListener : After test method: class [EmployeeRepositoryTest], method [testFindById], class annotated with @DirtiesContext [false] with mode [null], method annotated with @DirtiesContext [false] with mode [null]
]]></system-out>
  </testcase>
  <testcase name="testFindByIdNotFound" classname="com.example.employee_managment.repository.EmployeeRepositoryTest" time="0.006">
    <system-out><![CDATA[2025-08-20T10:32:14.225+05:30 DEBUG 34558 --- [employee_management] [           main] DependencyInjectionTestExecutionListener : Performing dependency injection for test class com.example.employee_managment.repository.EmployeeRepositoryTest
2025-08-20T10:32:14.225+05:30 DEBUG 34558 --- [employee_management] [           main] org.springframework.test.context.cache   : Spring test ApplicationContext cache statistics: [DefaultContextCache@5834298c size = 1, maxSize = 32, parentContextCount = 0, hitCount = 112, missCount = 1, failureCount = 0]
2025-08-20T10:32:14.225+05:30 DEBUG 34558 --- [employee_management] [           main] org.springframework.test.context.cache   : Spring test ApplicationContext cache statistics: [DefaultContextCache@5834298c size = 1, maxSize = 32, parentContextCount = 0, hitCount = 113, missCount = 1, failureCount = 0]
2025-08-20T10:32:14.225+05:30 DEBUG 34558 --- [employee_management] [           main] sContextBeforeModesTestExecutionListener : Before test method: class [EmployeeRepositoryTest], method [testFindByIdNotFound], class annotated with @DirtiesContext [false] with mode [null], method annotated with @DirtiesContext [false] with mode [null]
2025-08-20T10:32:14.225+05:30 DEBUG 34558 --- [employee_management] [           main] t.c.t.TransactionalTestExecutionListener : Explicit transaction definition [PROPAGATION_REQUIRED,ISOLATION_DEFAULT] found for test class [com.example.employee_managment.repository.EmployeeRepositoryTest] and test method [testFindByIdNotFound]
2025-08-20T10:32:14.225+05:30 DEBUG 34558 --- [employee_management] [           main] org.springframework.test.context.cache   : Spring test ApplicationContext cache statistics: [DefaultContextCache@5834298c size = 1, maxSize = 32, parentContextCount = 0, hitCount = 114, missCount = 1, failureCount = 0]
2025-08-20T10:32:14.226+05:30 DEBUG 34558 --- [employee_management] [           main] t.c.t.TransactionalTestExecutionListener : No method-level @Rollback override: using default rollback [true] for test method [void com.example.employee_managment.repository.EmployeeRepositoryTest.testFindByIdNotFound()]
2025-08-20T10:32:14.226+05:30 DEBUG 34558 --- [employee_management] [           main] o.s.t.c.transaction.TransactionContext   : Began transaction (1) for test class [com.example.employee_managment.repository.EmployeeRepositoryTest]; test method [testFindByIdNotFound]; transaction manager [org.springframework.orm.jpa.JpaTransactionManager@350e3fb4]; rollback [true]
2025-08-20T10:32:14.226+05:30 DEBUG 34558 --- [employee_management] [           main] org.springframework.test.context.cache   : Spring test ApplicationContext cache statistics: [DefaultContextCache@5834298c size = 1, maxSize = 32, parentContextCount = 0, hitCount = 115, missCount = 1, failureCount = 0]
2025-08-20T10:32:14.226+05:30 DEBUG 34558 --- [employee_management] [           main] org.springframework.test.context.cache   : Spring test ApplicationContext cache statistics: [DefaultContextCache@5834298c size = 1, maxSize = 32, parentContextCount = 0, hitCount = 116, missCount = 1, failureCount = 0]
2025-08-20T10:32:14.226+05:30 DEBUG 34558 --- [employee_management] [           main] org.springframework.test.context.cache   : Spring test ApplicationContext cache statistics: [DefaultContextCache@5834298c size = 1, maxSize = 32, parentContextCount = 0, hitCount = 117, missCount = 1, failureCount = 0]
2025-08-20T10:32:14.227+05:30 DEBUG 34558 --- [employee_management] [           main] org.hibernate.SQL                        : 
    insert 
    into
        employees
        (created_at, date_of_birth, department, email, first_name, hire_date, last_name, phone_number, position, salary, updated_at, id) 
    values
        (?, ?, ?, ?, ?, ?, ?, ?, ?, ?, ?, default)
Hibernate: 
    insert 
    into
        employees
        (created_at, date_of_birth, department, email, first_name, hire_date, last_name, phone_number, position, salary, updated_at, id) 
    values
        (?, ?, ?, ?, ?, ?, ?, ?, ?, ?, ?, default)
2025-08-20T10:32:14.227+05:30 DEBUG 34558 --- [employee_management] [           main] org.hibernate.SQL                        : 
    insert 
    into
        employees
        (created_at, date_of_birth, department, email, first_name, hire_date, last_name, phone_number, position, salary, updated_at, id) 
    values
        (?, ?, ?, ?, ?, ?, ?, ?, ?, ?, ?, default)
Hibernate: 
    insert 
    into
        employees
        (created_at, date_of_birth, department, email, first_name, hire_date, last_name, phone_number, position, salary, updated_at, id) 
    values
        (?, ?, ?, ?, ?, ?, ?, ?, ?, ?, ?, default)
2025-08-20T10:32:14.228+05:30 DEBUG 34558 --- [employee_management] [           main] org.hibernate.SQL                        : 
    insert 
    into
        employees
        (created_at, date_of_birth, department, email, first_name, hire_date, last_name, phone_number, position, salary, updated_at, id) 
    values
        (?, ?, ?, ?, ?, ?, ?, ?, ?, ?, ?, default)
Hibernate: 
    insert 
    into
        employees
        (created_at, date_of_birth, department, email, first_name, hire_date, last_name, phone_number, position, salary, updated_at, id) 
    values
        (?, ?, ?, ?, ?, ?, ?, ?, ?, ?, ?, default)
2025-08-20T10:32:14.228+05:30 DEBUG 34558 --- [employee_management] [           main] org.springframework.test.context.cache   : Spring test ApplicationContext cache statistics: [DefaultContextCache@5834298c size = 1, maxSize = 32, parentContextCount = 0, hitCount = 118, missCount = 1, failureCount = 0]
2025-08-20T10:32:14.229+05:30 DEBUG 34558 --- [employee_management] [           main] org.hibernate.SQL                        : 
    select
        e1_0.id,
        e1_0.created_at,
        e1_0.date_of_birth,
        e1_0.department,
        e1_0.email,
        e1_0.first_name,
        e1_0.hire_date,
        e1_0.last_name,
        e1_0.phone_number,
        e1_0.position,
        e1_0.salary,
        e1_0.updated_at 
    from
        employees e1_0 
    where
        e1_0.id=?
Hibernate: 
    select
        e1_0.id,
        e1_0.created_at,
        e1_0.date_of_birth,
        e1_0.department,
        e1_0.email,
        e1_0.first_name,
        e1_0.hire_date,
        e1_0.last_name,
        e1_0.phone_number,
        e1_0.position,
        e1_0.salary,
        e1_0.updated_at 
    from
        employees e1_0 
    where
        e1_0.id=?
2025-08-20T10:32:14.229+05:30 DEBUG 34558 --- [employee_management] [           main] org.springframework.test.context.cache   : Spring test ApplicationContext cache statistics: [DefaultContextCache@5834298c size = 1, maxSize = 32, parentContextCount = 0, hitCount = 119, missCount = 1, failureCount = 0]
2025-08-20T10:32:14.230+05:30 DEBUG 34558 --- [employee_management] [           main] org.springframework.test.context.cache   : Spring test ApplicationContext cache statistics: [DefaultContextCache@5834298c size = 1, maxSize = 32, parentContextCount = 0, hitCount = 120, missCount = 1, failureCount = 0]
2025-08-20T10:32:14.230+05:30 DEBUG 34558 --- [employee_management] [           main] org.springframework.test.context.cache   : Spring test ApplicationContext cache statistics: [DefaultContextCache@5834298c size = 1, maxSize = 32, parentContextCount = 0, hitCount = 121, missCount = 1, failureCount = 0]
2025-08-20T10:32:14.230+05:30 DEBUG 34558 --- [employee_management] [           main] org.springframework.test.context.cache   : Spring test ApplicationContext cache statistics: [DefaultContextCache@5834298c size = 1, maxSize = 32, parentContextCount = 0, hitCount = 122, missCount = 1, failureCount = 0]
2025-08-20T10:32:14.230+05:30 DEBUG 34558 --- [employee_management] [           main] org.springframework.test.context.cache   : Spring test ApplicationContext cache statistics: [DefaultContextCache@5834298c size = 1, maxSize = 32, parentContextCount = 0, hitCount = 123, missCount = 1, failureCount = 0]
2025-08-20T10:32:14.230+05:30 DEBUG 34558 --- [employee_management] [           main] org.springframework.test.context.cache   : Spring test ApplicationContext cache statistics: [DefaultContextCache@5834298c size = 1, maxSize = 32, parentContextCount = 0, hitCount = 124, missCount = 1, failureCount = 0]
2025-08-20T10:32:14.230+05:30 DEBUG 34558 --- [employee_management] [           main] org.springframework.test.context.cache   : Spring test ApplicationContext cache statistics: [DefaultContextCache@5834298c size = 1, maxSize = 32, parentContextCount = 0, hitCount = 125, missCount = 1, failureCount = 0]
2025-08-20T10:32:14.230+05:30 DEBUG 34558 --- [employee_management] [           main] o.s.t.c.transaction.TransactionContext   : Rolled back transaction (1) for test class [com.example.employee_managment.repository.EmployeeRepositoryTest]; test method [testFindByIdNotFound]
2025-08-20T10:32:14.230+05:30 DEBUG 34558 --- [employee_management] [           main] .c.s.DirtiesContextTestExecutionListener : After test method: class [EmployeeRepositoryTest], method [testFindByIdNotFound], class annotated with @DirtiesContext [false] with mode [null], method annotated with @DirtiesContext [false] with mode [null]
]]></system-out>
  </testcase>
  <testcase name="testFindByEmail" classname="com.example.employee_managment.repository.EmployeeRepositoryTest" time="0.006">
    <system-out><![CDATA[2025-08-20T10:32:14.231+05:30 DEBUG 34558 --- [employee_management] [           main] DependencyInjectionTestExecutionListener : Performing dependency injection for test class com.example.employee_managment.repository.EmployeeRepositoryTest
2025-08-20T10:32:14.231+05:30 DEBUG 34558 --- [employee_management] [           main] org.springframework.test.context.cache   : Spring test ApplicationContext cache statistics: [DefaultContextCache@5834298c size = 1, maxSize = 32, parentContextCount = 0, hitCount = 126, missCount = 1, failureCount = 0]
2025-08-20T10:32:14.231+05:30 DEBUG 34558 --- [employee_management] [           main] org.springframework.test.context.cache   : Spring test ApplicationContext cache statistics: [DefaultContextCache@5834298c size = 1, maxSize = 32, parentContextCount = 0, hitCount = 127, missCount = 1, failureCount = 0]
2025-08-20T10:32:14.231+05:30 DEBUG 34558 --- [employee_management] [           main] sContextBeforeModesTestExecutionListener : Before test method: class [EmployeeRepositoryTest], method [testFindByEmail], class annotated with @DirtiesContext [false] with mode [null], method annotated with @DirtiesContext [false] with mode [null]
2025-08-20T10:32:14.232+05:30 DEBUG 34558 --- [employee_management] [           main] t.c.t.TransactionalTestExecutionListener : Explicit transaction definition [PROPAGATION_REQUIRED,ISOLATION_DEFAULT] found for test class [com.example.employee_managment.repository.EmployeeRepositoryTest] and test method [testFindByEmail]
2025-08-20T10:32:14.232+05:30 DEBUG 34558 --- [employee_management] [           main] org.springframework.test.context.cache   : Spring test ApplicationContext cache statistics: [DefaultContextCache@5834298c size = 1, maxSize = 32, parentContextCount = 0, hitCount = 128, missCount = 1, failureCount = 0]
2025-08-20T10:32:14.232+05:30 DEBUG 34558 --- [employee_management] [           main] t.c.t.TransactionalTestExecutionListener : No method-level @Rollback override: using default rollback [true] for test method [void com.example.employee_managment.repository.EmployeeRepositoryTest.testFindByEmail()]
2025-08-20T10:32:14.232+05:30 DEBUG 34558 --- [employee_management] [           main] o.s.t.c.transaction.TransactionContext   : Began transaction (1) for test class [com.example.employee_managment.repository.EmployeeRepositoryTest]; test method [testFindByEmail]; transaction manager [org.springframework.orm.jpa.JpaTransactionManager@350e3fb4]; rollback [true]
2025-08-20T10:32:14.232+05:30 DEBUG 34558 --- [employee_management] [           main] org.springframework.test.context.cache   : Spring test ApplicationContext cache statistics: [DefaultContextCache@5834298c size = 1, maxSize = 32, parentContextCount = 0, hitCount = 129, missCount = 1, failureCount = 0]
2025-08-20T10:32:14.232+05:30 DEBUG 34558 --- [employee_management] [           main] org.springframework.test.context.cache   : Spring test ApplicationContext cache statistics: [DefaultContextCache@5834298c size = 1, maxSize = 32, parentContextCount = 0, hitCount = 130, missCount = 1, failureCount = 0]
2025-08-20T10:32:14.232+05:30 DEBUG 34558 --- [employee_management] [           main] org.springframework.test.context.cache   : Spring test ApplicationContext cache statistics: [DefaultContextCache@5834298c size = 1, maxSize = 32, parentContextCount = 0, hitCount = 131, missCount = 1, failureCount = 0]
2025-08-20T10:32:14.233+05:30 DEBUG 34558 --- [employee_management] [           main] org.hibernate.SQL                        : 
    insert 
    into
        employees
        (created_at, date_of_birth, department, email, first_name, hire_date, last_name, phone_number, position, salary, updated_at, id) 
    values
        (?, ?, ?, ?, ?, ?, ?, ?, ?, ?, ?, default)
Hibernate: 
    insert 
    into
        employees
        (created_at, date_of_birth, department, email, first_name, hire_date, last_name, phone_number, position, salary, updated_at, id) 
    values
        (?, ?, ?, ?, ?, ?, ?, ?, ?, ?, ?, default)
2025-08-20T10:32:14.234+05:30 DEBUG 34558 --- [employee_management] [           main] org.hibernate.SQL                        : 
    insert 
    into
        employees
        (created_at, date_of_birth, department, email, first_name, hire_date, last_name, phone_number, position, salary, updated_at, id) 
    values
        (?, ?, ?, ?, ?, ?, ?, ?, ?, ?, ?, default)
Hibernate: 
    insert 
    into
        employees
        (created_at, date_of_birth, department, email, first_name, hire_date, last_name, phone_number, position, salary, updated_at, id) 
    values
        (?, ?, ?, ?, ?, ?, ?, ?, ?, ?, ?, default)
2025-08-20T10:32:14.234+05:30 DEBUG 34558 --- [employee_management] [           main] org.hibernate.SQL                        : 
    insert 
    into
        employees
        (created_at, date_of_birth, department, email, first_name, hire_date, last_name, phone_number, position, salary, updated_at, id) 
    values
        (?, ?, ?, ?, ?, ?, ?, ?, ?, ?, ?, default)
Hibernate: 
    insert 
    into
        employees
        (created_at, date_of_birth, department, email, first_name, hire_date, last_name, phone_number, position, salary, updated_at, id) 
    values
        (?, ?, ?, ?, ?, ?, ?, ?, ?, ?, ?, default)
2025-08-20T10:32:14.234+05:30 DEBUG 34558 --- [employee_management] [           main] org.springframework.test.context.cache   : Spring test ApplicationContext cache statistics: [DefaultContextCache@5834298c size = 1, maxSize = 32, parentContextCount = 0, hitCount = 132, missCount = 1, failureCount = 0]
2025-08-20T10:32:14.235+05:30 DEBUG 34558 --- [employee_management] [           main] org.hibernate.SQL                        : 
    select
        e1_0.id,
        e1_0.created_at,
        e1_0.date_of_birth,
        e1_0.department,
        e1_0.email,
        e1_0.first_name,
        e1_0.hire_date,
        e1_0.last_name,
        e1_0.phone_number,
        e1_0.position,
        e1_0.salary,
        e1_0.updated_at 
    from
        employees e1_0 
    where
        e1_0.email=?
Hibernate: 
    select
        e1_0.id,
        e1_0.created_at,
        e1_0.date_of_birth,
        e1_0.department,
        e1_0.email,
        e1_0.first_name,
        e1_0.hire_date,
        e1_0.last_name,
        e1_0.phone_number,
        e1_0.position,
        e1_0.salary,
        e1_0.updated_at 
    from
        employees e1_0 
    where
        e1_0.email=?
2025-08-20T10:32:14.236+05:30 DEBUG 34558 --- [employee_management] [           main] org.springframework.test.context.cache   : Spring test ApplicationContext cache statistics: [DefaultContextCache@5834298c size = 1, maxSize = 32, parentContextCount = 0, hitCount = 133, missCount = 1, failureCount = 0]
2025-08-20T10:32:14.236+05:30 DEBUG 34558 --- [employee_management] [           main] org.springframework.test.context.cache   : Spring test ApplicationContext cache statistics: [DefaultContextCache@5834298c size = 1, maxSize = 32, parentContextCount = 0, hitCount = 134, missCount = 1, failureCount = 0]
2025-08-20T10:32:14.236+05:30 DEBUG 34558 --- [employee_management] [           main] org.springframework.test.context.cache   : Spring test ApplicationContext cache statistics: [DefaultContextCache@5834298c size = 1, maxSize = 32, parentContextCount = 0, hitCount = 135, missCount = 1, failureCount = 0]
2025-08-20T10:32:14.236+05:30 DEBUG 34558 --- [employee_management] [           main] org.springframework.test.context.cache   : Spring test ApplicationContext cache statistics: [DefaultContextCache@5834298c size = 1, maxSize = 32, parentContextCount = 0, hitCount = 136, missCount = 1, failureCount = 0]
2025-08-20T10:32:14.236+05:30 DEBUG 34558 --- [employee_management] [           main] org.springframework.test.context.cache   : Spring test ApplicationContext cache statistics: [DefaultContextCache@5834298c size = 1, maxSize = 32, parentContextCount = 0, hitCount = 137, missCount = 1, failureCount = 0]
2025-08-20T10:32:14.236+05:30 DEBUG 34558 --- [employee_management] [           main] org.springframework.test.context.cache   : Spring test ApplicationContext cache statistics: [DefaultContextCache@5834298c size = 1, maxSize = 32, parentContextCount = 0, hitCount = 138, missCount = 1, failureCount = 0]
2025-08-20T10:32:14.236+05:30 DEBUG 34558 --- [employee_management] [           main] org.springframework.test.context.cache   : Spring test ApplicationContext cache statistics: [DefaultContextCache@5834298c size = 1, maxSize = 32, parentContextCount = 0, hitCount = 139, missCount = 1, failureCount = 0]
2025-08-20T10:32:14.236+05:30 DEBUG 34558 --- [employee_management] [           main] o.s.t.c.transaction.TransactionContext   : Rolled back transaction (1) for test class [com.example.employee_managment.repository.EmployeeRepositoryTest]; test method [testFindByEmail]
2025-08-20T10:32:14.237+05:30 DEBUG 34558 --- [employee_management] [           main] .c.s.DirtiesContextTestExecutionListener : After test method: class [EmployeeRepositoryTest], method [testFindByEmail], class annotated with @DirtiesContext [false] with mode [null], method annotated with @DirtiesContext [false] with mode [null]
]]></system-out>
  </testcase>
  <testcase name="testUpdateEmployee" classname="com.example.employee_managment.repository.EmployeeRepositoryTest" time="0.01">
    <system-out><![CDATA[2025-08-20T10:32:14.237+05:30 DEBUG 34558 --- [employee_management] [           main] DependencyInjectionTestExecutionListener : Performing dependency injection for test class com.example.employee_managment.repository.EmployeeRepositoryTest
2025-08-20T10:32:14.237+05:30 DEBUG 34558 --- [employee_management] [           main] org.springframework.test.context.cache   : Spring test ApplicationContext cache statistics: [DefaultContextCache@5834298c size = 1, maxSize = 32, parentContextCount = 0, hitCount = 140, missCount = 1, failureCount = 0]
2025-08-20T10:32:14.237+05:30 DEBUG 34558 --- [employee_management] [           main] org.springframework.test.context.cache   : Spring test ApplicationContext cache statistics: [DefaultContextCache@5834298c size = 1, maxSize = 32, parentContextCount = 0, hitCount = 141, missCount = 1, failureCount = 0]
2025-08-20T10:32:14.238+05:30 DEBUG 34558 --- [employee_management] [           main] sContextBeforeModesTestExecutionListener : Before test method: class [EmployeeRepositoryTest], method [testUpdateEmployee], class annotated with @DirtiesContext [false] with mode [null], method annotated with @DirtiesContext [false] with mode [null]
2025-08-20T10:32:14.238+05:30 DEBUG 34558 --- [employee_management] [           main] t.c.t.TransactionalTestExecutionListener : Explicit transaction definition [PROPAGATION_REQUIRED,ISOLATION_DEFAULT] found for test class [com.example.employee_managment.repository.EmployeeRepositoryTest] and test method [testUpdateEmployee]
2025-08-20T10:32:14.238+05:30 DEBUG 34558 --- [employee_management] [           main] org.springframework.test.context.cache   : Spring test ApplicationContext cache statistics: [DefaultContextCache@5834298c size = 1, maxSize = 32, parentContextCount = 0, hitCount = 142, missCount = 1, failureCount = 0]
2025-08-20T10:32:14.238+05:30 DEBUG 34558 --- [employee_management] [           main] t.c.t.TransactionalTestExecutionListener : No method-level @Rollback override: using default rollback [true] for test method [void com.example.employee_managment.repository.EmployeeRepositoryTest.testUpdateEmployee()]
2025-08-20T10:32:14.238+05:30 DEBUG 34558 --- [employee_management] [           main] o.s.t.c.transaction.TransactionContext   : Began transaction (1) for test class [com.example.employee_managment.repository.EmployeeRepositoryTest]; test method [testUpdateEmployee]; transaction manager [org.springframework.orm.jpa.JpaTransactionManager@350e3fb4]; rollback [true]
2025-08-20T10:32:14.238+05:30 DEBUG 34558 --- [employee_management] [           main] org.springframework.test.context.cache   : Spring test ApplicationContext cache statistics: [DefaultContextCache@5834298c size = 1, maxSize = 32, parentContextCount = 0, hitCount = 143, missCount = 1, failureCount = 0]
2025-08-20T10:32:14.238+05:30 DEBUG 34558 --- [employee_management] [           main] org.springframework.test.context.cache   : Spring test ApplicationContext cache statistics: [DefaultContextCache@5834298c size = 1, maxSize = 32, parentContextCount = 0, hitCount = 144, missCount = 1, failureCount = 0]
2025-08-20T10:32:14.242+05:30 DEBUG 34558 --- [employee_management] [           main] org.springframework.test.context.cache   : Spring test ApplicationContext cache statistics: [DefaultContextCache@5834298c size = 1, maxSize = 32, parentContextCount = 0, hitCount = 145, missCount = 1, failureCount = 0]
2025-08-20T10:32:14.243+05:30 DEBUG 34558 --- [employee_management] [           main] org.hibernate.SQL                        : 
    insert 
    into
        employees
        (created_at, date_of_birth, department, email, first_name, hire_date, last_name, phone_number, position, salary, updated_at, id) 
    values
        (?, ?, ?, ?, ?, ?, ?, ?, ?, ?, ?, default)
Hibernate: 
    insert 
    into
        employees
        (created_at, date_of_birth, department, email, first_name, hire_date, last_name, phone_number, position, salary, updated_at, id) 
    values
        (?, ?, ?, ?, ?, ?, ?, ?, ?, ?, ?, default)
2025-08-20T10:32:14.244+05:30 DEBUG 34558 --- [employee_management] [           main] org.hibernate.SQL                        : 
    insert 
    into
        employees
        (created_at, date_of_birth, department, email, first_name, hire_date, last_name, phone_number, position, salary, updated_at, id) 
    values
        (?, ?, ?, ?, ?, ?, ?, ?, ?, ?, ?, default)
Hibernate: 
    insert 
    into
        employees
        (created_at, date_of_birth, department, email, first_name, hire_date, last_name, phone_number, position, salary, updated_at, id) 
    values
        (?, ?, ?, ?, ?, ?, ?, ?, ?, ?, ?, default)
2025-08-20T10:32:14.245+05:30 DEBUG 34558 --- [employee_management] [           main] org.hibernate.SQL                        : 
    insert 
    into
        employees
        (created_at, date_of_birth, department, email, first_name, hire_date, last_name, phone_number, position, salary, updated_at, id) 
    values
        (?, ?, ?, ?, ?, ?, ?, ?, ?, ?, ?, default)
Hibernate: 
    insert 
    into
        employees
        (created_at, date_of_birth, department, email, first_name, hire_date, last_name, phone_number, position, salary, updated_at, id) 
    values
        (?, ?, ?, ?, ?, ?, ?, ?, ?, ?, ?, default)
2025-08-20T10:32:14.245+05:30 DEBUG 34558 --- [employee_management] [           main] org.springframework.test.context.cache   : Spring test ApplicationContext cache statistics: [DefaultContextCache@5834298c size = 1, maxSize = 32, parentContextCount = 0, hitCount = 146, missCount = 1, failureCount = 0]
2025-08-20T10:32:14.246+05:30 DEBUG 34558 --- [employee_management] [           main] org.springframework.test.context.cache   : Spring test ApplicationContext cache statistics: [DefaultContextCache@5834298c size = 1, maxSize = 32, parentContextCount = 0, hitCount = 147, missCount = 1, failureCount = 0]
2025-08-20T10:32:14.246+05:30 DEBUG 34558 --- [employee_management] [           main] org.springframework.test.context.cache   : Spring test ApplicationContext cache statistics: [DefaultContextCache@5834298c size = 1, maxSize = 32, parentContextCount = 0, hitCount = 148, missCount = 1, failureCount = 0]
2025-08-20T10:32:14.247+05:30 DEBUG 34558 --- [employee_management] [           main] org.springframework.test.context.cache   : Spring test ApplicationContext cache statistics: [DefaultContextCache@5834298c size = 1, maxSize = 32, parentContextCount = 0, hitCount = 149, missCount = 1, failureCount = 0]
2025-08-20T10:32:14.247+05:30 DEBUG 34558 --- [employee_management] [           main] org.springframework.test.context.cache   : Spring test ApplicationContext cache statistics: [DefaultContextCache@5834298c size = 1, maxSize = 32, parentContextCount = 0, hitCount = 150, missCount = 1, failureCount = 0]
2025-08-20T10:32:14.247+05:30 DEBUG 34558 --- [employee_management] [           main] org.springframework.test.context.cache   : Spring test ApplicationContext cache statistics: [DefaultContextCache@5834298c size = 1, maxSize = 32, parentContextCount = 0, hitCount = 151, missCount = 1, failureCount = 0]
2025-08-20T10:32:14.247+05:30 DEBUG 34558 --- [employee_management] [           main] org.springframework.test.context.cache   : Spring test ApplicationContext cache statistics: [DefaultContextCache@5834298c size = 1, maxSize = 32, parentContextCount = 0, hitCount = 152, missCount = 1, failureCount = 0]
2025-08-20T10:32:14.247+05:30 DEBUG 34558 --- [employee_management] [           main] org.springframework.test.context.cache   : Spring test ApplicationContext cache statistics: [DefaultContextCache@5834298c size = 1, maxSize = 32, parentContextCount = 0, hitCount = 153, missCount = 1, failureCount = 0]
2025-08-20T10:32:14.247+05:30 DEBUG 34558 --- [employee_management] [           main] o.s.t.c.transaction.TransactionContext   : Rolled back transaction (1) for test class [com.example.employee_managment.repository.EmployeeRepositoryTest]; test method [testUpdateEmployee]
2025-08-20T10:32:14.247+05:30 DEBUG 34558 --- [employee_management] [           main] .c.s.DirtiesContextTestExecutionListener : After test method: class [EmployeeRepositoryTest], method [testUpdateEmployee], class annotated with @DirtiesContext [false] with mode [null], method annotated with @DirtiesContext [false] with mode [null]
]]></system-out>
  </testcase>
  <testcase name="testFindByPosition" classname="com.example.employee_managment.repository.EmployeeRepositoryTest" time="0.006">
    <system-out><![CDATA[2025-08-20T10:32:14.248+05:30 DEBUG 34558 --- [employee_management] [           main] DependencyInjectionTestExecutionListener : Performing dependency injection for test class com.example.employee_managment.repository.EmployeeRepositoryTest
2025-08-20T10:32:14.248+05:30 DEBUG 34558 --- [employee_management] [           main] org.springframework.test.context.cache   : Spring test ApplicationContext cache statistics: [DefaultContextCache@5834298c size = 1, maxSize = 32, parentContextCount = 0, hitCount = 154, missCount = 1, failureCount = 0]
2025-08-20T10:32:14.248+05:30 DEBUG 34558 --- [employee_management] [           main] org.springframework.test.context.cache   : Spring test ApplicationContext cache statistics: [DefaultContextCache@5834298c size = 1, maxSize = 32, parentContextCount = 0, hitCount = 155, missCount = 1, failureCount = 0]
2025-08-20T10:32:14.248+05:30 DEBUG 34558 --- [employee_management] [           main] sContextBeforeModesTestExecutionListener : Before test method: class [EmployeeRepositoryTest], method [testFindByPosition], class annotated with @DirtiesContext [false] with mode [null], method annotated with @DirtiesContext [false] with mode [null]
2025-08-20T10:32:14.248+05:30 DEBUG 34558 --- [employee_management] [           main] t.c.t.TransactionalTestExecutionListener : Explicit transaction definition [PROPAGATION_REQUIRED,ISOLATION_DEFAULT] found for test class [com.example.employee_managment.repository.EmployeeRepositoryTest] and test method [testFindByPosition]
2025-08-20T10:32:14.248+05:30 DEBUG 34558 --- [employee_management] [           main] org.springframework.test.context.cache   : Spring test ApplicationContext cache statistics: [DefaultContextCache@5834298c size = 1, maxSize = 32, parentContextCount = 0, hitCount = 156, missCount = 1, failureCount = 0]
2025-08-20T10:32:14.248+05:30 DEBUG 34558 --- [employee_management] [           main] t.c.t.TransactionalTestExecutionListener : No method-level @Rollback override: using default rollback [true] for test method [void com.example.employee_managment.repository.EmployeeRepositoryTest.testFindByPosition()]
2025-08-20T10:32:14.249+05:30 DEBUG 34558 --- [employee_management] [           main] o.s.t.c.transaction.TransactionContext   : Began transaction (1) for test class [com.example.employee_managment.repository.EmployeeRepositoryTest]; test method [testFindByPosition]; transaction manager [org.springframework.orm.jpa.JpaTransactionManager@350e3fb4]; rollback [true]
2025-08-20T10:32:14.249+05:30 DEBUG 34558 --- [employee_management] [           main] org.springframework.test.context.cache   : Spring test ApplicationContext cache statistics: [DefaultContextCache@5834298c size = 1, maxSize = 32, parentContextCount = 0, hitCount = 157, missCount = 1, failureCount = 0]
2025-08-20T10:32:14.249+05:30 DEBUG 34558 --- [employee_management] [           main] org.springframework.test.context.cache   : Spring test ApplicationContext cache statistics: [DefaultContextCache@5834298c size = 1, maxSize = 32, parentContextCount = 0, hitCount = 158, missCount = 1, failureCount = 0]
2025-08-20T10:32:14.249+05:30 DEBUG 34558 --- [employee_management] [           main] org.springframework.test.context.cache   : Spring test ApplicationContext cache statistics: [DefaultContextCache@5834298c size = 1, maxSize = 32, parentContextCount = 0, hitCount = 159, missCount = 1, failureCount = 0]
2025-08-20T10:32:14.249+05:30 DEBUG 34558 --- [employee_management] [           main] org.hibernate.SQL                        : 
    insert 
    into
        employees
        (created_at, date_of_birth, department, email, first_name, hire_date, last_name, phone_number, position, salary, updated_at, id) 
    values
        (?, ?, ?, ?, ?, ?, ?, ?, ?, ?, ?, default)
Hibernate: 
    insert 
    into
        employees
        (created_at, date_of_birth, department, email, first_name, hire_date, last_name, phone_number, position, salary, updated_at, id) 
    values
        (?, ?, ?, ?, ?, ?, ?, ?, ?, ?, ?, default)
2025-08-20T10:32:14.250+05:30 DEBUG 34558 --- [employee_management] [           main] org.hibernate.SQL                        : 
    insert 
    into
        employees
        (created_at, date_of_birth, department, email, first_name, hire_date, last_name, phone_number, position, salary, updated_at, id) 
    values
        (?, ?, ?, ?, ?, ?, ?, ?, ?, ?, ?, default)
Hibernate: 
    insert 
    into
        employees
        (created_at, date_of_birth, department, email, first_name, hire_date, last_name, phone_number, position, salary, updated_at, id) 
    values
        (?, ?, ?, ?, ?, ?, ?, ?, ?, ?, ?, default)
2025-08-20T10:32:14.251+05:30 DEBUG 34558 --- [employee_management] [           main] org.hibernate.SQL                        : 
    insert 
    into
        employees
        (created_at, date_of_birth, department, email, first_name, hire_date, last_name, phone_number, position, salary, updated_at, id) 
    values
        (?, ?, ?, ?, ?, ?, ?, ?, ?, ?, ?, default)
Hibernate: 
    insert 
    into
        employees
        (created_at, date_of_birth, department, email, first_name, hire_date, last_name, phone_number, position, salary, updated_at, id) 
    values
        (?, ?, ?, ?, ?, ?, ?, ?, ?, ?, ?, default)
2025-08-20T10:32:14.251+05:30 DEBUG 34558 --- [employee_management] [           main] org.springframework.test.context.cache   : Spring test ApplicationContext cache statistics: [DefaultContextCache@5834298c size = 1, maxSize = 32, parentContextCount = 0, hitCount = 160, missCount = 1, failureCount = 0]
2025-08-20T10:32:14.252+05:30 DEBUG 34558 --- [employee_management] [           main] org.hibernate.SQL                        : 
    select
        e1_0.id,
        e1_0.created_at,
        e1_0.date_of_birth,
        e1_0.department,
        e1_0.email,
        e1_0.first_name,
        e1_0.hire_date,
        e1_0.last_name,
        e1_0.phone_number,
        e1_0.position,
        e1_0.salary,
        e1_0.updated_at 
    from
        employees e1_0 
    where
        e1_0.position=?
Hibernate: 
    select
        e1_0.id,
        e1_0.created_at,
        e1_0.date_of_birth,
        e1_0.department,
        e1_0.email,
        e1_0.first_name,
        e1_0.hire_date,
        e1_0.last_name,
        e1_0.phone_number,
        e1_0.position,
        e1_0.salary,
        e1_0.updated_at 
    from
        employees e1_0 
    where
        e1_0.position=?
2025-08-20T10:32:14.253+05:30 DEBUG 34558 --- [employee_management] [           main] org.springframework.test.context.cache   : Spring test ApplicationContext cache statistics: [DefaultContextCache@5834298c size = 1, maxSize = 32, parentContextCount = 0, hitCount = 161, missCount = 1, failureCount = 0]
2025-08-20T10:32:14.253+05:30 DEBUG 34558 --- [employee_management] [           main] org.springframework.test.context.cache   : Spring test ApplicationContext cache statistics: [DefaultContextCache@5834298c size = 1, maxSize = 32, parentContextCount = 0, hitCount = 162, missCount = 1, failureCount = 0]
2025-08-20T10:32:14.253+05:30 DEBUG 34558 --- [employee_management] [           main] org.springframework.test.context.cache   : Spring test ApplicationContext cache statistics: [DefaultContextCache@5834298c size = 1, maxSize = 32, parentContextCount = 0, hitCount = 163, missCount = 1, failureCount = 0]
2025-08-20T10:32:14.253+05:30 DEBUG 34558 --- [employee_management] [           main] org.springframework.test.context.cache   : Spring test ApplicationContext cache statistics: [DefaultContextCache@5834298c size = 1, maxSize = 32, parentContextCount = 0, hitCount = 164, missCount = 1, failureCount = 0]
2025-08-20T10:32:14.253+05:30 DEBUG 34558 --- [employee_management] [           main] org.springframework.test.context.cache   : Spring test ApplicationContext cache statistics: [DefaultContextCache@5834298c size = 1, maxSize = 32, parentContextCount = 0, hitCount = 165, missCount = 1, failureCount = 0]
2025-08-20T10:32:14.253+05:30 DEBUG 34558 --- [employee_management] [           main] org.springframework.test.context.cache   : Spring test ApplicationContext cache statistics: [DefaultContextCache@5834298c size = 1, maxSize = 32, parentContextCount = 0, hitCount = 166, missCount = 1, failureCount = 0]
2025-08-20T10:32:14.254+05:30 DEBUG 34558 --- [employee_management] [           main] org.springframework.test.context.cache   : Spring test ApplicationContext cache statistics: [DefaultContextCache@5834298c size = 1, maxSize = 32, parentContextCount = 0, hitCount = 167, missCount = 1, failureCount = 0]
2025-08-20T10:32:14.254+05:30 DEBUG 34558 --- [employee_management] [           main] o.s.t.c.transaction.TransactionContext   : Rolled back transaction (1) for test class [com.example.employee_managment.repository.EmployeeRepositoryTest]; test method [testFindByPosition]
2025-08-20T10:32:14.254+05:30 DEBUG 34558 --- [employee_management] [           main] .c.s.DirtiesContextTestExecutionListener : After test method: class [EmployeeRepositoryTest], method [testFindByPosition], class annotated with @DirtiesContext [false] with mode [null], method annotated with @DirtiesContext [false] with mode [null]
]]></system-out>
  </testcase>
  <testcase name="testExistsByEmail" classname="com.example.employee_managment.repository.EmployeeRepositoryTest" time="0.006">
    <system-out><![CDATA[2025-08-20T10:32:14.254+05:30 DEBUG 34558 --- [employee_management] [           main] DependencyInjectionTestExecutionListener : Performing dependency injection for test class com.example.employee_managment.repository.EmployeeRepositoryTest
2025-08-20T10:32:14.255+05:30 DEBUG 34558 --- [employee_management] [           main] org.springframework.test.context.cache   : Spring test ApplicationContext cache statistics: [DefaultContextCache@5834298c size = 1, maxSize = 32, parentContextCount = 0, hitCount = 168, missCount = 1, failureCount = 0]
2025-08-20T10:32:14.255+05:30 DEBUG 34558 --- [employee_management] [           main] org.springframework.test.context.cache   : Spring test ApplicationContext cache statistics: [DefaultContextCache@5834298c size = 1, maxSize = 32, parentContextCount = 0, hitCount = 169, missCount = 1, failureCount = 0]
2025-08-20T10:32:14.255+05:30 DEBUG 34558 --- [employee_management] [           main] sContextBeforeModesTestExecutionListener : Before test method: class [EmployeeRepositoryTest], method [testExistsByEmail], class annotated with @DirtiesContext [false] with mode [null], method annotated with @DirtiesContext [false] with mode [null]
2025-08-20T10:32:14.255+05:30 DEBUG 34558 --- [employee_management] [           main] t.c.t.TransactionalTestExecutionListener : Explicit transaction definition [PROPAGATION_REQUIRED,ISOLATION_DEFAULT] found for test class [com.example.employee_managment.repository.EmployeeRepositoryTest] and test method [testExistsByEmail]
2025-08-20T10:32:14.255+05:30 DEBUG 34558 --- [employee_management] [           main] org.springframework.test.context.cache   : Spring test ApplicationContext cache statistics: [DefaultContextCache@5834298c size = 1, maxSize = 32, parentContextCount = 0, hitCount = 170, missCount = 1, failureCount = 0]
2025-08-20T10:32:14.255+05:30 DEBUG 34558 --- [employee_management] [           main] t.c.t.TransactionalTestExecutionListener : No method-level @Rollback override: using default rollback [true] for test method [void com.example.employee_managment.repository.EmployeeRepositoryTest.testExistsByEmail()]
2025-08-20T10:32:14.255+05:30 DEBUG 34558 --- [employee_management] [           main] o.s.t.c.transaction.TransactionContext   : Began transaction (1) for test class [com.example.employee_managment.repository.EmployeeRepositoryTest]; test method [testExistsByEmail]; transaction manager [org.springframework.orm.jpa.JpaTransactionManager@350e3fb4]; rollback [true]
2025-08-20T10:32:14.256+05:30 DEBUG 34558 --- [employee_management] [           main] org.springframework.test.context.cache   : Spring test ApplicationContext cache statistics: [DefaultContextCache@5834298c size = 1, maxSize = 32, parentContextCount = 0, hitCount = 171, missCount = 1, failureCount = 0]
2025-08-20T10:32:14.256+05:30 DEBUG 34558 --- [employee_management] [           main] org.springframework.test.context.cache   : Spring test ApplicationContext cache statistics: [DefaultContextCache@5834298c size = 1, maxSize = 32, parentContextCount = 0, hitCount = 172, missCount = 1, failureCount = 0]
2025-08-20T10:32:14.256+05:30 DEBUG 34558 --- [employee_management] [           main] org.springframework.test.context.cache   : Spring test ApplicationContext cache statistics: [DefaultContextCache@5834298c size = 1, maxSize = 32, parentContextCount = 0, hitCount = 173, missCount = 1, failureCount = 0]
2025-08-20T10:32:14.256+05:30 DEBUG 34558 --- [employee_management] [           main] org.hibernate.SQL                        : 
    insert 
    into
        employees
        (created_at, date_of_birth, department, email, first_name, hire_date, last_name, phone_number, position, salary, updated_at, id) 
    values
        (?, ?, ?, ?, ?, ?, ?, ?, ?, ?, ?, default)
Hibernate: 
    insert 
    into
        employees
        (created_at, date_of_birth, department, email, first_name, hire_date, last_name, phone_number, position, salary, updated_at, id) 
    values
        (?, ?, ?, ?, ?, ?, ?, ?, ?, ?, ?, default)
2025-08-20T10:32:14.257+05:30 DEBUG 34558 --- [employee_management] [           main] org.hibernate.SQL                        : 
    insert 
    into
        employees
        (created_at, date_of_birth, department, email, first_name, hire_date, last_name, phone_number, position, salary, updated_at, id) 
    values
        (?, ?, ?, ?, ?, ?, ?, ?, ?, ?, ?, default)
Hibernate: 
    insert 
    into
        employees
        (created_at, date_of_birth, department, email, first_name, hire_date, last_name, phone_number, position, salary, updated_at, id) 
    values
        (?, ?, ?, ?, ?, ?, ?, ?, ?, ?, ?, default)
2025-08-20T10:32:14.257+05:30 DEBUG 34558 --- [employee_management] [           main] org.hibernate.SQL                        : 
    insert 
    into
        employees
        (created_at, date_of_birth, department, email, first_name, hire_date, last_name, phone_number, position, salary, updated_at, id) 
    values
        (?, ?, ?, ?, ?, ?, ?, ?, ?, ?, ?, default)
Hibernate: 
    insert 
    into
        employees
        (created_at, date_of_birth, department, email, first_name, hire_date, last_name, phone_number, position, salary, updated_at, id) 
    values
        (?, ?, ?, ?, ?, ?, ?, ?, ?, ?, ?, default)
2025-08-20T10:32:14.258+05:30 DEBUG 34558 --- [employee_management] [           main] org.springframework.test.context.cache   : Spring test ApplicationContext cache statistics: [DefaultContextCache@5834298c size = 1, maxSize = 32, parentContextCount = 0, hitCount = 174, missCount = 1, failureCount = 0]
2025-08-20T10:32:14.259+05:30 DEBUG 34558 --- [employee_management] [           main] org.hibernate.SQL                        : 
    select
        e1_0.id 
    from
        employees e1_0 
    where
        e1_0.email=? 
    fetch
        first ? rows only
Hibernate: 
    select
        e1_0.id 
    from
        employees e1_0 
    where
        e1_0.email=? 
    fetch
        first ? rows only
2025-08-20T10:32:14.260+05:30 DEBUG 34558 --- [employee_management] [           main] org.hibernate.SQL                        : 
    select
        e1_0.id 
    from
        employees e1_0 
    where
        e1_0.email=? 
    fetch
        first ? rows only
Hibernate: 
    select
        e1_0.id 
    from
        employees e1_0 
    where
        e1_0.email=? 
    fetch
        first ? rows only
2025-08-20T10:32:14.260+05:30 DEBUG 34558 --- [employee_management] [           main] org.springframework.test.context.cache   : Spring test ApplicationContext cache statistics: [DefaultContextCache@5834298c size = 1, maxSize = 32, parentContextCount = 0, hitCount = 175, missCount = 1, failureCount = 0]
2025-08-20T10:32:14.260+05:30 DEBUG 34558 --- [employee_management] [           main] org.springframework.test.context.cache   : Spring test ApplicationContext cache statistics: [DefaultContextCache@5834298c size = 1, maxSize = 32, parentContextCount = 0, hitCount = 176, missCount = 1, failureCount = 0]
2025-08-20T10:32:14.260+05:30 DEBUG 34558 --- [employee_management] [           main] org.springframework.test.context.cache   : Spring test ApplicationContext cache statistics: [DefaultContextCache@5834298c size = 1, maxSize = 32, parentContextCount = 0, hitCount = 177, missCount = 1, failureCount = 0]
2025-08-20T10:32:14.260+05:30 DEBUG 34558 --- [employee_management] [           main] org.springframework.test.context.cache   : Spring test ApplicationContext cache statistics: [DefaultContextCache@5834298c size = 1, maxSize = 32, parentContextCount = 0, hitCount = 178, missCount = 1, failureCount = 0]
2025-08-20T10:32:14.260+05:30 DEBUG 34558 --- [employee_management] [           main] org.springframework.test.context.cache   : Spring test ApplicationContext cache statistics: [DefaultContextCache@5834298c size = 1, maxSize = 32, parentContextCount = 0, hitCount = 179, missCount = 1, failureCount = 0]
2025-08-20T10:32:14.260+05:30 DEBUG 34558 --- [employee_management] [           main] org.springframework.test.context.cache   : Spring test ApplicationContext cache statistics: [DefaultContextCache@5834298c size = 1, maxSize = 32, parentContextCount = 0, hitCount = 180, missCount = 1, failureCount = 0]
2025-08-20T10:32:14.260+05:30 DEBUG 34558 --- [employee_management] [           main] org.springframework.test.context.cache   : Spring test ApplicationContext cache statistics: [DefaultContextCache@5834298c size = 1, maxSize = 32, parentContextCount = 0, hitCount = 181, missCount = 1, failureCount = 0]
2025-08-20T10:32:14.261+05:30 DEBUG 34558 --- [employee_management] [           main] o.s.t.c.transaction.TransactionContext   : Rolled back transaction (1) for test class [com.example.employee_managment.repository.EmployeeRepositoryTest]; test method [testExistsByEmail]
2025-08-20T10:32:14.261+05:30 DEBUG 34558 --- [employee_management] [           main] .c.s.DirtiesContextTestExecutionListener : After test method: class [EmployeeRepositoryTest], method [testExistsByEmail], class annotated with @DirtiesContext [false] with mode [null], method annotated with @DirtiesContext [false] with mode [null]
]]></system-out>
  </testcase>
  <testcase name="testFindEmployeesWithSalaryGreaterThan" classname="com.example.employee_managment.repository.EmployeeRepositoryTest" time="0.008">
    <system-out><![CDATA[2025-08-20T10:32:14.261+05:30 DEBUG 34558 --- [employee_management] [           main] DependencyInjectionTestExecutionListener : Performing dependency injection for test class com.example.employee_managment.repository.EmployeeRepositoryTest
2025-08-20T10:32:14.262+05:30 DEBUG 34558 --- [employee_management] [           main] org.springframework.test.context.cache   : Spring test ApplicationContext cache statistics: [DefaultContextCache@5834298c size = 1, maxSize = 32, parentContextCount = 0, hitCount = 182, missCount = 1, failureCount = 0]
2025-08-20T10:32:14.262+05:30 DEBUG 34558 --- [employee_management] [           main] org.springframework.test.context.cache   : Spring test ApplicationContext cache statistics: [DefaultContextCache@5834298c size = 1, maxSize = 32, parentContextCount = 0, hitCount = 183, missCount = 1, failureCount = 0]
2025-08-20T10:32:14.263+05:30 DEBUG 34558 --- [employee_management] [           main] sContextBeforeModesTestExecutionListener : Before test method: class [EmployeeRepositoryTest], method [testFindEmployeesWithSalaryGreaterThan], class annotated with @DirtiesContext [false] with mode [null], method annotated with @DirtiesContext [false] with mode [null]
2025-08-20T10:32:14.263+05:30 DEBUG 34558 --- [employee_management] [           main] t.c.t.TransactionalTestExecutionListener : Explicit transaction definition [PROPAGATION_REQUIRED,ISOLATION_DEFAULT] found for test class [com.example.employee_managment.repository.EmployeeRepositoryTest] and test method [testFindEmployeesWithSalaryGreaterThan]
2025-08-20T10:32:14.263+05:30 DEBUG 34558 --- [employee_management] [           main] org.springframework.test.context.cache   : Spring test ApplicationContext cache statistics: [DefaultContextCache@5834298c size = 1, maxSize = 32, parentContextCount = 0, hitCount = 184, missCount = 1, failureCount = 0]
2025-08-20T10:32:14.263+05:30 DEBUG 34558 --- [employee_management] [           main] t.c.t.TransactionalTestExecutionListener : No method-level @Rollback override: using default rollback [true] for test method [void com.example.employee_managment.repository.EmployeeRepositoryTest.testFindEmployeesWithSalaryGreaterThan()]
2025-08-20T10:32:14.263+05:30 DEBUG 34558 --- [employee_management] [           main] o.s.t.c.transaction.TransactionContext   : Began transaction (1) for test class [com.example.employee_managment.repository.EmployeeRepositoryTest]; test method [testFindEmployeesWithSalaryGreaterThan]; transaction manager [org.springframework.orm.jpa.JpaTransactionManager@350e3fb4]; rollback [true]
2025-08-20T10:32:14.263+05:30 DEBUG 34558 --- [employee_management] [           main] org.springframework.test.context.cache   : Spring test ApplicationContext cache statistics: [DefaultContextCache@5834298c size = 1, maxSize = 32, parentContextCount = 0, hitCount = 185, missCount = 1, failureCount = 0]
2025-08-20T10:32:14.263+05:30 DEBUG 34558 --- [employee_management] [           main] org.springframework.test.context.cache   : Spring test ApplicationContext cache statistics: [DefaultContextCache@5834298c size = 1, maxSize = 32, parentContextCount = 0, hitCount = 186, missCount = 1, failureCount = 0]
2025-08-20T10:32:14.264+05:30 DEBUG 34558 --- [employee_management] [           main] org.springframework.test.context.cache   : Spring test ApplicationContext cache statistics: [DefaultContextCache@5834298c size = 1, maxSize = 32, parentContextCount = 0, hitCount = 187, missCount = 1, failureCount = 0]
2025-08-20T10:32:14.264+05:30 DEBUG 34558 --- [employee_management] [           main] org.hibernate.SQL                        : 
    insert 
    into
        employees
        (created_at, date_of_birth, department, email, first_name, hire_date, last_name, phone_number, position, salary, updated_at, id) 
    values
        (?, ?, ?, ?, ?, ?, ?, ?, ?, ?, ?, default)
Hibernate: 
    insert 
    into
        employees
        (created_at, date_of_birth, department, email, first_name, hire_date, last_name, phone_number, position, salary, updated_at, id) 
    values
        (?, ?, ?, ?, ?, ?, ?, ?, ?, ?, ?, default)
2025-08-20T10:32:14.265+05:30 DEBUG 34558 --- [employee_management] [           main] org.hibernate.SQL                        : 
    insert 
    into
        employees
        (created_at, date_of_birth, department, email, first_name, hire_date, last_name, phone_number, position, salary, updated_at, id) 
    values
        (?, ?, ?, ?, ?, ?, ?, ?, ?, ?, ?, default)
Hibernate: 
    insert 
    into
        employees
        (created_at, date_of_birth, department, email, first_name, hire_date, last_name, phone_number, position, salary, updated_at, id) 
    values
        (?, ?, ?, ?, ?, ?, ?, ?, ?, ?, ?, default)
2025-08-20T10:32:14.265+05:30 DEBUG 34558 --- [employee_management] [           main] org.hibernate.SQL                        : 
    insert 
    into
        employees
        (created_at, date_of_birth, department, email, first_name, hire_date, last_name, phone_number, position, salary, updated_at, id) 
    values
        (?, ?, ?, ?, ?, ?, ?, ?, ?, ?, ?, default)
Hibernate: 
    insert 
    into
        employees
        (created_at, date_of_birth, department, email, first_name, hire_date, last_name, phone_number, position, salary, updated_at, id) 
    values
        (?, ?, ?, ?, ?, ?, ?, ?, ?, ?, ?, default)
2025-08-20T10:32:14.266+05:30 DEBUG 34558 --- [employee_management] [           main] org.springframework.test.context.cache   : Spring test ApplicationContext cache statistics: [DefaultContextCache@5834298c size = 1, maxSize = 32, parentContextCount = 0, hitCount = 188, missCount = 1, failureCount = 0]
2025-08-20T10:32:14.269+05:30 DEBUG 34558 --- [employee_management] [           main] org.hibernate.SQL                        : 
    select
        e1_0.id,
        e1_0.created_at,
        e1_0.date_of_birth,
        e1_0.department,
        e1_0.email,
        e1_0.first_name,
        e1_0.hire_date,
        e1_0.last_name,
        e1_0.phone_number,
        e1_0.position,
        e1_0.salary,
        e1_0.updated_at 
    from
        employees e1_0 
    where
        e1_0.salary>?
Hibernate: 
    select
        e1_0.id,
        e1_0.created_at,
        e1_0.date_of_birth,
        e1_0.department,
        e1_0.email,
        e1_0.first_name,
        e1_0.hire_date,
        e1_0.last_name,
        e1_0.phone_number,
        e1_0.position,
        e1_0.salary,
        e1_0.updated_at 
    from
        employees e1_0 
    where
        e1_0.salary>?
2025-08-20T10:32:14.270+05:30 DEBUG 34558 --- [employee_management] [           main] org.springframework.test.context.cache   : Spring test ApplicationContext cache statistics: [DefaultContextCache@5834298c size = 1, maxSize = 32, parentContextCount = 0, hitCount = 189, missCount = 1, failureCount = 0]
2025-08-20T10:32:14.270+05:30 DEBUG 34558 --- [employee_management] [           main] org.springframework.test.context.cache   : Spring test ApplicationContext cache statistics: [DefaultContextCache@5834298c size = 1, maxSize = 32, parentContextCount = 0, hitCount = 190, missCount = 1, failureCount = 0]
2025-08-20T10:32:14.270+05:30 DEBUG 34558 --- [employee_management] [           main] org.springframework.test.context.cache   : Spring test ApplicationContext cache statistics: [DefaultContextCache@5834298c size = 1, maxSize = 32, parentContextCount = 0, hitCount = 191, missCount = 1, failureCount = 0]
2025-08-20T10:32:14.270+05:30 DEBUG 34558 --- [employee_management] [           main] org.springframework.test.context.cache   : Spring test ApplicationContext cache statistics: [DefaultContextCache@5834298c size = 1, maxSize = 32, parentContextCount = 0, hitCount = 192, missCount = 1, failureCount = 0]
2025-08-20T10:32:14.270+05:30 DEBUG 34558 --- [employee_management] [           main] org.springframework.test.context.cache   : Spring test ApplicationContext cache statistics: [DefaultContextCache@5834298c size = 1, maxSize = 32, parentContextCount = 0, hitCount = 193, missCount = 1, failureCount = 0]
2025-08-20T10:32:14.270+05:30 DEBUG 34558 --- [employee_management] [           main] org.springframework.test.context.cache   : Spring test ApplicationContext cache statistics: [DefaultContextCache@5834298c size = 1, maxSize = 32, parentContextCount = 0, hitCount = 194, missCount = 1, failureCount = 0]
2025-08-20T10:32:14.270+05:30 DEBUG 34558 --- [employee_management] [           main] org.springframework.test.context.cache   : Spring test ApplicationContext cache statistics: [DefaultContextCache@5834298c size = 1, maxSize = 32, parentContextCount = 0, hitCount = 195, missCount = 1, failureCount = 0]
2025-08-20T10:32:14.270+05:30 DEBUG 34558 --- [employee_management] [           main] o.s.t.c.transaction.TransactionContext   : Rolled back transaction (1) for test class [com.example.employee_managment.repository.EmployeeRepositoryTest]; test method [testFindEmployeesWithSalaryGreaterThan]
2025-08-20T10:32:14.270+05:30 DEBUG 34558 --- [employee_management] [           main] .c.s.DirtiesContextTestExecutionListener : After test method: class [EmployeeRepositoryTest], method [testFindEmployeesWithSalaryGreaterThan], class annotated with @DirtiesContext [false] with mode [null], method annotated with @DirtiesContext [false] with mode [null]
]]></system-out>
  </testcase>
  <testcase name="testFindByDepartmentAndPosition" classname="com.example.employee_managment.repository.EmployeeRepositoryTest" time="0.005">
    <system-out><![CDATA[2025-08-20T10:32:14.271+05:30 DEBUG 34558 --- [employee_management] [           main] DependencyInjectionTestExecutionListener : Performing dependency injection for test class com.example.employee_managment.repository.EmployeeRepositoryTest
2025-08-20T10:32:14.271+05:30 DEBUG 34558 --- [employee_management] [           main] org.springframework.test.context.cache   : Spring test ApplicationContext cache statistics: [DefaultContextCache@5834298c size = 1, maxSize = 32, parentContextCount = 0, hitCount = 196, missCount = 1, failureCount = 0]
2025-08-20T10:32:14.271+05:30 DEBUG 34558 --- [employee_management] [           main] org.springframework.test.context.cache   : Spring test ApplicationContext cache statistics: [DefaultContextCache@5834298c size = 1, maxSize = 32, parentContextCount = 0, hitCount = 197, missCount = 1, failureCount = 0]
2025-08-20T10:32:14.271+05:30 DEBUG 34558 --- [employee_management] [           main] sContextBeforeModesTestExecutionListener : Before test method: class [EmployeeRepositoryTest], method [testFindByDepartmentAndPosition], class annotated with @DirtiesContext [false] with mode [null], method annotated with @DirtiesContext [false] with mode [null]
2025-08-20T10:32:14.271+05:30 DEBUG 34558 --- [employee_management] [           main] t.c.t.TransactionalTestExecutionListener : Explicit transaction definition [PROPAGATION_REQUIRED,ISOLATION_DEFAULT] found for test class [com.example.employee_managment.repository.EmployeeRepositoryTest] and test method [testFindByDepartmentAndPosition]
2025-08-20T10:32:14.271+05:30 DEBUG 34558 --- [employee_management] [           main] org.springframework.test.context.cache   : Spring test ApplicationContext cache statistics: [DefaultContextCache@5834298c size = 1, maxSize = 32, parentContextCount = 0, hitCount = 198, missCount = 1, failureCount = 0]
2025-08-20T10:32:14.271+05:30 DEBUG 34558 --- [employee_management] [           main] t.c.t.TransactionalTestExecutionListener : No method-level @Rollback override: using default rollback [true] for test method [void com.example.employee_managment.repository.EmployeeRepositoryTest.testFindByDepartmentAndPosition()]
2025-08-20T10:32:14.272+05:30 DEBUG 34558 --- [employee_management] [           main] o.s.t.c.transaction.TransactionContext   : Began transaction (1) for test class [com.example.employee_managment.repository.EmployeeRepositoryTest]; test method [testFindByDepartmentAndPosition]; transaction manager [org.springframework.orm.jpa.JpaTransactionManager@350e3fb4]; rollback [true]
2025-08-20T10:32:14.272+05:30 DEBUG 34558 --- [employee_management] [           main] org.springframework.test.context.cache   : Spring test ApplicationContext cache statistics: [DefaultContextCache@5834298c size = 1, maxSize = 32, parentContextCount = 0, hitCount = 199, missCount = 1, failureCount = 0]
2025-08-20T10:32:14.272+05:30 DEBUG 34558 --- [employee_management] [           main] org.springframework.test.context.cache   : Spring test ApplicationContext cache statistics: [DefaultContextCache@5834298c size = 1, maxSize = 32, parentContextCount = 0, hitCount = 200, missCount = 1, failureCount = 0]
2025-08-20T10:32:14.272+05:30 DEBUG 34558 --- [employee_management] [           main] org.springframework.test.context.cache   : Spring test ApplicationContext cache statistics: [DefaultContextCache@5834298c size = 1, maxSize = 32, parentContextCount = 0, hitCount = 201, missCount = 1, failureCount = 0]
2025-08-20T10:32:14.272+05:30 DEBUG 34558 --- [employee_management] [           main] org.hibernate.SQL                        : 
    insert 
    into
        employees
        (created_at, date_of_birth, department, email, first_name, hire_date, last_name, phone_number, position, salary, updated_at, id) 
    values
        (?, ?, ?, ?, ?, ?, ?, ?, ?, ?, ?, default)
Hibernate: 
    insert 
    into
        employees
        (created_at, date_of_birth, department, email, first_name, hire_date, last_name, phone_number, position, salary, updated_at, id) 
    values
        (?, ?, ?, ?, ?, ?, ?, ?, ?, ?, ?, default)
2025-08-20T10:32:14.273+05:30 DEBUG 34558 --- [employee_management] [           main] org.hibernate.SQL                        : 
    insert 
    into
        employees
        (created_at, date_of_birth, department, email, first_name, hire_date, last_name, phone_number, position, salary, updated_at, id) 
    values
        (?, ?, ?, ?, ?, ?, ?, ?, ?, ?, ?, default)
Hibernate: 
    insert 
    into
        employees
        (created_at, date_of_birth, department, email, first_name, hire_date, last_name, phone_number, position, salary, updated_at, id) 
    values
        (?, ?, ?, ?, ?, ?, ?, ?, ?, ?, ?, default)
2025-08-20T10:32:14.274+05:30 DEBUG 34558 --- [employee_management] [           main] org.hibernate.SQL                        : 
    insert 
    into
        employees
        (created_at, date_of_birth, department, email, first_name, hire_date, last_name, phone_number, position, salary, updated_at, id) 
    values
        (?, ?, ?, ?, ?, ?, ?, ?, ?, ?, ?, default)
Hibernate: 
    insert 
    into
        employees
        (created_at, date_of_birth, department, email, first_name, hire_date, last_name, phone_number, position, salary, updated_at, id) 
    values
        (?, ?, ?, ?, ?, ?, ?, ?, ?, ?, ?, default)
2025-08-20T10:32:14.274+05:30 DEBUG 34558 --- [employee_management] [           main] org.springframework.test.context.cache   : Spring test ApplicationContext cache statistics: [DefaultContextCache@5834298c size = 1, maxSize = 32, parentContextCount = 0, hitCount = 202, missCount = 1, failureCount = 0]
2025-08-20T10:32:14.275+05:30 DEBUG 34558 --- [employee_management] [           main] org.hibernate.SQL                        : 
    select
        e1_0.id,
        e1_0.created_at,
        e1_0.date_of_birth,
        e1_0.department,
        e1_0.email,
        e1_0.first_name,
        e1_0.hire_date,
        e1_0.last_name,
        e1_0.phone_number,
        e1_0.position,
        e1_0.salary,
        e1_0.updated_at 
    from
        employees e1_0 
    where
        e1_0.department=? 
        and e1_0.position=?
Hibernate: 
    select
        e1_0.id,
        e1_0.created_at,
        e1_0.date_of_birth,
        e1_0.department,
        e1_0.email,
        e1_0.first_name,
        e1_0.hire_date,
        e1_0.last_name,
        e1_0.phone_number,
        e1_0.position,
        e1_0.salary,
        e1_0.updated_at 
    from
        employees e1_0 
    where
        e1_0.department=? 
        and e1_0.position=?
2025-08-20T10:32:14.275+05:30 DEBUG 34558 --- [employee_management] [           main] org.springframework.test.context.cache   : Spring test ApplicationContext cache statistics: [DefaultContextCache@5834298c size = 1, maxSize = 32, parentContextCount = 0, hitCount = 203, missCount = 1, failureCount = 0]
2025-08-20T10:32:14.276+05:30 DEBUG 34558 --- [employee_management] [           main] org.springframework.test.context.cache   : Spring test ApplicationContext cache statistics: [DefaultContextCache@5834298c size = 1, maxSize = 32, parentContextCount = 0, hitCount = 204, missCount = 1, failureCount = 0]
2025-08-20T10:32:14.276+05:30 DEBUG 34558 --- [employee_management] [           main] org.springframework.test.context.cache   : Spring test ApplicationContext cache statistics: [DefaultContextCache@5834298c size = 1, maxSize = 32, parentContextCount = 0, hitCount = 205, missCount = 1, failureCount = 0]
2025-08-20T10:32:14.276+05:30 DEBUG 34558 --- [employee_management] [           main] org.springframework.test.context.cache   : Spring test ApplicationContext cache statistics: [DefaultContextCache@5834298c size = 1, maxSize = 32, parentContextCount = 0, hitCount = 206, missCount = 1, failureCount = 0]
2025-08-20T10:32:14.276+05:30 DEBUG 34558 --- [employee_management] [           main] org.springframework.test.context.cache   : Spring test ApplicationContext cache statistics: [DefaultContextCache@5834298c size = 1, maxSize = 32, parentContextCount = 0, hitCount = 207, missCount = 1, failureCount = 0]
2025-08-20T10:32:14.276+05:30 DEBUG 34558 --- [employee_management] [           main] org.springframework.test.context.cache   : Spring test ApplicationContext cache statistics: [DefaultContextCache@5834298c size = 1, maxSize = 32, parentContextCount = 0, hitCount = 208, missCount = 1, failureCount = 0]
2025-08-20T10:32:14.276+05:30 DEBUG 34558 --- [employee_management] [           main] org.springframework.test.context.cache   : Spring test ApplicationContext cache statistics: [DefaultContextCache@5834298c size = 1, maxSize = 32, parentContextCount = 0, hitCount = 209, missCount = 1, failureCount = 0]
2025-08-20T10:32:14.276+05:30 DEBUG 34558 --- [employee_management] [           main] o.s.t.c.transaction.TransactionContext   : Rolled back transaction (1) for test class [com.example.employee_managment.repository.EmployeeRepositoryTest]; test method [testFindByDepartmentAndPosition]
2025-08-20T10:32:14.276+05:30 DEBUG 34558 --- [employee_management] [           main] .c.s.DirtiesContextTestExecutionListener : After test method: class [EmployeeRepositoryTest], method [testFindByDepartmentAndPosition], class annotated with @DirtiesContext [false] with mode [null], method annotated with @DirtiesContext [false] with mode [null]
]]></system-out>
  </testcase>
</testsuite>